-9.00 -8.00 9.00
2.68 5.25
-9.00 -3.00 8.00
-9.00 0.00 9.00
2.46 3.60
-8.00 -4.00 9.00
-8.00 -2.00 9.00
-8.00 1.00 9.00
-8.00 3.00 8.00
-7.00 6.00 9.00
2.07 3.18
-5.00 -1.00 9.00
-5.00 2.00 7.00
-5.00 5.00 7.00
-5.00 9.00 8.00
1.47 2.48
-4.00 -5.00 8.00
-4.00 -1.00 9.00
-3.00 0.00 9.00
-3.00 6.00 9.00
-2.00 -6.00 7.00
-2.00 4.00 9.00
0.00 -9.00 8.00
4.14 4.29
0.00 -6.00 8.00
0.00 -4.00 9.00
0.00 -3.00 9.00
0.00 -2.00 9.00
0.00 2.00 9.00
0.00 8.00 9.00
0.00 9.00 9.00
1.23 2.06
1.00 4.00 9.00
1.00 7.00 9.00
2.00 -9.00 9.00
4.09 4.77
2.00 -4.00 8.00
2.00 0.00 9.00
3.00 -9.00 9.00
4.66 5.20
3.00 -7.00 8.00
3.00 4.00 8.00
3.00 6.00 9.00
4.00 -8.00 9.00
4.00 8.00 9.00
5.00 -4.00 9.00
5.00 0.00 9.00
5.00 3.00 9.00
6.00 -6.00 8.00
6.00 -4.00 9.00
6.00 5.00 8.00
6.00 6.00 8.00
6.00 9.00 9.00
0.63 1.91
7.00 -8.00 8.00
7.00 3.00 9.00
7.00 7.00 9.00
8.00 -9.00 8.00
4.61 4.77
8.00 -5.00 9.00
0.00 0.49
6.05 6.28
8.00 0.00 8.00
0.00 0.13
6.18 6.28
8.00 7.00 9.00
0.00 0.94
6.17 6.28
9.00 -9.00 8.00
0.00 0.24
4.65 6.28
9.00 5.00 8.00
0.00 0.12
5.76 6.28
1085.939
