27787
30927
33664
33432
28071
35430
33328
28465
30024
35999
32489
33906
38545
44935
41100
41312
47402
38926
48105
41573
41256
46525
54663
40019
45998
50091
35327
33141
28698
34217
42146
45028
39163
36375
42225
29632
36809
34369
30809
53209
43523
55313
36891
45911
41146
37317
51689
34577
42418
31613
61249
64097
33946
40334
48637
56107
52888
37188
50361
43681
31253
40555
42769
56463
37609
43343
35972
42238
46962
48554
40386
54751
32276
40054
48606
46512
74009
54037
39434
48152
45142
50526
45612
36256
48637
49286
30949
40362
36583
56228
46597
55326
50183
40083
37812
46994
55591
56027
59006
47690
42433
47762
34902
33516
28545
39188
45032
54340
46876
53602
44622
40986
42792
39459
46961
33816
42809
35243
51089
43839
43003
45802
50600
45880
35183
38513
40107
56414
38454
43560
48673
50097
40313
49137
38765
54368
34052
50504
51201
47612
47441
50121
36394
45681
58275
43576
41418
43009
49433
52960
47150
37455
50148
61476
38332
50641
47172
55057
51091
36452
32833
47862
49365
41147
42000
56523
38862
69279
58115
43700
40627
41769
44511
38696
44265
42050
49702
37744
56290
58723
53438
50734
66177
58056
48518
46570
64705
56554
52966
50396
46623
39401
47875
55367
48451
54552
54735
61950
37453
62129
47476
47825
53316
55907
59182
50408
46677
53475
52956
28795
48822
47267
40080
55559
56433
36381
49945
58173
42636
56896
43391
62281
43068
46974
65880
54577
38799
48541
51066
47805
47638
44661
59444
46996
50662
48194
45214
43741
51931
61293
44674
44023
73391
58468
57974
59619
58008
54175
62069
50381
56041
41590
44918
49466
51003
40211
55456
35481
60046
49388
59257
43969
62843
63035
48442
47778
54992
42859
44445
54299
60202
48011
35593
62030
56790
48274
45644
35000
42166
41341
65378
46760
66441
39986
38505
56397
53876
48925
44969
52982
46584
51839
47464
59623
47976
56584
72283
38660
32511
82441
55522
55405
59131
50287
48863
63371
49340
53279
61609
34496
40626
58133
64634
72560
46215
34000
46148
55540
43493
59667
53879
34128
59320
48577
72921
44074
59881
44922
52683
58140
50151
49090
48232
55938
54840
47434
54939
44067
70625
45572
54032
46192
42809
43567
54245
35836
62153
52225
43288
60616
50290
60731
54569
38139
50153
60936
47898
45863
51095
46483
53883
42775
51651
40620
48484
46880
67852
43399
51169
38059
48133
48191
68452
48457
50935
43654
52435
57339
45208
51118
54755
57593
54825
38349
57320
44405
46914
53421
62341
44032
56450
69389
52460
57607
42905
62275
45645
82319
57412
68113
53427
52209
43896
47874
61275
56369
66987
68535
36820
42434
43951
47074
49361
47835
42639
67275
46273
37749
33321
38069
48873
41997
46559
62895
42009
51468
63812
54947
54608
51166
56994
50425
48142
47868
44596
46786
61380
52953
49114
49066
62065
71115
54849
42434
58613
69077
36123
62804
66495
37358
49027
43574
37267
64637
53358
53302
53277
56584
53486
39671
54318
49103
75168
57109
53640
43542
62458
49813
53767
39819
54870
42929
51261
56496
43205
53496
51625
61025
46890
55470
52383
47045
45987
64724
40980
38144
62515
41250
46633
54516
50412
60725
46720
50858
42808
66218
58231
42481
65114
38410
34343
48766
60572
45700
53515
69921
42382
60448
45870
41122
49436
56796
69654
54679
59896
52018
50056
71887
53983
69152
60435
59168
49586
61986
72817
45683
58643
41916
42543
38141
70178
45393
52088
47559
64263
49632
50841
39735
59918
56565
37997
56437
48413
55812
54121
47049
39089
63716
39274
53594
52116
66336
73632
53325
52043
62746
63102
59819
67004
66597
62733
66524
58854
39058
56745
56366
60315
59925
39818
61239
59779
43685
45115
43936
57342
53854
51251
33980
42356
47783
57756
55612
54387
75623
67538
65288
67590
43131
53756
43329
65128
57781
47854
60359
57456
61463
40779
66377
47446
52207
66652
60590
59893
63572
37504
48102
40342
72547
41614
72814
54626
63868
60306
62399
66064
43411
51981
55594
53397
74081
48997
50634
63198
55928
36331
54306
45029
45721
58442
60899
48629
47384
43030
64610
53996
60061
79553
66102
46543
71088
48208
40828
38977
63323
61797
63068
88293
65168
47024
63691
50241
37499
43866
55363
52605
60072
57787
46659
49014
51254
40089
40693
86598
59958
41175
53808
40507
71144
51476
42231
51659
64697
50172
56541
64027
45414
41660
75138
37866
49201
51608
59342
62282
44848
59777
45651
54566
75483
41524
61752
61747
39167
51576
51022
66343
67131
40146
73388
58047
47398
55913
57153
56797
48777
47118
39462
46978
61735
72123
48268
69110
38707
53746
46282
43194
53377
58640
45320
51946
67624
71801
62547
59279
38036
46086
63809
61195
56677
51214
45764
62080
53450
75909
69116
57456
38015
70324
52727
67459
55426
54924
58881
65905
47336
60501
59782
52718
75220
53768
40866
64562
51108
83299
50736
53175
55153
65296
50982
82329
65350
52082
46583
64219
47790
54994
54750
45704
44864
48824
50416
76839
50301
34929
64897
52352
66857
44142
54527
67129
40599
47466
52470
48599
54971
65822
49003
58889
37810
75171
67852
65141
44504
59974
39525
47385
45011
46659
51964
49281
78962
45970
62839
55593
48271
52710
70768
44608
74293
44574
65794
48500
79836
53293
75733
43210
41124
52253
66510
70004
50968
61980
73984
62143
60325
49931
50626
42658
50302
44327
57054
71204
58608
55264
66035
50133
38924
55584
65350
65363
58149
63283
41215
59922
65182
45622
49800
46662
61021
57660
41656
44344
64569
32186
70376
43312
40440
54844
47465
47979
42294
53568
68942
48610
89512
44616
64263
56337
50051
61308
54956
35493
50530
44984
39159
63288
55437
81926
61079
67712
66754
60387
61196
52215
39966
56549
47201
46550
52563
91766
40639
46057
48911
50135
53961
72588
58002
56141
92268
67990
58925
61284
57701
61378
70771
59345
60711
40804
69444
51173
47125
61990
57496
55958
60367
92270
58871
55340
57591
58879
79323
55308
54006
61833
64379
50873
59697
60641
56307
66946
65252
38907
41952
58607
64862
34464
52347
55621
55452
68607
41702
49477
52684
56970
67412
45060
68627
47390
54121
57015
67390
49348
55019
49485
55991
65852
65836
53270
38175
61618
61472
63868
66367
63531
80067
56312
71977
56412
45787
66915
71179
46192
50648
39256
56704
64627
60867
70975
62816
59526
35188
57816
44113
55028
67213
53283
55369
46821
56020
61568
53341
57972
58855
55104
51053
50706
82198
40218
58154
46047
52410
