1 40
2 0
3 4294967256
4 4294967295
5 4294967255
6 4294967295
7 4294967255
8 4294967217
9 4294967256
10 0
11 4294967256
12 4294967217
13 4294967177
14 4294967217
15 4294967257
16 4294967294
17 4294967254
18 4294967215
19 4294967175
20 4294967136
21 4294967176
22 4294967216
23 4294967176
24 4294967214
25 4294967253
26 4294967293
27 4294967255
28 4294967216
29 4294967176
30 4294967136
31 4294967096
32 4294967060
33 4294967100
34 4294967140
35 4294967180
36 4294967219
38 4294967219
39 4294967259
41 4294967257
42 4294967217
44 4294967138
46 4294967139
48 4294967062
51 4294967102
53 4294967023
56 4294967139
59 4294967179
63 4294967179
67 4294967174
72 4294967057
77 4294967019
84 4294966978
91 4294967175
101 4294967173
112 4294966976
126 4294966981
143 4294967101
167 4294967097
201 4294966707
251 4294967020
334 4294966832
501 4294966550
