9465012 4294901500
4732506 4294901046
3155004 4294909829
2366253 4294926499
1893002 4294935732
1577502 4294932197
1352144 4294924313
1183126 4294941523
1051668 4294955759
946501 4294927514
860455 4294931142
788751 4294948587
728077 4294950741
676072 4294957806
631000 4294942332
591563 4294937204
556765 4294940488
525834 4294941559
498158 4294952260
473250 4294957395
450714 4294953621
430227 4294953174
411522 4294951538
394375 4294943570
378600 4294944709
364038 4294945916
350556 4294942771
338036 4294942839
326379 4294948313
315500 4294961072
305322 4294961612
295781 4294962876
286818 4294959937
278382 4294957688
270428 4294953914
262917 4294953143
255811 4294946207
249079 4294948390
242692 4294947876
236625 4294948145
230853 4294946140
225357 4294952021
220116 4294953054
215113 4294955208
210333 4294952433
205761 4294959273
201383 4294956006
197187 4294958914
193163 4294961518
189300 4294962048
185588 4294961791
182019 4294959418
178585 4294960827
175278 4294959337
172091 4294958099
169018 4294959112
166052 4294957189
163189 4294955314
160423 4294953905
157750 4294950491
155164 4294950650
152661 4294950988
150238 4294952457
147890 4294951779
145615 4294952975
143409 4294953786
141268 4294951894
139191 4294952387
137174 4294955137
135214 4294957033
133310 4294955753
131458 4294960002
129657 4294960740
127905 4294964493
126200 4294961162
124539 4294962405
122922 4294963158
121346 4294962900
119810 4294965098
118312 4294963024
116852 4294963005
115426 4294961775
114036 4294962714
112678 4294959115
111353 4294958960
110058 4294958142
108793 4294958657
107556 4294957886
106348 4294957998
105166 4294956742
104011 4294956554
102880 4294954115
101774 4294956218
100691 4294957025
99631 4294955202
98593 4294953633
97577 4294953622
96581 4294951401
95606 4294952236
94650 4294953492
93712 4294955297
92794 4294955461
91893 4294957110
91009 4294959188
90142 4294958647
89292 4294958881
88458 4294959163
87639 4294960482
86834 4294960702
86045 4294962636
85270 4294961564
84509 4294961007
83761 4294960414
83026 4294959552
82304 4294959936
81594 4294960833
80897 4294961842
80211 4294961692
79537 4294963199
78875 4294964179
78223 4294963322
77582 4294964216
76951 4294964022
76330 4294962325
75720 4294962387
75119 4294961388
74527 4294961230
73945 4294961859
73372 4294960663
72807 4294961100
72252 4294960819
71704 4294960885
71165 4294961557
70634 4294961518
70111 4294961680
69595 4294962448
69087 4294962325
68587 4294960593
68093 4294960053
67607 4294960889
67127 4294962573
66655 4294961498
66188 4294960381
65729 4294958986
65275 4294959931
64828 4294958780
64387 4294956667
63952 4294955346
63523 4294956541
63100 4294956823
62682 4294956711
62269 4294955794
61862 4294956181
61461 4294956927
61064 4294956404
60673 4294957157
60286 4294956554
59905 4294955717
59528 4294955610
59156 4294956649
58788 4294957981
58426 4294957733
58067 4294958166
57713 4294959262
57363 4294958468
57018 4294958492
56676 4294960466
56339 4294961844
56005 4294961878
55676 4294962448
55350 4294961568
55029 4294962309
54711 4294962242
54396 4294962606
54085 4294961802
53778 4294961609
53474 4294961461
53174 4294961216
52877 4294962562
52583 4294962620
52292 4294962424
52005 4294963100
51721 4294963649
51440 4294964567
51162 4294964652
50887 4294963592
50615 4294963193
50345 4294962828
50079 4294963574
49815 4294964810
49555 4294965142
49296 4294966446
49041 4294966328
48788 4294966371
48538 4294966675
48290 4294966379
48045 4294965216
47803 4294964972
47562 4294965104
47325 4294965144
47089 4294965139
46856 4294963708
46625 4294964151
46397 4294963769
46170 4294963173
45946 4294962761
45724 4294961746
45504 4294961123
45287 4294960768
45071 4294960617
44857 4294961077
44646 4294961331
44436 4294961713
44229 4294961726
44023 4294960477
43819 4294960330
43617 4294960069
43417 4294959912
43219 4294959041
43022 4294958192
42828 4294958162
42635 4294958214
42444 4294958971
42254 4294959152
42066 4294959056
41880 4294959771
41696 4294960224
41513 4294960064
41331 4294959660
41152 4294959873
40974 4294959696
40797 4294960061
40622 4294960249
40448 4294960173
40276 4294960001
40105 4294960598
39936 4294959633
39768 4294959427
39602 4294958969
39437 4294958693
39273 4294958945
39111 4294959879
38950 4294959517
38791 4294959243
38632 4294959653
38475 4294959902
38319 4294959348
38165 4294959979
38012 4294959584
37860 4294960039
37709 4294960002
37559 4294960777
37411 4294960474
37263 4294961347
37117 4294961446
36972 4294961400
36828 4294961959
36686 4294962877
36544 4294963119
36403 4294962679
36264 4294962547
36126 4294962642
35988 4294962653
35852 4294962337
35717 4294962302
35582 4294962019
35449 4294961818
35317 4294962135
35185 4294962842
35055 4294963075
34926 4294962638
34797 4294962453
34670 4294962666
34543 4294962153
34418 4294963288
34293 4294963262
34169 4294962855
34046 4294963133
33924 4294962360
33803 4294962552
33683 4294962879
33563 4294962531
33445 4294963301
33327 4294963461
33210 4294963182
33094 4294963479
32979 4294963936
32864 4294964522
32750 4294964202
32637 4294964097
32525 4294964418
32414 4294965159
32303 4294965512
32193 4294965671
32084 4294965553
31976 4294966032
31868 4294965550
31761 4294965333
31655 4294965892
31550 4294965538
31445 4294965103
31341 4294964876
31237 4294964571
31134 4294965777
31032 4294965404
30931 4294964830
30830 4294965025
30730 4294964631
30631 4294965051
30532 4294964305
30434 4294963685
30336 4294963353
30239 4294963397
30143 4294963873
30047 4294963966
29952 4294964791
29858 4294964857
29764 4294964463
29670 4294964606
29578 4294964138
29486 4294963817
29394 4294963115
29303 4294963159
29213 4294963078
29123 4294963705
29033 4294962366
28944 4294962646
28856 4294961944
28769 4294962289
28681 4294962461
28595 4294962769
28509 4294963023
28423 4294962719
28338 4294962289
28253 4294961853
28169 4294961872
28086 4294961646
28002 4294961728
27920 4294962196
27838 4294962660
27756 4294962738
27675 4294962868
27594 4294962585
27514 4294962267
27434 4294962104
27355 4294961816
27276 4294962018
27198 4294961772
27120 4294961528
27042 4294961925
26965 4294961654
26889 4294961415
26813 4294961334
26737 4294961802
26662 4294962323
26587 4294962531
26512 4294962186
26438 4294961485
26364 4294961417
26291 4294961379
26218 4294961580
26146 4294961333
26074 4294961397
26002 4294961003
25931 4294960969
25860 4294961001
25790 4294960516
25720 4294960592
25650 4294960736
25581 4294960857
25512 4294961522
25443 4294961808
25375 4294961645
25307 4294961563
25240 4294961360
25172 4294961829
25106 4294961982
25039 4294961687
24973 4294961306
24907 4294961070
24842 4294961258
24777 4294961132
24712 4294960923
24648 4294960450
24584 4294960213
24520 4294960295
24457 4294960016
24394 4294960447
24331 4294960577
24269 4294960180
24207 4294960328
24145 4294960556
24084 4294961002
24022 4294961329
23962 4294961423
23901 4294961379
23841 4294961293
23781 4294961689
23721 4294961621
23662 4294961967
23603 4294961451
23544 4294961882
23486 4294962108
23428 4294962338
23370 4294962089
23312 4294962249
23255 4294962690
23198 4294962486
23141 4294962531
23085 4294962605
23029 4294962539
22973 4294962616
22917 4294963233
22862 4294963276
22807 4294963229
22752 4294963498
22697 4294963848
22643 4294964010
22589 4294964079
22535 4294964080
22482 4294963727
22428 4294963504
22375 4294963087
22323 4294963170
22270 4294963292
22218 4294962976
22166 4294963129
22114 4294962986
22062 4294963455
22011 4294964052
21960 4294963928
21909 4294964115
21859 4294963962
21808 4294964017
21758 4294964095
21708 4294963943
21659 4294964066
21609 4294964383
21560 4294964821
21511 4294965109
21462 4294965087
21414 4294964932
21365 4294965058
21317 4294965452
21269 4294965451
21222 4294964931
21174 4294965402
21127 4294965592
21080 4294966113
21033 4294965690
20986 4294965423
20940 4294965654
20894 4294965662
20848 4294965359
20802 4294965748
20756 4294965585
20711 4294965865
20665 4294965950
20620 4294965746
20576 4294965658
20531 4294965467
20487 4294965308
20442 4294965335
20398 4294965339
20354 4294965194
20311 4294965306
20267 4294965144
20224 4294965183
20181 4294965063
20138 4294965268
20095 4294965229
20052 4294965035
20010 4294965114
19968 4294965822
19926 4294965736
19884 4294966199
19842 4294966352
19801 4294966305
19759 4294966699
19718 4294966661
19677 4294966776
19636 4294966406
19596 4294966175
19555 4294965822
19515 4294965821
19475 4294966072
19435 4294966222
19395 4294966306
19355 4294966078
19316 4294966045
19277 4294965934
19237 4294965467
19198 4294966129
19159 4294965703
19121 4294965876
19082 4294965434
19044 4294965445
19006 4294965220
18967 4294965098
18930 4294964752
18892 4294964507
18854 4294964264
18817 4294963900
18779 4294963511
18742 4294963700
18705 4294963812
18668 4294963614
18631 4294963013
18595 4294963005
18558 4294963032
18522 4294963185
18486 4294963115
18450 4294963125
18414 4294963033
18378 4294962726
18343 4294962384
18307 4294962698
18272 4294962259
18237 4294962771
18201 4294962862
18167 4294962856
18132 4294962749
18097 4294962780
18063 4294962931
18028 4294963360
17994 4294963279
17960 4294963822
17926 4294963751
17892 4294963674
17858 4294963431
17824 4294963432
17791 4294963322
17757 4294963327
17724 4294963676
17691 4294963399
17658 4294963126
17625 4294962689
17592 4294962647
17560 4294962496
17527 4294962377
17495 4294962459
17463 4294962614
17430 4294962413
17398 4294962486
17366 4294962632
17335 4294962427
17303 4294962436
17271 4294962593
17240 4294962086
17209 4294961810
17177 4294961966
17146 4294961840
17115 4294961804
17084 4294962082
17054 4294961683
17023 4294961640
16992 4294961994
16962 4294962389
16932 4294962079
16901 4294962434
16871 4294962431
16841 4294962106
16811 4294962648
16781 4294962795
16752 4294962441
16722 4294962210
16693 4294962245
16663 4294962101
16634 4294961917
16605 4294962105
16576 4294961909
16547 4294961719
16518 4294961761
16489 4294961946
16460 4294961590
16432 4294961510
16403 4294961550
16375 4294961716
16347 4294961712
16318 4294961584
16290 4294961662
16262 4294961825
16235 4294961712
16207 4294961717
16179 4294961719
16151 4294961558
16124 4294961752
16096 4294961756
16069 4294961879
16042 4294962156
16015 4294962116
15988 4294962163
15961 4294962214
15934 4294962410
15907 4294962215
15880 4294961939
15854 4294961864
15827 4294961504
15801 4294961590
15775 4294961900
15748 4294961936
15722 4294962325
15696 4294962013
15670 4294962156
15644 4294962470
15618 4294962787
15593 4294962511
15567 4294962522
15541 4294962673
15516 4294962866
15491 4294963061
15465 4294963206
15440 4294963252
15415 4294963369
15390 4294963320
15365 4294963356
15340 4294963171
15315 4294963448
15290 4294963566
15266 4294963962
15241 4294964001
15217 4294964232
15192 4294964283
15168 4294964362
15144 4294964205
15119 4294964393
15095 4294964071
15071 4294964149
15047 4294964296
15023 4294964301
15000 4294964099
14976 4294963706
14952 4294963626
14929 4294963594
14905 4294963748
14882 4294963712
14858 4294963793
14835 4294963682
14812 4294963727
14789 4294963999
14766 4294963885
14743 4294964006
14720 4294964285
14697 4294964471
14674 4294964423
14651 4294964382
14629 4294964461
14606 4294964349
14583 4294964084
14561 4294964075
14539 4294964556
14516 4294964983
14494 4294964979
14472 4294964742
14450 4294964980
14428 4294965212
14406 4294965137
14384 4294965143
14362 4294964902
14340 4294965055
14319 4294965272
14297 4294965115
14276 4294965394
14254 4294965307
14233 4294965342
14211 4294965421
14190 4294965453
14169 4294965337
14148 4294965374
14126 4294965536
14105 4294965491
14084 4294965362
14063 4294965337
14043 4294965500
14022 4294965536
14001 4294965495
13980 4294965379
13960 4294965216
13939 4294964941
13919 4294964786
13898 4294964824
13878 4294964908
13857 4294965261
13837 4294965181
13817 4294964953
13797 4294965026
13777 4294965344
13757 4294965346
13737 4294964952
13717 4294965352
13697 4294965349
13677 4294965440
13658 4294965478
13638 4294965235
13618 4294965239
13599 4294965285
13579 4294965368
13560 4294965164
13540 4294965003
13521 4294964964
13502 4294964838
13482 4294964918
13463 4294964957
13444 4294965002
13425 4294964884
13406 4294965085
13387 4294964890
13368 4294964611
13349 4294964649
13331 4294964647
13312 4294964760
13293 4294964556
13274 4294964824
13256 4294964746
13237 4294965097
13219 4294965097
13200 4294965206
13182 4294965212
13164 4294965366
13145 4294965327
13127 4294965319
13109 4294965241
13091 4294965165
13073 4294965171
13055 4294964937
13037 4294964864
13019 4294965017
13001 4294965178
12983 4294965260
12965 4294965498
12948 4294965304
12930 4294965381
12912 4294965547
12895 4294965667
12877 4294965669
12860 4294965636
12842 4294965719
12825 4294965606
12807 4294965685
12790 4294965881
12773 4294965608
12756 4294965414
12738 4294965493
12721 4294965365
12704 4294965474
12687 4294965288
12670 4294965408
12653 4294965448
12636 4294965645
12620 4294965257
12603 4294965057
12586 4294965016
12569 4294965052
12553 4294965060
12536 4294965266
12519 4294965072
12503 4294965227
12486 4294965503
12470 4294965734
12453 4294965619
12437 4294965464
12421 4294965462
12404 4294965430
12388 4294965346
12372 4294965356
12356 4294965274
12340 4294965506
12324 4294965588
12308 4294965674
12292 4294965510
12276 4294965501
12260 4294965347
12244 4294965354
12228 4294965430
12212 4294965503
12197 4294965312
12181 4294965072
12165 4294965064
12150 4294965101
12134 4294965180
12119 4294964910
12103 4294964989
12088 4294965195
12072 4294965037
12057 4294964990
12042 4294964872
12026 4294964946
12011 4294964746
11996 4294965015
11981 4294964976
11965 4294965139
11950 4294965180
11935 4294965226
11920 4294965351
11905 4294965153
11890 4294965032
11875 4294965069
11860 4294965263
11846 4294965261
11831 4294965231
11816 4294965430
11801 4294965631
11787 4294965555
11772 4294965601
11757 4294965247
11743 4294965169
11728 4294964892
11714 4294964731
11699 4294964854
11685 4294964778
11670 4294964893
11656 4294964735
11642 4294964570
11627 4294964372
11613 4294964454
11599 4294964455
11585 4294964533
11570 4294964493
11556 4294964098
11542 4294964177
11528 4294964099
11514 4294964330
11500 4294964330
11486 4294964413
11472 4294964179
11458 4294963945
11444 4294963942
11431 4294963902
11417 4294963908
11403 4294963990
11389 4294964072
11376 4294963793
11362 4294963633
11348 4294963555
11335 4294963512
11321 4294963515
11308 4294963635
11294 4294963322
11281 4294963282
11267 4294963281
11254 4294963392
11241 4294963355
11227 4294963430
11214 4294963465
11201 4294963658
11187 4294963652
11174 4294963450
11161 4294963494
11148 4294963692
11135 4294963567
11122 4294963686
11109 4294963727
11096 4294963450
11083 4294963494
11070 4294963765
11057 4294963882
11044 4294963918
11031 4294963725
11018 4294963529
11005 4294963324
10993 4294963559
10980 4294963446
10967 4294963410
10954 4294963293
10942 4294963523
10929 4294963492
10916 4294963606
10904 4294963603
10891 4294963405
10879 4294963481
10866 4294963518
10854 4294963679
10841 4294963636
10829 4294963711
10817 4294963476
10804 4294963277
10792 4294963354
10780 4294963357
10767 4294963393
10755 4294963391
10743 4294963537
10731 4294963697
10719 4294963696
10707 4294963775
10694 4294963736
10682 4294963892
10670 4294963501
10658 4294963575
10646 4294963737
10634 4294963732
10622 4294963973
10611 4294963937
10599 4294963934
10587 4294963939
10575 4294963777
10563 4294963700
10551 4294963694
10540 4294963491
10528 4294963724
10516 4294963640
10505 4294963759
10493 4294963989
10481 4294963913
10470 4294963720
10458 4294963794
10447 4294963834
10435 4294963912
10424 4294963948
10412 4294963787
10401 4294963432
10389 4294963357
10378 4294963319
10366 4294963315
10355 4294963276
10344 4294963155
10332 4294963309
10321 4294963275
10310 4294963391
10299 4294963356
10288 4294963317
10276 4294963392
10265 4294963352
10254 4294963549
10243 4294963592
10232 4294963327
10221 4294963444
10210 4294963245
10199 4294963364
10188 4294963481
10177 4294963597
10166 4294963559
10155 4294963601
10144 4294963639
10133 4294963762
10123 4294963922
10112 4294963644
10101 4294963766
10090 4294963884
10079 4294963918
10069 4294963604
10058 4294963648
10047 4294963759
10037 4294963754
10026 4294963554
10015 4294963513
10005 4294963674
9994 4294963320
9984 4294963005
9973 4294962889
9963 4294962891
9952 4294962777
9942 4294962702
9931 4294962505
9921 4294962663
9911 4294962510
9900 4294962628
9890 4294962390
9879 4294962352
9869 4294962511
9859 4294962351
9849 4294962425
9838 4294962307
9828 4294962467
9818 4294962472
9808 4294962550
9798 4294962628
9788 4294962624
9777 4294962823
9767 4294962668
9757 4294962742
9747 4294962739
9737 4294962816
9727 4294962668
9717 4294962902
9707 4294962982
9697 4294962984
9687 4294963219
9677 4294963455
9668 4294963497
9658 4294963410
9648 4294963410
9638 4294963487
9628 4294963642
9618 4294963797
9609 4294963677
9599 4294963529
9589 4294963605
9579 4294963759
9570 4294963715
9560 4294963631
9550 4294963712
9541 4294963753
9531 4294963829
9522 4294963789
9512 4294963945
9503 4294963899
9493 4294963904
9483 4294963978
9474 4294964095
9465 4294964207
9455 4294964289
9446 4294964330
9436 4294964405
9427 4294964447
9417 4294964532
9408 4294964573
9399 4294964688
9389 4294964842
9380 4294964645
9371 4294964692
9362 4294964655
9352 4294964656
9343 4294964697
9334 4294964814
9325 4294964697
9315 4294964858
9306 4294964817
9297 4294964619
9288 4294964663
9279 4294964707
9270 4294964666
9261 4294964709
9252 4294964750
9243 4294964860
9234 4294964898
9225 4294964932
9216 4294964894
9207 4294964944
9198 4294965138
9189 4294965254
9180 4294965448
9171 4294965562
9162 4294965286
9153 4294965484
9144 4294965604
9136 4294965687
9127 4294965722
9118 4294965529
9109 4294965566
9100 4294965604
9092 4294965525
9083 4294965570
9074 4294965605
9066 4294965681
9057 4294965880
9048 4294965687
9040 4294965686
9031 4294965570
9022 4294965378
9014 4294965457
9005 4294965494
8997 4294965575
8988 4294965463
8980 4294965385
8971 4294965579
8963 4294965660
8954 4294965785
8946 4294965784
8937 4294965905
8929 4294965908
8920 4294965872
8912 4294965788
8904 4294965863
8895 4294965820
8887 4294965739
8878 4294965773
8870 4294965697
8862 4294965702
8854 4294965621
8845 4294965741
8837 4294965743
8829 4294965897
8821 4294966134
8812 4294966096
8804 4294966174
8796 4294966177
8788 4294966095
8780 4294966250
8772 4294966175
8763 4294966210
8755 4294966214
8747 4294966288
8739 4294966209
8731 4294966293
8723 4294966294
8715 4294966375
8707 4294966214
8699 4294966302
8691 4294966307
8683 4294966232
8675 4294966313
8667 4294966317
8659 4294966317
8651 4294966312
8643 4294966231
8635 4294966237
8628 4294966356
8620 4294966433
8612 4294966431
8604 4294966514
8596 4294966595
8588 4294966519
8581 4294966481
8573 4294966485
8565 4294966562
8557 4294966646
8550 4294966527
8542 4294966443
8534 4294966601
8527 4294966566
8519 4294966646
8511 4294966729
8504 4294966526
8496 4294966370
8488 4294966288
8481 4294966090
8473 4294966165
8466 4294966202
8458 4294965966
8450 4294965965
8443 4294966170
8435 4294966326
8428 4294966368
8420 4294966528
8413 4294966492
8405 4294966177
8398 4294965980
8390 4294965983
8383 4294966177
8376 4294966216
8368 4294966217
8361 4294966413
8353 4294966333
8346 4294966218
8339 4294966252
8331 4294966249
8324 4294966365
8317 4294966398
8309 4294966398
8302 4294966282
8295 4294966320
8288 4294966283
8280 4294966361
8273 4294966397
8266 4294966518
8259 4294966475
8251 4294966320
8244 4294966124
8237 4294966326
8230 4294966523
8223 4294966488
8216 4294966528
8209 4294966566
8201 4294966570
8194 4294966452
8187 4294966402
8180 4294966280
8173 4294966245
8166 4294966286
8159 4294966330
8152 4294966287
8145 4294966169
8138 4294966046
8131 4294965850
8124 4294965880
8117 4294965842
8110 4294966038
8103 4294965999
8096 4294965962
8089 4294965998
8082 4294966116
8075 4294966001
8069 4294965922
8062 4294965887
8055 4294965924
8048 4294965883
8041 4294965917
8034 4294965879
8028 4294965723
8021 4294965601
8014 4294965640
8007 4294965680
8000 4294965560
7994 4294965474
7987 4294965511
7980 4294965624
7973 4294965349
7967 4294965424
7960 4294965463
7953 4294965582
7947 4294965743
7940 4294965860
7933 4294965812
7927 4294965814
7920 4294965935
7913 4294965977
7907 4294965818
7900 4294965855
7894 4294965776
7887 4294965659
7880 4294965781
7874 4294965782
7867 4294965828
7861 4294965750
7854 4294965703
7848 4294965625
7841 4294965668
7835 4294965514
7828 4294965474
7822 4294965397
7815 4294965359
7809 4294965200
7802 4294965323
7796 4294965401
7790 4294965399
7783 4294965437
7777 4294965278
7770 4294965163
7764 4294965164
7758 4294965088
7751 4294964972
7745 4294964969
7739 4294964896
7732 4294964858
7726 4294965013
7720 4294964935
7713 4294964974
7707 4294964818
7701 4294964820
7695 4294964824
7688 4294964867
7682 4294965025
7676 4294965176
7670 4294965254
7663 4294965213
7657 4294965135
7651 4294965136
7645 4294964981
7639 4294964982
7633 4294964983
7626 4294964859
7620 4294964862
7614 4294964786
7608 4294964710
7602 4294964866
7596 4294964863
7590 4294964861
7584 4294964864
7578 4294964942
7572 4294964946
7565 4294964831
7559 4294964834
7553 4294964913
7547 4294964998
7541 4294965075
7535 4294965157
7529 4294965002
7523 4294965006
7517 4294965002
7511 4294965001
7505 4294965158
7500 4294965122
7494 4294965200
7488 4294965279
7482 4294965433
7476 4294965357
7470 4294965434
7464 4294965512
7458 4294965510
7452 4294965354
7446 4294965354
7441 4294965391
7435 4294965387
7429 4294965388
7423 4294965384
7417 4294965303
7411 4294965306
7406 4294965422
7400 4294965184
7394 4294965104
7388 4294965107
7383 4294965224
7377 4294965144
7371 4294965064
7365 4294965065
7360 4294964947
7354 4294964873
7348 4294964797
7342 4294964721
7337 4294964602
7331 4294964760
7325 4294964843
7320 4294964961
7314 4294964726
7308 4294964643
7303 4294964762
7297 4294964919
7291 4294964992
7286 4294964879
7280 4294964959
7275 4294964917
7269 4294964760
7264 4294964640
7258 4294964487
7252 4294964568
7247 4294964528
7241 4294964606
7236 4294964644
7230 4294964481
7225 4294964363
7219 4294964365
7214 4294964249
7208 4294964247
7203 4294964444
7197 4294964517
7192 4294964398
7186 4294964478
7181 4294964437
7175 4294964360
7170 4294964321
7165 4294964192
7159 4294964189
7154 4294964306
7148 4294964229
7143 4294964187
7138 4294964067
7132 4294963912
7127 4294963874
7121 4294963953
7116 4294963837
7111 4294963716
7105 4294963794
7100 4294963762
7095 4294963722
7089 4294963641
7084 4294963758
7079 4294963718
7074 4294963758
7068 4294963752
7063 4294963634
7058 4294963515
7052 4294963438
7047 4294963400
7042 4294963365
7037 4294963478
7031 4294963395
7026 4294963277
7021 4294963313
7016 4294963352
7011 4294963393
7005 4294963391
7000 4294963353
6995 4294963390
6990 4294963431
6985 4294963470
6980 4294963512
6974 4294963587
6969 4294963626
6964 4294963747
6959 4294963942
6954 4294963983
6949 4294963942
6944 4294964141
6939 4294964018
6934 4294963902
6928 4294963821
6923 4294963778
6918 4294963895
6913 4294964014
6908 4294964048
6903 4294964011
6898 4294963893
6893 4294963852
6888 4294963732
6883 4294963696
6878 4294963652
6873 4294963847
6868 4294963889
6863 4294963768
6858 4294963808
6853 4294963928
6848 4294963969
6843 4294963924
6838 4294963962
6833 4294964001
6829 4294964082
6824 4294964122
6819 4294964084
6814 4294964120
6809 4294964079
6804 4294964037
6799 4294964078
6794 4294963958
6789 4294964076
6784 4294964194
6780 4294964120
6775 4294964083
6770 4294964201
6765 4294964238
6760 4294964278
6755 4294964240
6751 4294964244
6746 4294964203
6741 4294964161
6736 4294964123
6731 4294964161
6727 4294964159
6722 4294964195
6717 4294964230
6712 4294964191
6708 4294964113
6703 4294964150
6698 4294964269
6693 4294964307
6689 4294964308
6684 4294964423
6679 4294964462
6674 4294964501
6670 4294964504
6665 4294964461
6660 4294964423
6656 4294964424
6651 4294964473
6646 4294964588
6642 4294964589
6637 4294964395
6632 4294964435
6628 4294964357
6623 4294964321
6618 4294964202
6614 4294964126
6609 4294964085
6605 4294964009
6600 4294963970
6595 4294964008
6591 4294963923
6586 4294963807
6582 4294963809
6577 4294963849
6572 4294963971
6568 4294964051
6563 4294964015
6559 4294964098
6554 4294963979
6550 4294964137
6545 4294964257
6541 4294964253
6536 4294964212
6532 4294964132
6527 4294964247
6523 4294964247
6518 4294964365
6514 4294964286
6509 4294964249
6505 4294964170
6500 4294964128
6496 4294964049
6491 4294964086
6487 4294964009
6482 4294963888
6478 4294964045
6474 4294964125
6469 4294964166
6465 4294964167
6460 4294964203
6456 4294964122
6451 4294964161
6447 4294964243
6443 4294964322
6438 4294964204
6434 4294964202
6430 4294964118
6425 4294964159
6421 4294964157
6416 4294964196
6412 4294964272
6408 4294964273
6403 4294964154
6399 4294964001
6395 4294964157
6390 4294964195
6386 4294964273
6382 4294964270
6378 4294964348
6373 4294964308
6369 4294964309
6365 4294964393
6360 4294964355
6356 4294964358
6352 4294964360
6348 4294964358
6343 4294964473
6339 4294964394
6335 4294964389
6331 4294964388
6326 4294964347
6322 4294964347
6318 4294964271
6314 4294964426
6310 4294964424
6305 4294964544
6301 4294964628
6297 4294964787
6293 4294964709
6289 4294964710
6284 4294964753
6280 4294964673
6276 4294964751
6272 4294964672
6268 4294964826
6264 4294964905
6259 4294964944
6255 4294964867
6251 4294964868
6247 4294964870
6243 4294964792
6239 4294964637
6235 4294964559
6231 4294964637
6226 4294964676
6222 4294964753
6218 4294964753
6214 4294964755
6210 4294964914
6206 4294964831
6202 4294964990
6198 4294964993
6194 4294965072
6190 4294965069
6186 4294965068
6182 4294964992
6178 4294964991
6174 4294964916
6170 4294964918
6166 4294964916
6162 4294964838
6158 4294964755
6154 4294964672
6150 4294964754
6146 4294964833
6142 4294964843
6138 4294964844
6134 4294965000
6130 4294965079
6126 4294965078
6122 4294965235
6118 4294965233
6114 4294965074
6110 4294965079
6106 4294964920
6102 4294964918
6098 4294965075
6094 4294965078
6090 4294965236
6086 4294965238
6082 4294965239
6079 4294965124
6075 4294965203
6071 4294965201
6067 4294965123
6063 4294965121
6059 4294965280
6055 4294965281
6051 4294965362
6047 4294965357
6044 4294965317
6040 4294965316
6036 4294965315
6032 4294965316
6028 4294965318
6024 4294965319
6021 4294965277
6017 4294965198
6013 4294965204
6009 4294965283
6005 4294965285
6001 4294965127
5998 4294965010
5994 4294965009
5990 4294964930
5986 4294964931
5982 4294965006
5979 4294965125
5975 4294964968
5971 4294965126
5967 4294965043
5964 4294965081
5960 4294965080
5956 4294965079
5952 4294965238
5949 4294965202
5945 4294965280
5941 4294965282
5937 4294965280
5934 4294965163
5930 4294965161
5926 4294965164
5923 4294965124
5919 4294965199
5915 4294965198
5911 4294965118
5908 4294964998
5904 4294964919
5900 4294965076
5897 4294965115
5893 4294965194
5889 4294965035
5886 4294965147
5882 4294965304
5878 4294965462
5875 4294965422
5871 4294965341
5867 4294965500
5864 4294965540
5860 4294965622
5857 4294965661
5853 4294965657
5849 4294965657
5846 4294965695
5842 4294965776
5838 4294965780
5835 4294965739
5831 4294965734
5828 4294965696
5824 4294965776
5821 4294965820
5817 4294965898
5813 4294965899
5810 4294966018
5806 4294966015
5803 4294966052
5799 4294966054
5796 4294966094
5792 4294966015
5788 4294965939
5785 4294966057
5781 4294966136
5778 4294966255
5774 4294966255
5771 4294966214
5767 4294966291
5764 4294966172
5760 4294966173
5757 4294966059
5753 4294966058
5750 4294966017
5746 4294966016
5743 4294966054
5739 4294966212
5736 4294966252
5732 4294966409
5729 4294966368
5725 4294966372
5722 4294966333
5719 4294966215
5715 4294966374
5712 4294966255
5708 4294966412
5705 4294966372
5701 4294966370
5698 4294966331
5694 4294966328
5691 4294966367
5688 4294966487
5684 4294966488
5681 4294966607
5677 4294966689
5674 4294966727
5671 4294966689
5667 4294966687
5664 4294966647
5660 4294966644
5657 4294966605
5654 4294966643
5650 4294966802
5647 4294966840
5644 4294966880
5640 4294966879
5637 4294966841
5633 4294966762
5630 4294966650
5627 4294966689
5623 4294966690
5620 4294966810
5617 4294966770
5613 4294966693
5610 4294966574
5607 4294966536
5603 4294966458
5600 4294966338
5597 4294966223
5593 4294966222
5590 4294966340
5587 4294966225
5584 4294966184
5580 4294966181
5577 4294966062
5574 4294966100
5570 4294966180
5567 4294966225
5564 4294966106
5561 4294966145
5557 4294966223
5554 4294966264
5551 4294966300
5548 4294966339
5544 4294966339
5541 4294966377
5538 4294966258
5535 4294966221
5531 4294966140
5528 4294966180
5525 4294966143
5522 4294966183
5518 4294966340
5515 4294966380
5512 4294966340
5509 4294966378
5506 4294966415
5502 4294966421
5499 4294966383
5496 4294966264
5493 4294966382
5490 4294966420
5486 4294966496
5483 4294966457
5480 4294966495
5477 4294966533
5474 4294966495
5471 4294966379
5467 4294966458
5464 4294966498
5461 4294966459
5458 4294966340
5455 4294966303
5452 4294966341
5449 4294966303
5445 4294966381
5442 4294966499
5439 4294966544
5436 4294966505
5433 4294966464
5430 4294966502
5427 4294966383
5424 4294966341
5420 4294966344
5417 4294966384
5414 4294966347
5411 4294966386
5408 4294966425
5405 4294966461
5402 4294966422
5399 4294966384
5396 4294966424
5393 4294966385
5390 4294966501
5387 4294966461
5383 4294966463
5380 4294966502
5377 4294966463
5374 4294966352
5371 4294966235
5368 4294966195
5365 4294966153
5362 4294966192
5359 4294966155
5356 4294966035
5353 4294965995
5350 4294966033
5347 4294965915
5344 4294965951
5341 4294965915
5338 4294965953
5335 4294966070
5332 4294966110
5329 4294965991
5326 4294965949
5323 4294965908
5320 4294965948
5317 4294965832
5314 4294965713
5311 4294965668
5308 4294965707
5305 4294965826
5302 4294965788
5299 4294965828
5296 4294965868
5293 4294965905
5290 4294965943
5287 4294965906
5284 4294965946
5281 4294966064
5278 4294966108
5275 4294966067
5272 4294966107
5270 4294966109
5267 4294965990
5264 4294965873
5261 4294965836
5258 4294965797
5255 4294965759
5252 4294965799
5249 4294965682
5246 4294965569
5243 4294965608
5240 4294965567
5237 4294965682
5235 4294965761
5232 4294965801
5229 4294965844
5226 4294965884
5223 4294965767
5220 4294965727
5217 4294965608
5214 4294965652
5212 4294965572
5209 4294965613
5206 4294965575
5203 4294965694
5200 4294965732
5197 4294965769
5194 4294965730
5191 4294965768
5189 4294965688
5186 4294965727
5183 4294965692
5180 4294965652
5177 4294965771
5174 4294965732
5172 4294965732
5169 4294965693
5166 4294965656
5163 4294965694
5160 4294965654
5158 4294965656
5155 4294965617
5152 4294965657
5149 4294965694
5146 4294965655
5144 4294965733
5141 4294965695
5138 4294965655
5135 4294965618
5132 4294965738
5130 4294965737
5127 4294965621
5124 4294965583
5121 4294965622
5118 4294965732
5116 4294965812
5113 4294965771
5110 4294965733
5107 4294965772
5105 4294965772
5102 4294965730
5099 4294965691
5096 4294965651
5094 4294965573
5091 4294965455
5088 4294965415
5085 4294965451
5083 4294965373
5080 4294965492
5077 4294965450
5075 4294965452
5072 4294965493
5069 4294965529
5066 4294965489
5064 4294965489
5061 4294965447
5058 4294965566
5056 4294965487
5053 4294965523
5050 4294965484
5048 4294965483
5045 4294965445
5042 4294965405
5039 4294965289
5037 4294965369
5034 4294965488
5031 4294965526
5029 4294965527
5026 4294965408
5023 4294965373
5021 4294965376
5018 4294965417
5015 4294965379
5013 4294965459
5010 4294965499
5007 4294965536
5005 4294965456
5002 4294965495
5000 4294965495
4997 4294965611
4994 4294965648
4992 4294965728
4989 4294965842
4986 4294965803
4984 4294965724
4981 4294965842
4978 4294965801
4976 4294965802
4973 4294965918
4971 4294965919
4968 4294965879
4965 4294965997
4963 4294965998
4960 4294966037
4958 4294966034
4955 4294966153
4952 4294966113
4950 4294966115
4947 4294966154
4945 4294966154
4942 4294966197
4939 4294966313
4937 4294966313
4934 4294966275
4932 4294966275
4929 4294966314
4927 4294966319
4924 4294966358
4922 4294966436
4919 4294966478
4916 4294966518
4914 4294966517
4911 4294966554
4909 4294966554
4906 4294966515
4904 4294966516
4901 4294966478
4899 4294966478
4896 4294966518
4894 4294966522
4891 4294966561
4888 4294966521
4886 4294966521
4883 4294966560
4881 4294966480
4878 4294966443
4876 4294966444
4873 4294966403
4871 4294966325
4868 4294966444
4866 4294966443
4863 4294966556
4861 4294966476
4858 4294966440
4856 4294966440
4853 4294966402
4851 4294966401
4848 4294966361
4846 4294966284
4843 4294966165
4841 4294966086
4838 4294965968
4836 4294965968
4834 4294965967
4831 4294965853
4829 4294965933
4826 4294965814
4824 4294965893
4821 4294965855
4819 4294965776
4816 4294965736
4814 4294965660
4811 4294965701
4809 4294965621
4807 4294965623
4804 4294965740
4802 4294965739
4799 4294965851
4797 4294965851
4794 4294965813
4792 4294965813
4789 4294965775
4787 4294965776
4785 4294965776
4782 4294965739
4780 4294965739
4777 4294965697
4775 4294965695
4773 4294965694
4770 4294965733
4768 4294965732
4765 4294965696
4763 4294965617
4761 4294965537
4758 4294965500
4756 4294965420
4753 4294965381
4751 4294965383
4749 4294965461
4746 4294965420
4744 4294965420
4741 4294965303
4739 4294965302
4737 4294965302
4734 4294965188
4732 4294965189
4730 4294965268
4727 4294965306
4725 4294965306
4723 4294965307
4720 4294965427
4718 4294965351
4716 4294965351
4713 4294965390
4711 4294965388
4708 4294965268
4706 4294965268
4704 4294965268
4701 4294965232
4699 4294965231
4697 4294965154
4694 4294965196
4692 4294965195
4690 4294965274
4687 4294965310
4685 4294965230
4683 4294965229
4681 4294965229
4678 4294965267
4676 4294965187
4674 4294965109
4671 4294965144
4669 4294965146
4667 4294965147
4664 4294965107
4662 4294965185
4660 4294965184
4657 4294965145
4655 4294965148
4653 4294965149
4651 4294965149
4648 4294965268
4646 4294965266
4644 4294965266
4641 4294965308
4639 4294965304
4637 4294965384
4635 4294965385
4632 4294965346
4630 4294965344
4628 4294965344
4626 4294965265
4623 4294965151
4621 4294965151
4619 4294965152
4617 4294965072
4614 4294965038
4612 4294965038
4610 4294965117
4608 4294965117
4605 4294965070
4603 4294965149
4601 4294965149
4599 4294965071
4596 4294965033
4594 4294964954
4592 4294964874
4590 4294964877
4587 4294964760
4585 4294964760
4583 4294964838
4581 4294964918
4579 4294964918
4576 4294964798
4574 4294964795
4572 4294964715
4570 4294964714
4568 4294964714
4565 4294964756
4563 4294964757
4561 4294964755
4559 4294964832
4557 4294964832
4554 4294964714
4552 4294964713
4550 4294964715
4548 4294964794
4546 4294964795
4543 4294964751
4541 4294964831
4539 4294964752
4537 4294964752
4535 4294964675
4533 4294964595
4530 4294964476
4528 4294964396
4526 4294964472
4524 4294964551
4522 4294964630
4520 4294964630
4517 4294964669
4515 4294964748
4513 4294964748
4511 4294964824
4509 4294964744
4507 4294964745
4505 4294964825
4502 4294964867
4500 4294964787
4498 4294964785
4496 4294964785
4494 4294964862
4492 4294964862
4490 4294964940
4487 4294964903
4485 4294964823
4483 4294964744
4481 4294964822
4479 4294964896
4477 4294964816
4475 4294964816
4473 4294964815
4470 4294964774
4468 4294964694
4466 4294964693
4464 4294964693
4462 4294964770
4460 4294964770
4458 4294964693
4456 4294964773
4454 4294964698
4452 4294964698
4449 4294964738
4447 4294964662
4445 4294964741
4443 4294964742
4441 4294964662
4439 4294964664
4437 4294964664
4435 4294964664
4433 4294964664
4431 4294964741
4429 4294964821
4427 4294964743
4424 4294964624
4422 4294964702
4420 4294964702
4418 4294964780
4416 4294964779
4414 4294964704
4412 4294964624
4410 4294964623
4408 4294964624
4406 4294964702
4404 4294964622
4402 4294964623
4400 4294964625
4398 4294964622
4396 4294964702
4394 4294964703
4392 4294964625
4390 4294964627
4388 4294964627
4386 4294964626
4383 4294964510
4381 4294964589
4379 4294964588
4377 4294964588
4375 4294964510
4373 4294964513
4371 4294964592
4369 4294964592
4367 4294964589
4365 4294964589
4363 4294964589
4361 4294964669
4359 4294964746
4357 4294964666
4355 4294964667
4353 4294964747
4351 4294964740
4349 4294964739
4347 4294964818
4345 4294964896
4343 4294964974
4341 4294964974
4339 4294964973
4337 4294964974
4335 4294965051
4333 4294965052
4331 4294965051
4329 4294965051
4327 4294964974
4325 4294964974
4323 4294964974
4321 4294964974
4319 4294964970
4317 4294964970
4316 4294964930
4314 4294964851
4312 4294964851
4310 4294964852
4308 4294964852
4306 4294964773
4304 4294964693
4302 4294964690
4300 4294964691
4298 4294964690
4296 4294964770
4294 4294964768
4292 4294964845
4290 4294964766
4288 4294964846
4286 4294964841
4284 4294964761
4282 4294964762
4280 4294964682
4278 4294964680
4277 4294964640
4275 4294964719
4273 4294964718
4271 4294964721
4269 4294964721
4267 4294964642
4265 4294964640
4263 4294964638
4261 4294964559
4259 4294964638
4257 4294964638
4255 4294964635
4253 4294964715
4252 4294964755
4250 4294964834
4248 4294964832
4246 4294964754
4244 4294964834
4242 4294964913
4240 4294964913
4238 4294964838
4236 4294964838
4234 4294964760
4233 4294964800
4231 4294964878
4229 4294964957
4227 4294964958
4225 4294964878
4223 4294964873
4221 4294964793
4219 4294964715
4217 4294964715
4216 4294964755
4214 4294964833
4212 4294964754
4210 4294964831
4208 4294964911
4206 4294964908
4204 4294964987
4202 4294965065
4201 4294965105
4199 4294965183
4197 4294965183
4195 4294965182
4193 4294965103
4191 4294965027
4189 4294965107
4188 4294965067
4186 4294964988
4184 4294964986
4182 4294964908
4180 4294964828
4178 4294964907
4176 4294964907
4175 4294964944
4173 4294964943
4171 4294964944
4169 4294964864
4167 4294964786
4165 4294964785
4164 4294964746
4162 4294964667
4160 4294964667
4158 4294964672
4156 4294964674
4154 4294964753
4153 4294964793
4151 4294964871
4149 4294964792
4147 4294964792
4145 4294964872
4144 4294964832
4142 4294964755
4140 4294964755
4138 4294964756
4136 4294964756
4134 4294964754
4133 4294964714
4131 4294964793
4129 4294964717
4127 4294964793
4125 4294964793
4124 4294964831
4122 4294964910
4120 4294964831
4118 4294964829
4117 4294964869
4115 4294964791
4113 4294964712
4111 4294964788
4109 4294964788
4108 4294964748
4106 4294964748
4104 4294964668
4102 4294964666
4100 4294964666
4099 4294964705
4097 4294964785
4095 4294964716
4093 4294964795
4092 4294964835
4090 4294964914
4088 4294964994
4086 4294964992
4085 4294964953
4083 4294965032
4081 4294965032
4079 4294965109
4077 4294965109
4076 4294965071
4074 4294965149
4072 4294965149
4070 4294965151
4069 4294965111
4067 4294965110
4065 4294965189
4063 4294965193
4062 4294965153
4060 4294965153
4058 4294965153
4057 4294965113
4055 4294965115
4053 4294965035
4051 4294965114
4050 4294965154
4048 4294965231
4046 4294965234
4044 4294965155
4043 4294965116
4041 4294965116
4039 4294965193
4037 4294965193
4036 4294965153
4034 4294965232
4032 4294965152
4031 4294965187
4029 4294965107
4027 4294965108
4025 4294965108
4024 4294965069
4022 4294964993
4020 4294964993
4019 4294965032
4017 4294965033
4015 4294965110
4014 4294965150
4012 4294965151
4010 4294965152
4008 4294965152
4007 4294965190
4005 4294965190
4003 4294965190
4002 4294965230
4000 4294965230
3998 4294965234
3997 4294965194
3995 4294965116
3993 4294965116
3991 4294965040
3990 4294965000
3988 4294965080
3986 4294965158
3985 4294965118
3983 4294965041
3981 4294965041
3980 4294965001
3978 4294964922
3976 4294964921
3975 4294964959
3973 4294964880
3971 4294964801
3970 4294964840
3968 4294964843
3966 4294964849
3965 4294964889
3963 4294964968
3961 4294964968
3960 4294964928
3958 4294964926
3956 4294964846
3955 4294964807
3953 4294964887
3951 4294964810
3950 4294964849
3948 4294964770
3947 4294964809
3945 4294964809
3943 4294964887
3942 4294964927
3940 4294964925
3938 4294964926
3937 4294964966
3935 4294964962
3933 4294964962
3932 4294964923
3930 4294965002
3929 4294964962
3927 4294964964
3925 4294964964
3924 4294965003
3922 4294965082
3920 4294965082
3919 4294965119
3917 4294965199
3916 4294965239
3914 4294965238
3912 4294965318
3911 4294965356
3909 4294965356
3907 4294965355
3906 4294965395
3904 4294965474
3903 4294965509
3901 4294965429
3899 4294965350
3898 4294965310
3896 4294965309
3895 4294965271
3893 4294965271
3891 4294965192
3890 4294965152
3888 4294965232
3887 4294965268
3885 4294965347
3883 4294965346
3882 4294965306
3880 4294965386
3879 4294965424
3877 4294965503
3875 4294965582
3874 4294965544
3872 4294965544
3871 4294965580
3869 4294965658
3868 4294965618
3866 4294965617
3864 4294965537
3863 4294965499
3861 4294965499
3860 4294965537
3858 4294965458
3856 4294965538
3855 4294965575
3853 4294965655
3852 4294965695
3850 4294965774
3849 4294965813
3847 4294965811
3846 4294965851
3844 4294965851
3842 4294965773
3841 4294965813
3839 4294965740
3838 4294965700
3836 4294965700
3835 4294965661
3833 4294965739
3831 4294965741
3830 4294965701
3828 4294965701
3827 4294965740
3825 4294965660
3824 4294965699
3822 4294965776
3821 4294965815
3819 4294965816
3818 4294965856
3816 4294965856
3814 4294965858
3813 4294965818
3811 4294965897
3810 4294965857
3808 4294965777
3807 4294965813
3805 4294965890
3804 4294965850
3802 4294965851
3801 4294965811
3799 4294965813
3798 4294965773
3796 4294965774
3795 4294965735
3793 4294965735
3792 4294965775
3790 4294965698
3789 4294965738
3787 4294965816
3786 4294965776
3784 4294965776
3782 4294965854
3781 4294965894
3779 4294965892
3778 4294965932
3776 4294965852
3775 4294965887
3773 4294965886
3772 4294965848
3770 4294965848
3769 4294965808
3767 4294965886
3766 4294965926
3764 4294966006
3763 4294966045
3761 4294966044
3760 4294966084
3758 4294966087
3757 4294966047
3755 4294966047
3754 4294966007
3752 4294965929
3751 4294965967
3750 4294966006
3748 4294965929
3747 4294965968
3745 4294965888
3744 4294965928
3742 4294965852
3741 4294965812
3739 4294965891
3738 4294965931
3736 4294965851
3735 4294965813
3733 4294965734
3732 4294965774
3730 4294965775
3729 4294965815
3727 4294965892
3726 4294965932
3724 4294965934
3723 4294965973
3721 4294965973
3720 4294965934
3719 4294965896
3717 4294965897
3716 4294965858
3714 4294965857
3713 4294965897
3711 4294965823
3710 4294965783
3708 4294965783
3707 4294965822
3705 4294965822
3704 4294965782
3703 4294965744
3701 4294965823
3700 4294965863
3698 4294965864
3697 4294965903
3695 4294965980
3694 4294965940
3692 4294965860
3691 4294965821
3690 4294965861
3688 4294965940
3687 4294965902
3685 4294965902
3684 4294965942
3682 4294965863
3681 4294965903
3680 4294965942
3678 4294965938
3677 4294965978
3675 4294966057
3674 4294966096
3672 4294966176
3671 4294966214
3670 4294966254
3668 4294966254
3667 4294966215
3665 4294966135
3664 4294966095
3662 4294966093
3661 4294966053
3660 4294966013
3658 4294966092
3657 4294966132
3655 4294966134
3654 4294966174
3653 4294966213
3651 4294966134
3650 4294966094
3648 4294966015
3647 4294965980
3645 4294965900
3644 4294965935
3643 4294965974
3641 4294966054
3640 4294966014
3638 4294965936
3637 4294965976
3636 4294966016
3634 4294966015
3633 4294966055
3632 4294966095
3630 4294966172
3629 4294966211
3627 4294966210
3626 4294966171
3625 4294966132
3623 4294966132
3622 4294966172
3620 4294966172
3619 4294966133
3618 4294966173
3616 4294966251
3615 4294966215
3613 4294966295
3612 4294966335
3611 4294966374
3609 4294966295
3608 4294966334
3607 4294966372
3605 4294966452
3604 4294966492
3602 4294966413
3601 4294966373
3600 4294966333
3598 4294966256
3597 4294966296
3596 4294966336
3594 4294966257
3593 4294966297
3592 4294966337
3590 4294966337
3589 4294966377
3587 4294966376
3586 4294966336
3585 4294966376
3583 4294966384
3582 4294966424
3581 4294966385
3579 4294966386
3578 4294966346
3577 4294966306
3575 4294966383
3574 4294966344
3573 4294966304
3571 4294966304
3570 4294966344
3569 4294966384
3567 4294966381
3566 4294966421
3564 4294966421
3563 4294966458
3562 4294966418
3560 4294966418
3559 4294966456
3558 4294966496
3556 4294966576
3555 4294966537
3554 4294966498
3552 4294966498
3551 4294966534
3550 4294966494
3548 4294966416
3547 4294966455
3546 4294966495
3544 4294966416
3543 4294966378
3542 4294966338
3540 4294966338
3539 4294966377
3538 4294966417
3537 4294966457
3535 4294966382
3534 4294966422
3533 4294966382
3531 4294966461
3530 4294966501
3529 4294966541
3527 4294966619
3526 4294966659
3525 4294966699
3523 4294966699
3522 4294966659
3521 4294966699
3519 4294966624
3518 4294966585
3517 4294966545
3515 4294966546
3514 4294966586
3513 4294966626
3512 4294966586
3510 4294966588
3509 4294966550
3508 4294966589
3506 4294966668
3505 4294966628
3504 4294966588
3502 4294966511
3501 4294966551
3500 4294966590
3499 4294966552
3497 4294966552
3496 4294966512
3495 4294966550
3493 4294966550
3492 4294966510
3491 4294966549
3490 4294966589
3488 4294966589
3487 4294966553
3486 4294966513
3484 4294966513
3483 4294966474
3482 4294966511
3481 4294966471
3479 4294966394
3478 4294966433
3477 4294966473
3475 4294966474
3474 4294966513
3473 4294966474
3472 4294966434
3470 4294966437
3469 4294966477
3468 4294966517
3467 4294966556
3465 4294966556
3464 4294966595
3463 4294966557
3461 4294966637
3460 4294966677
3459 4294966638
3458 4294966598
3456 4294966598
3455 4294966564
3454 4294966524
3453 4294966564
3451 4294966563
3450 4294966603
3449 4294966642
3448 4294966682
3446 4294966683
3445 4294966643
3444 4294966683
3443 4294966722
3441 4294966642
3440 4294966682
3439 4294966645
3438 4294966605
3436 4294966526
3435 4294966565
3434 4294966605
3433 4294966645
3431 4294966647
3430 4294966607
3429 4294966645
3428 4294966607
3426 4294966606
3425 4294966646
3424 4294966685
3423 4294966649
3421 4294966729
3420 4294966689
3419 4294966650
3418 4294966610
3416 4294966610
3415 4294966648
3414 4294966608
3413 4294966648
3412 4294966688
3410 4294966766
3409 4294966726
3408 4294966686
3407 4294966649
3405 4294966729
3404 4294966769
3403 4294966730
3402 4294966690
3401 4294966726
3399 4294966648
3398 4294966688
3397 4294966648
3396 4294966608
3394 4294966609
3393 4294966569
3392 4294966530
3391 4294966565
3390 4294966605
3388 4294966605
3387 4294966644
3386 4294966604
3385 4294966564
3383 4294966486
3382 4294966446
3381 4294966486
3380 4294966447
3379 4294966486
3377 4294966486
3376 4294966446
3375 4294966483
3374 4294966445
3373 4294966485
3371 4294966486
3370 4294966526
3369 4294966566
3368 4294966526
3367 4294966488
3365 4294966567
3364 4294966527
3363 4294966488
3362 4294966528
3361 4294966567
3359 4294966571
3358 4294966611
3357 4294966651
3356 4294966690
3355 4294966729
3354 4294966769
3352 4294966689
3351 4294966651
3350 4294966611
3349 4294966572
3348 4294966532
3346 4294966534
3345 4294966574
3344 4294966614
3343 4294966577
3342 4294966617
3340 4294966617
3339 4294966578
3338 4294966539
3337 4294966499
3336 4294966459
3335 4294966497
3333 4294966497
3332 4294966537
3331 4294966576
3330 4294966616
3329 4294966655
3328 4294966695
3326 4294966688
3325 4294966648
3324 4294966609
3323 4294966570
3322 4294966610
3321 4294966650
3319 4294966725
3318 4294966765
3317 4294966725
3316 4294966685
3315 4294966724
3314 4294966684
3312 4294966684
3311 4294966721
3310 4294966761
3309 4294966801
3308 4294966761
3307 4294966800
3305 4294966800
3304 4294966760
3303 4294966798
3302 4294966837
3301 4294966877
3300 4294966917
3299 4294966878
3297 4294966958
3296 4294966998
3295 4294966962
3294 4294966922
3293 4294966960
3292 4294966920
3291 4294966959
3289 4294966879
3288 4294966919
3287 4294966957
3286 4294966917
3285 4294966957
3284 4294966918
3283 4294966957
3281 4294967036
3280 4294966996
3279 4294966959
3278 4294966919
3277 4294966959
3276 4294966919
3275 4294966880
3273 4294966879
3272 4294966839
3271 4294966801
3270 4294966841
3269 4294966801
3268 4294966761
3267 4294966722
3266 4294966760
3264 4294966760
3263 4294966725
3262 4294966685
3261 4294966725
3260 4294966685
3259 4294966646
3258 4294966686
3257 4294966647
3255 4294966725
3254 4294966685
3253 4294966645
3252 4294966685
3251 4294966646
3250 4294966686
3249 4294966724
3248 4294966685
3247 4294966648
3245 4294966648
3244 4294966688
3243 4294966727
3242 4294966767
3241 4294966727
3240 4294966687
3239 4294966650
3238 4294966610
3237 4294966570
3235 4294966649
3234 4294966609
3233 4294966648
3232 4294966608
3231 4294966572
3230 4294966611
3229 4294966571
3228 4294966611
3227 4294966572
3225 4294966492
3224 4294966453
3223 4294966491
3222 4294966451
3221 4294966412
3220 4294966452
3219 4294966491
3218 4294966531
3217 4294966491
3216 4294966531
3215 4294966494
3213 4294966414
3212 4294966452
3211 4294966413
3210 4294966452
3209 4294966412
3208 4294966452
3207 4294966414
3206 4294966374
3205 4294966414
3204 4294966374
3203 4294966413
3201 4294966413
3200 4294966453
3199 4294966487
3198 4294966447
3197 4294966407
3196 4294966367
3195 4294966328
3194 4294966289
3193 4294966249
3192 4294966209
3191 4294966171
3190 4294966211
3189 4294966171
3187 4294966170
3186 4294966210
3185 4294966248
3184 4294966209
3183 4294966246
3182 4294966206
3181 4294966246
3180 4294966286
3179 4294966325
3178 4294966364
3177 4294966404
3176 4294966443
3175 4294966405
3174 4294966444
3172 4294966365
3171 4294966326
3170 4294966366
3169 4294966406
3168 4294966446
3167 4294966410
3166 4294966450
3165 4294966410
3164 4294966450
3163 4294966411
3162 4294966451
3161 4294966411
3160 4294966371
3159 4294966409
3158 4294966373
3157 4294966333
3156 4294966373
3155 4294966334
3153 4294966334
3152 4294966294
3151 4294966331
3150 4294966291
3149 4294966252
3148 4294966212
3147 4294966251
3146 4294966211
3145 4294966172
3144 4294966212
3143 4294966250
3142 4294966210
3141 4294966170
3140 4294966209
3139 4294966170
3138 4294966130
3137 4294966170
3136 4294966210
3135 4294966175
3134 4294966135
3133 4294966095
3132 4294966055
3130 4294965977
3129 4294966017
3128 4294966057
3127 4294966095
3126 4294966055
3125 4294966095
3124 4294966131
3123 4294966092
3122 4294966131
3121 4294966171
3120 4294966211
3119 4294966248
3118 4294966288
3117 4294966248
3116 4294966208
3115 4294966169
3114 4294966209
3113 4294966170
3112 4294966130
3111 4294966092
3110 4294966132
3109 4294966172
3108 4294966212
3107 4294966251
3106 4294966211
3105 4294966171
3104 4294966209
3103 4294966173
3102 4294966133
3101 4294966093
3100 4294966053
3099 4294966092
3098 4294966052
3097 4294966012
3096 4294965972
3095 4294965934
3094 4294965894
3093 4294965854
3092 4294965814
3091 4294965853
3090 4294965813
3089 4294965773
3088 4294965813
3087 4294965850
3086 4294965888
3085 4294965848
3084 4294965808
3083 4294965769
3082 4294965809
3081 4294965849
3080 4294965889
3079 4294965851
3078 4294965891
3077 4294965854
3076 4294965814
3075 4294965853
3074 4294965814
3073 4294965854
3072 4294965814
3071 4294965845
3070 4294965805
3069 4294965845
3068 4294965806
3067 4294965767
3066 4294965807
3065 4294965767
3064 4294965727
3063 4294965689
3062 4294965649
3061 4294965609
3060 4294965649
3059 4294965610
3058 4294965650
3057 4294965690
3056 4294965650
3055 4294965687
3054 4294965727
3053 4294965767
3052 4294965727
3051 4294965688
3050 4294965650
3049 4294965611
3048 4294965651
3047 4294965689
3046 4294965649
3045 4294965609
3044 4294965569
3043 4294965608
3042 4294965568
3041 4294965607
3040 4294965647
3039 4294965683
3038 4294965643
3037 4294965604
3036 4294965644
3035 4294965683
3034 4294965643
3033 4294965683
3032 4294965722
3031 4294965684
3030 4294965644
3029 4294965604
3028 4294965564
3027 4294965603
3026 4294965563
3025 4294965603
3024 4294965564
3023 4294965527
3022 4294965567
3021 4294965527
3020 4294965567
3019 4294965528
3018 4294965568
3017 4294965608
3016 4294965568
3015 4294965606
3014 4294965567
3013 4294965607
3012 4294965567
3011 4294965528
3010 4294965568
3009 4294965528
3008 4294965568
3007 4294965603
3006 4294965563
3005 4294965524
3004 4294965484
3003 4294965523
3002 4294965483
3001 4294965523
3000 4294965563
2999 4294965601
2998 4294965641
2997 4294965601
2996 4294965638
2995 4294965599
2994 4294965559
2993 4294965599
2992 4294965559
2991 4294965522
2990 4294965482
2989 4294965442
2988 4294965481
2987 4294965520
2986 4294965480
2985 4294965440
2984 4294965480
2983 4294965442
2982 4294965402
2981 4294965362
2980 4294965322
2979 4294965283
2978 4294965322
2977 4294965282
2976 4294965242
2975 4294965278
2974 4294965239
2973 4294965199
2972 4294965159
2971 4294965198
2970 4294965238
2969 4294965200
2968 4294965240
2967 4294965278
2966 4294965318
2965 4294965278
2964 4294965238
2963 4294965277
2962 4294965317
2961 4294965277
2960 4294965238
2959 4294965201
2958 4294965161
2957 4294965121
2956 4294965161
2955 4294965200
2954 4294965240
2953 4294965280
2952 4294965320
2951 4294965282
2950 4294965242
2949 4294965203
2948 4294965163
2947 4294965124
2946 4294965084
2945 4294965124
2944 4294965164
2943 4294965130
2942 4294965092
2941 4294965052
2940 4294965012
2939 4294964973
2938 4294965013
2937 4294965053
2936 4294965093
2935 4294965055
2934 4294965015
2933 4294964976
2932 4294964936
2931 4294964975
2930 4294964935
2929 4294964975
2928 4294964935
2927 4294964898
2926 4294964938
2925 4294964898
2924 4294964937
2923 4294964898
2922 4294964858
2921 4294964898
2920 4294964858
2919 4294964896
2918 4294964936
2917 4294964896
2916 4294964936
2915 4294964901
2914 4294964941
2913 4294964981
2912 4294964941
2911 4294964977
2910 4294964937
2909 4294964897
2908 4294964937
2907 4294964976
2906 4294964937
2905 4294964897
2904 4294964937
2903 4294964899
2902 4294964939
2901 4294964899
2900 4294964859
2899 4294964898
2898 4294964858
2897 4294964897
2896 4294964937
2895 4294964974
2894 4294965014
2893 4294964974
2892 4294964934
2891 4294964895
2890 4294964934
2889 4294964895
2888 4294964857
2887 4294964895
2886 4294964935
2885 4294964895
2884 4294964855
2883 4294964816
2882 4294964855
2881 4294964895
2880 4294964855
2879 4294964890
2878 4294964930
2877 4294964890
2876 4294964930
2875 4294964969
2874 4294964931
2873 4294964971
2872 4294965010
2871 4294964972
2870 4294964933
2869 4294964893
2868 4294964853
2867 4294964814
2866 4294964774
2865 4294964734
2864 4294964774
2863 4294964811
2862 4294964771
2861 4294964809
2860 4294964849
2859 4294964888
2858 4294964848
2857 4294964808
2856 4294964848
2855 4294964810
2854 4294964770
2853 4294964730
2852 4294964769
2851 4294964730
2850 4294964770
2849 4294964809
2848 4294964849
2847 4294964813
2846 4294964853
2845 4294964813
2844 4294964773
2843 4294964812
2842 4294964852
2841 4294964813
2840 4294964773
2839 4294964811
2838 4294964771
2837 4294964731
2836 4294964771
2835 4294964810
2834 4294964773
2833 4294964813
2832 4294964853
2831 4294964816
2830 4294964776
2829 4294964816
2828 4294964856
2827 4294964817
2826 4294964777
2825 4294964738
2824 4294964777
2823 4294964739
2822 4294964699
2821 4294964739
2820 4294964779
2819 4294964818
2818 4294964858
2817 4294964818
2816 4294964857
2815 4294964890
2814 4294964850
2813 4294964810
2812 4294964770
2811 4294964731
2810 4294964691
2809 4294964731
2808 4294964692
2807 4294964730
2806 4294964690
2805 4294964730
2804 4294964690
2803 4294964729
2802 4294964769
2801 4294964809
2800 4294964849
2799 4294964886
2798 4294964925
2797 4294964885
2796 4294964925
2795 4294964886
2794 4294964926
2793 4294964966
2792 4294964927
2791 4294964889
2790 4294964929
2789 4294964968
2788 4294965008
2787 4294964969
2786 4294964929
2785 4294964969
2784 4294964929
2783 4294964965
2782 4294965004
2781 4294965044
2780 4294965006
2779 4294964967
2778 4294964927
2777 4294964967
2776 4294965007
2775 4294964969
2774 4294964930
2773 4294964970
2772 4294964930
2771 4294964891
2770 4294964851
2769 4294964891
2768 4294964931
2767 4294964968
2766 4294965008
2765 4294965048
2764 4294965088
2763 4294965127
2762 4294965166
2761 4294965126
2760 4294965086
2759 4294965048
2758 4294965008
2757 4294965048
2756 4294965008
2755 4294964969
2754 4294965009
2753 4294964972
2752 4294965012
2751 4294965047
2750 4294965087
2749 4294965125
2748 4294965165
2747 4294965126
2746 4294965086
2745 4294965046
2744 4294965007
2743 4294964969
2742 4294964929
2741 4294964969
2740 4294965009
2739 4294964970
2738 4294965010
2737 4294965049
2736 4294965089
2735 4294965126
2734 4294965086
2733 4294965046
2732 4294965006
2731 4294965045
2730 4294965085
2729 4294965125
2728 4294965165
2727 4294965203
2726 4294965165
2725 4294965205
2724 4294965244
2723 4294965205
2722 4294965165
2721 4294965125
2720 4294965085
2719 4294965121
2718 4294965161
2717 4294965122
2716 4294965162
2715 4294965123
2714 4294965163
2713 4294965203
2712 4294965243
2711 4294965281
2710 4294965321
2709 4294965361
2708 4294965322
2707 4294965361
2706 4294965401
2705 4294965361
2704 4294965321
2703 4294965284
2702 4294965324
2701 4294965364
2700 4294965324
2699 4294965362
2698 4294965402
2697 4294965442
2696 4294965482
2695 4294965444
2694 4294965405
2693 4294965445
2692 4294965485
2691 4294965524
2690 4294965485
2689 4294965525
2688 4294965565
2687 4294965599
2686 4294965639
2685 4294965679
2684 4294965719
2683 4294965680
2682 4294965720
2681 4294965681
2680 4294965641
2679 4294965679
2678 4294965719
2677 4294965759
2676 4294965799
2675 4294965760
2674 4294965799
2673 4294965839
2672 4294965803
2671 4294965840
2670 4294965880
2669 4294965840
2668 4294965800
2667 4294965761
2666 4294965801
2665 4294965841
2664 4294965881
2663 4294965843
2662 4294965883
2661 4294965845
2660 4294965805
2659 4294965844
2658 4294965884
2657 4294965924
2656 4294965964
2655 4294965928
2654 4294965889
2653 4294965849
2652 4294965809
2651 4294965848
2650 4294965808
2649 4294965769
2648 4294965729
2647 4294965691
2646 4294965731
2645 4294965693
2644 4294965732
2643 4294965771
2642 4294965731
2641 4294965691
2640 4294965651
2639 4294965688
2638 4294965728
2637 4294965688
2636 4294965727
2635 4294965766
2634 4294965806
2633 4294965846
2632 4294965886
2631 4294965924
2630 4294965884
2629 4294965924
2628 4294965884
2627 4294965923
2626 4294965883
2625 4294965923
2624 4294965961
2623 4294965996
2622 4294965956
2621 4294965916
2620 4294965956
2619 4294965917
2618 4294965879
2617 4294965839
2616 4294965879
2615 4294965917
2614 4294965877
2613 4294965837
2612 4294965877
2611 4294965916
2610 4294965876
2609 4294965915
2608 4294965955
2607 4294965992
2606 4294966032
2605 4294965992
2604 4294965952
2603 4294965991
2602 4294965951
2601 4294965911
2600 4294965872
2599 4294965834
2598 4294965794
2597 4294965834
2596 4294965873
2595 4294965834
2594 4294965874
2593 4294965834
2592 4294965874
2591 4294965910
2590 4294965950
2589 4294965910
2588 4294965870
2587 4294965909
2586 4294965869
2585 4294965909
2584 4294965949
2583 4294965987
2582 4294965948
2581 4294965908
2580 4294965868
2579 4294965907
2578 4294965947
2577 4294965907
2576 4294965867
2575 4294965830
2574 4294965869
2573 4294965908
2572 4294965868
2571 4294965907
2570 4294965867
2569 4294965907
2568 4294965867
2567 4294965905
2566 4294965865
2565 4294965825
2564 4294965863
2563 4294965902
2562 4294965862
2561 4294965822
2560 4294965782
2559 4294965750
2558 4294965710
2557 4294965670
2556 4294965710
2555 4294965749
2554 4294965789
2553 4294965749
2552 4294965789
2551 4294965827
2550 4294965867
2549 4294965906
2548 4294965946
2547 4294965985
2546 4294966024
2545 4294966064
2544 4294966024
2543 4294965987
2542 4294966027
2541 4294966067
2540 4294966028
2539 4294965989
2538 4294966029
2537 4294966067
2536 4294966027
2535 4294965989
2534 4294965950
2533 4294965990
2532 4294965950
2531 4294965911
2530 4294965951
2529 4294965911
2528 4294965950
2527 4294965914
2526 4294965953
2525 4294965993
2524 4294966032
2523 4294966071
2522 4294966110
2521 4294966150
2520 4294966190
2519 4294966228
2518 4294966188
2517 4294966148
2516 4294966108
2515 4294966069
2514 4294966029
2513 4294966069
2512 4294966029
2511 4294966066
2510 4294966103
2509 4294966143
2508 4294966103
2507 4294966142
2506 4294966102
2505 4294966142
2504 4294966182
2503 4294966144
2502 4294966184
2501 4294966145
2500 4294966105
2499 4294966068
2498 4294966029
2497 4294965989
2496 4294965949
2495 4294965914
2494 4294965874
2493 4294965914
2492 4294965953
2491 4294965914
2490 4294965874
2489 4294965834
2488 4294965794
2487 4294965756
2486 4294965716
2485 4294965756
2484 4294965796
2483 4294965758
2482 4294965718
2481 4294965758
2480 4294965718
2479 4294965681
2478 4294965641
2477 4294965601
2476 4294965641
2475 4294965680
2474 4294965719
2473 4294965679
2472 4294965719
2471 4294965757
2470 4294965717
2469 4294965677
2468 4294965637
2467 4294965676
2466 4294965716
2465 4294965677
2464 4294965717
2463 4294965753
2462 4294965713
2461 4294965673
2460 4294965633
2459 4294965672
2458 4294965712
2457 4294965672
2456 4294965710
2455 4294965672
2454 4294965632
2453 4294965672
2452 4294965632
2451 4294965671
2450 4294965711
2449 4294965750
2448 4294965710
2447 4294965747
2446 4294965787
2445 4294965747
2444 4294965787
2443 4294965748
2442 4294965708
2441 4294965668
2440 4294965708
2439 4294965746
2438 4294965785
2437 4294965825
2436 4294965865
2435 4294965904
2434 4294965864
2433 4294965824
2432 4294965784
2431 4294965750
2430 4294965790
2429 4294965826
2428 4294965786
2427 4294965825
2426 4294965785
2425 4294965745
2424 4294965784
2423 4294965822
2422 4294965862
2421 4294965902
2420 4294965941
2419 4294965980
2418 4294965940
2417 4294965900
2416 4294965940
2415 4294965977
2414 4294965937
2413 4294965977
2412 4294965937
2411 4294965976
2410 4294966016
2409 4294966056
2408 4294966096
2407 4294966134
2406 4294966094
2405 4294966134
2404 4294966174
2403 4294966213
2402 4294966175
2401 4294966135
2400 4294966098
2399 4294966062
2398 4294966102
2397 4294966142
2396 4294966182
2395 4294966221
2394 4294966181
2393 4294966220
2392 4294966260
2391 4294966298
2390 4294966258
2389 4294966298
2388 4294966338
2387 4294966299
2386 4294966339
2385 4294966299
2384 4294966260
2383 4294966297
2382 4294966337
2381 4294966377
2380 4294966417
2379 4294966456
2378 4294966496
2377 4294966536
2376 4294966576
2375 4294966614
2374 4294966576
2373 4294966536
2372 4294966576
2371 4294966615
2370 4294966655
2369 4294966615
2368 4294966575
2367 4294966610
2366 4294966649
2365 4294966610
2364 4294966650
2363 4294966611
2362 4294966571
2361 4294966531
2360 4294966491
2359 4294966529
2358 4294966489
2357 4294966450
2356 4294966490
2355 4294966451
2354 4294966491
2353 4294966531
2352 4294966491
2351 4294966528
2350 4294966568
2349 4294966529
2348 4294966566
2347 4294966605
2346 4294966645
2345 4294966605
2344 4294966645
2343 4294966607
2342 4294966647
2341 4294966607
2340 4294966647
2339 4294966608
2338 4294966648
2337 4294966688
2336 4294966728
2335 4294966692
2334 4294966652
2333 4294966692
2332 4294966732
2331 4294966693
2330 4294966654
2329 4294966694
2328 4294966654
2327 4294966692
2326 4294966652
2325 4294966612
2324 4294966573
2323 4294966534
2322 4294966494
2321 4294966532
2320 4294966492
2319 4294966455
2318 4294966415
2317 4294966455
2316 4294966415
2315 4294966376
2314 4294966336
2313 4294966376
2312 4294966415
2311 4294966453
2310 4294966493
2309 4294966533
2308 4294966573
2307 4294966612
2306 4294966572
2305 4294966532
2304 4294966492
2303 4294966459
2302 4294966498
2301 4294966458
2300 4294966498
2299 4294966537
2298 4294966576
2297 4294966616
2296 4294966656
2295 4294966694
2294 4294966732
2293 4294966772
2292 4294966812
2291 4294966773
2290 4294966733
2289 4294966773
2288 4294966813
2287 4294966776
2286 4294966816
2285 4294966777
2284 4294966737
2283 4294966776
2282 4294966736
2281 4294966776
2280 4294966816
2279 4294966778
2278 4294966738
2277 4294966778
2276 4294966739
2275 4294966778
2274 4294966739
2273 4294966779
2272 4294966819
2271 4294966783
2270 4294966743
2269 4294966783
2268 4294966823
2267 4294966860
2266 4294966900
2265 4294966940
2264 4294966980
2263 4294966942
2262 4294966902
2261 4294966862
2260 4294966902
2259 4294966863
2258 4294966902
2257 4294966862
2256 4294966822
2255 4294966785
2254 4294966825
2253 4294966786
2252 4294966746
2251 4294966785
2250 4294966825
2249 4294966787
2248 4294966747
2247 4294966709
2246 4294966749
2245 4294966709
2244 4294966669
2243 4294966708
2242 4294966748
2241 4294966788
2240 4294966750
2239 4294966715
2238 4294966755
2237 4294966795
2236 4294966835
2235 4294966796
2234 4294966836
2233 4294966796
2232 4294966836
2231 4294966798
2230 4294966758
2229 4294966798
2228 4294966758
2227 4294966797
2226 4294966757
2225 4294966717
2224 4294966756
2223 4294966793
2222 4294966754
2221 4294966794
2220 4294966834
2219 4294966873
2218 4294966833
2217 4294966793
2216 4294966753
2215 4294966715
2214 4294966675
2213 4294966713
2212 4294966753
2211 4294966714
2210 4294966754
2209 4294966714
2208 4294966675
2207 4294966711
2206 4294966751
2205 4294966711
2204 4294966750
2203 4294966711
2202 4294966751
2201 4294966791
2200 4294966751
2199 4294966713
2198 4294966673
2197 4294966713
2196 4294966751
2195 4294966790
2194 4294966750
2193 4294966710
2192 4294966750
2191 4294966787
2190 4294966747
2189 4294966707
2188 4294966667
2187 4294966706
2186 4294966740
2185 4294966700
2184 4294966740
2183 4294966702
2182 4294966662
2181 4294966622
2180 4294966582
2179 4294966543
2178 4294966583
2177 4294966622
2176 4294966582
2175 4294966548
2174 4294966509
2173 4294966469
2172 4294966429
2171 4294966390
2170 4294966350
2169 4294966310
2168 4294966349
2167 4294966311
2166 4294966271
2165 4294966232
2164 4294966192
2163 4294966231
2162 4294966271
2161 4294966311
2160 4294966351
2159 4294966314
2158 4294966274
2157 4294966314
2156 4294966274
2155 4294966313
2154 4294966273
2153 4294966313
2152 4294966353
2151 4294966315
2150 4294966354
2149 4294966315
2148 4294966275
2147 4294966236
2146 4294966196
2145 4294966236
2144 4294966196
2143 4294966160
2142 4294966200
2141 4294966239
2140 4294966279
2139 4294966240
2138 4294966280
2137 4294966240
2136 4294966280
2135 4294966318
2134 4294966358
2133 4294966398
2132 4294966360
2131 4294966321
2130 4294966361
2129 4294966321
2128 4294966361
2127 4294966324
2126 4294966284
2125 4294966244
2124 4294966206
2123 4294966245
2122 4294966205
2121 4294966165
2120 4294966205
2119 4294966243
2118 4294966203
2117 4294966243
2116 4294966203
2115 4294966164
2114 4294966125
2113 4294966165
2112 4294966205
2111 4294966170
2110 4294966210
2109 4294966250
2108 4294966290
2107 4294966251
2106 4294966290
2105 4294966253
2104 4294966213
2103 4294966175
2102 4294966135
2101 4294966095
2100 4294966055
2099 4294966016
2098 4294966056
2097 4294966016
2096 4294966055
2095 4294966092
2094 4294966052
2093 4294966092
2092 4294966132
2091 4294966171
2090 4294966211
2089 4294966171
2088 4294966211
2087 4294966173
2086 4294966213
2085 4294966253
2084 4294966293
2083 4294966332
2082 4294966372
2081 4294966412
2080 4294966452
2079 4294966488
2078 4294966526
2077 4294966486
2076 4294966446
2075 4294966407
2074 4294966446
2073 4294966486
2072 4294966446
2071 4294966484
2070 4294966444
2069 4294966483
2068 4294966523
2067 4294966484
2066 4294966524
2065 4294966484
2064 4294966524
2063 4294966487
2062 4294966527
2061 4294966487
2060 4294966526
2059 4294966487
2058 4294966447
2057 4294966485
2056 4294966524
2055 4294966486
2054 4294966526
2053 4294966566
2052 4294966606
2051 4294966568
2050 4294966528
2049 4294966489
2048 4294966449
2047 4294966479
2046 4294966439
2045 4294966399
2044 4294966359
2043 4294966320
2042 4294966359
2041 4294966319
2040 4294966279
2039 4294966241
2038 4294966281
2037 4294966241
2036 4294966281
2035 4294966320
2034 4294966360
2033 4294966321
2032 4294966281
2031 4294966318
2030 4294966278
2029 4294966238
2028 4294966278
2027 4294966317
2026 4294966357
2025 4294966317
2024 4294966280
2023 4294966318
2022 4294966357
2021 4294966397
2020 4294966357
2019 4294966318
2018 4294966278
2017 4294966238
2016 4294966278
2015 4294966242
2014 4294966282
2013 4294966322
2012 4294966362
2011 4294966401
2010 4294966441
2009 4294966401
2008 4294966440
2007 4294966402
2006 4294966441
2005 4294966481
2004 4294966441
2003 4294966402
2002 4294966442
2001 4294966402
2000 4294966442
1999 4294966479
1998 4294966519
1997 4294966557
1996 4294966597
1995 4294966636
1994 4294966596
1993 4294966556
1992 4294966596
1991 4294966634
1990 4294966594
1989 4294966634
1988 4294966595
1987 4294966556
1986 4294966596
1985 4294966636
1984 4294966596
1983 4294966631
1982 4294966591
1981 4294966551
1980 4294966511
1979 4294966472
1978 4294966512
1977 4294966552
1976 4294966512
1975 4294966550
1974 4294966589
1973 4294966549
1972 4294966589
1971 4294966550
1970 4294966512
1969 4294966552
1968 4294966512
1967 4294966475
1966 4294966435
1965 4294966395
1964 4294966435
1963 4294966474
1962 4294966434
1961 4294966395
1960 4294966355
1959 4294966317
1958 4294966277
1957 4294966317
1956 4294966277
1955 4294966238
1954 4294966278
1953 4294966238
1952 4294966199
1951 4294966163
1950 4294966203
1949 4294966242
1948 4294966282
1947 4294966321
1946 4294966361
1945 4294966401
1944 4294966361
1943 4294966325
1942 4294966285
1941 4294966245
1940 4294966205
1939 4294966166
1938 4294966126
1937 4294966086
1936 4294966046
1935 4294966009
1934 4294965970
1933 4294965930
1932 4294965970
1931 4294966009
1930 4294966049
1929 4294966089
1928 4294966049
1927 4294966011
1926 4294965971
1925 4294965932
1924 4294965893
1923 4294965854
1922 4294965814
1921 4294965853
1920 4294965813
1919 4294965847
1918 4294965807
1917 4294965847
1916 4294965809
1915 4294965848
1914 4294965808
1913 4294965768
1912 4294965808
1911 4294965770
1910 4294965731
1909 4294965771
1908 4294965731
1907 4294965770
1906 4294965810
1905 4294965770
1904 4294965810
1903 4294965773
1902 4294965733
1901 4294965773
1900 4294965813
1899 4294965852
1898 4294965891
1897 4294965931
1896 4294965891
1895 4294965929
1894 4294965889
1893 4294965849
1892 4294965809
1891 4294965770
1890 4294965730
1889 4294965692
1888 4294965732
1887 4294965696
1886 4294965736
1885 4294965776
1884 4294965816
1883 4294965777
1882 4294965737
1881 4294965697
1880 4294965658
1879 4294965696
1878 4294965736
1877 4294965776
1876 4294965816
1875 4294965777
1874 4294965814
1873 4294965774
1872 4294965814
1871 4294965851
1870 4294965891
1869 4294965851
1868 4294965891
1867 4294965930
1866 4294965970
1865 4294966010
1864 4294965970
1863 4294965932
1862 4294965969
1861 4294965930
1860 4294965970
1859 4294966009
1858 4294966048
1857 4294966008
1856 4294965968
1855 4294966003
1854 4294966043
1853 4294966004
1852 4294965964
1851 4294966003
1850 4294965963
1849 4294965924
1848 4294965885
1847 4294965847
1846 4294965887
1845 4294965927
1844 4294965888
1843 4294965927
1842 4294965887
1841 4294965927
1840 4294965887
1839 4294965850
1838 4294965810
1837 4294965770
1836 4294965730
1835 4294965692
1834 4294965652
1833 4294965692
1832 4294965732
1831 4294965694
1830 4294965734
1829 4294965694
1828 4294965654
1827 4294965693
1826 4294965654
1825 4294965694
1824 4294965733
1823 4294965769
1822 4294965809
1821 4294965769
1820 4294965729
1819 4294965768
1818 4294965728
1817 4294965689
1816 4294965649
1815 4294965611
1814 4294965572
1813 4294965532
1812 4294965571
1811 4294965532
1810 4294965572
1809 4294965612
1808 4294965574
1807 4294965611
1806 4294965571
1805 4294965531
1804 4294965570
1803 4294965531
1802 4294965491
1801 4294965531
1800 4294965571
1799 4294965609
1798 4294965569
1797 4294965609
1796 4294965569
1795 4294965608
1794 4294965568
1793 4294965528
1792 4294965488
1791 4294965521
1790 4294965560
1789 4294965600
1788 4294965640
1787 4294965601
1786 4294965641
1785 4294965681
1784 4294965641
1783 4294965603
1782 4294965643
1781 4294965606
1780 4294965566
1779 4294965527
1778 4294965487
1777 4294965527
1776 4294965567
1775 4294965530
1774 4294965569
1773 4294965529
1772 4294965568
1771 4294965607
1770 4294965647
1769 4294965607
1768 4294965567
1767 4294965605
1766 4294965645
1765 4294965605
1764 4294965565
1763 4294965526
1762 4294965486
1761 4294965446
1760 4294965406
1759 4294965442
1758 4294965482
1757 4294965522
1756 4294965482
1755 4294965521
1754 4294965559
1753 4294965519
1752 4294965559
1751 4294965597
1750 4294965557
1749 4294965595
1748 4294965635
1747 4294965596
1746 4294965636
1745 4294965597
1744 4294965557
1743 4294965594
1742 4294965634
1741 4294965674
1740 4294965714
1739 4294965753
1738 4294965713
1737 4294965753
1736 4294965792
1735 4294965830
1734 4294965790
1733 4294965751
1732 4294965791
1731 4294965830
1730 4294965790
1729 4294965830
1728 4294965870
1727 4294965905
1726 4294965865
1725 4294965825
1724 4294965786
1723 4294965825
1722 4294965865
1721 4294965825
1720 4294965865
1719 4294965903
1718 4294965942
1717 4294965902
1716 4294965862
1715 4294965901
1714 4294965863
1713 4294965823
1712 4294965783
1711 4294965820
1710 4294965780
1709 4294965819
1708 4294965859
1707 4294965820
1706 4294965780
1705 4294965740
1704 4294965780
1703 4294965818
1702 4294965778
1701 4294965818
1700 4294965782
1699 4294965821
1698 4294965861
1697 4294965901
1696 4294965941
1695 4294965905
1694 4294965945
1693 4294965906
1692 4294965946
1691 4294965985
1690 4294965945
1689 4294965906
1688 4294965866
1687 4294965828
1686 4294965788
1685 4294965828
1684 4294965788
1683 4294965827
1682 4294965788
1681 4294965827
1680 4294965788
1679 4294965825
1678 4294965785
1677 4294965745
1676 4294965785
1675 4294965824
1674 4294965863
1673 4294965901
1672 4294965861
1671 4294965899
1670 4294965859
1669 4294965899
1668 4294965939
1667 4294965900
1666 4294965940
1665 4294965901
1664 4294965862
1663 4294965828
1662 4294965868
1661 4294965908
1660 4294965868
1659 4294965829
1658 4294965869
1657 4294965829
1656 4294965869
1655 4294965831
1654 4294965791
1653 4294965751
1652 4294965791
1651 4294965752
1650 4294965712
1649 4294965751
1648 4294965711
1647 4294965748
1646 4294965710
1645 4294965670
1644 4294965710
1643 4294965671
1642 4294965631
1641 4294965591
1640 4294965551
1639 4294965589
1638 4294965549
1637 4294965588
1636 4294965628
1635 4294965667
1634 4294965707
1633 4294965747
1632 4294965707
1631 4294965743
1630 4294965703
1629 4294965743
1628 4294965782
1627 4294965743
1626 4294965783
1625 4294965823
1624 4294965785
1623 4294965823
1622 4294965783
1621 4294965743
1620 4294965783
1619 4294965820
1618 4294965860
1617 4294965820
1616 4294965781
1615 4294965818
1614 4294965858
1613 4294965898
1612 4294965938
1611 4294965899
1610 4294965938
1609 4294965898
1608 4294965938
1607 4294965976
1606 4294966016
1605 4294966056
1604 4294966096
1603 4294966135
1602 4294966095
1601 4294966056
1600 4294966096
1599 4294966061
1598 4294966101
1597 4294966141
1596 4294966181
1595 4294966220
1594 4294966260
1593 4294966220
1592 4294966182
1591 4294966144
1590 4294966104
1589 4294966064
1588 4294966024
1587 4294966063
1586 4294966102
1585 4294966142
1584 4294966102
1583 4294966139
1582 4294966179
1581 4294966219
1580 4294966259
1579 4294966220
1578 4294966260
1577 4294966300
1576 4294966260
1575 4294966222
1574 4294966261
1573 4294966221
1572 4294966260
1571 4294966221
1570 4294966261
1569 4294966301
1568 4294966261
1567 4294966297
1566 4294966337
1565 4294966375
1564 4294966335
1563 4294966296
1562 4294966256
1561 4294966296
1560 4294966256
1559 4294966218
1558 4294966258
1557 4294966298
1556 4294966337
1555 4294966376
1554 4294966336
1553 4294966296
1552 4294966336
1551 4294966373
1550 4294966413
1549 4294966374
1548 4294966414
1547 4294966453
1546 4294966493
1545 4294966453
1544 4294966493
1543 4294966455
1542 4294966495
1541 4294966535
1540 4294966495
1539 4294966534
1538 4294966571
1537 4294966531
1536 4294966491
1535 4294966459
1534 4294966419
1533 4294966459
1532 4294966499
1531 4294966538
1530 4294966578
1529 4294966617
1528 4294966577
1527 4294966539
1526 4294966499
1525 4294966539
1524 4294966578
1523 4294966539
1522 4294966579
1521 4294966539
1520 4294966500
1519 4294966463
1518 4294966502
1517 4294966462
1516 4294966422
1515 4294966461
1514 4294966501
1513 4294966461
1512 4294966421
1511 4294966459
1510 4294966499
1509 4294966539
1508 4294966499
1507 4294966460
1506 4294966420
1505 4294966460
1504 4294966500
1503 4294966464
1502 4294966503
1501 4294966463
1500 4294966423
1499 4294966385
1498 4294966425
1497 4294966465
1496 4294966425
1495 4294966463
1494 4294966503
1493 4294966464
1492 4294966504
1491 4294966543
1490 4294966583
1489 4294966623
1488 4294966663
1487 4294966626
1486 4294966666
1485 4294966626
1484 4294966664
1483 4294966625
1482 4294966665
1481 4294966625
1480 4294966665
1479 4294966703
1478 4294966743
1477 4294966703
1476 4294966663
1475 4294966702
1474 4294966741
1473 4294966781
1472 4294966741
1471 4294966776
1470 4294966816
1469 4294966855
1468 4294966815
1467 4294966854
1466 4294966893
1465 4294966853
1464 4294966813
1463 4294966851
1462 4294966891
1461 4294966931
1460 4294966891
1459 4294966852
1458 4294966892
1457 4294966927
1456 4294966887
1455 4294966850
1454 4294966890
1453 4294966850
1452 4294966890
1451 4294966929
1450 4294966969
1449 4294966930
1448 4294966891
1447 4294966853
1446 4294966893
1445 4294966933
1444 4294966972
1443 4294966933
1442 4294966973
1441 4294967013
1440 4294966973
1439 4294966937
1438 4294966977
1437 4294966937
1436 4294966897
1435 4294966936
1434 4294966976
1433 4294967016
1432 4294967056
1431 4294967018
1430 4294966980
1429 4294966940
1428 4294966980
1427 4294967019
1426 4294967059
1425 4294967099
1424 4294967060
1423 4294967097
1422 4294967137
1421 4294967098
1420 4294967137
1419 4294967098
1418 4294967138
1417 4294967098
1416 4294967058
1415 4294967096
1414 4294967056
1413 4294967096
1412 4294967135
1411 4294967174
1410 4294967134
1409 4294967094
1408 4294967134
1407 4294967100
1406 4294967140
1405 4294967180
1404 4294967140
1403 4294967102
1402 4294967062
1401 4294967022
1400 4294966982
1399 4294966944
1398 4294966984
1397 4294967024
1396 4294966984
1395 4294967023
1394 4294966984
1393 4294967024
1392 4294966984
1391 4294966947
1390 4294966907
1389 4294966947
1388 4294966907
1387 4294966946
1386 4294966906
1385 4294966945
1384 4294966905
1383 4294966867
1382 4294966827
1381 4294966787
1380 4294966827
1379 4294966866
1378 4294966826
1377 4294966866
1376 4294966903
1375 4294966867
1374 4294966829
1373 4294966869
1372 4294966909
1371 4294966947
1370 4294966907
1369 4294966947
1368 4294966908
1367 4294966870
1366 4294966910
1365 4294966870
1364 4294966830
1363 4294966791
1362 4294966751
1361 4294966791
1360 4294966831
1359 4294966794
1358 4294966833
1357 4294966873
1356 4294966833
1355 4294966794
1354 4294966754
1353 4294966714
1352 4294966754
1351 4294966792
1350 4294966752
1349 4294966714
1348 4294966674
1347 4294966713
1346 4294966673
1345 4294966633
1344 4294966593
1343 4294966558
1342 4294966518
1341 4294966558
1340 4294966597
1339 4294966558
1338 4294966518
1337 4294966558
1336 4294966518
1335 4294966480
1334 4294966520
1333 4294966560
1332 4294966520
1331 4294966559
1330 4294966597
1329 4294966557
1328 4294966517
1327 4294966554
1326 4294966594
1325 4294966554
1324 4294966593
1323 4294966632
1322 4294966670
1321 4294966630
1320 4294966670
1319 4294966632
1318 4294966672
1317 4294966632
1316 4294966592
1315 4294966553
1314 4294966513
1313 4294966474
1312 4294966434
1311 4294966398
1310 4294966438
1309 4294966478
1308 4294966518
1307 4294966479
1306 4294966519
1305 4294966479
1304 4294966440
1303 4294966402
1302 4294966442
1301 4294966402
1300 4294966442
1299 4294966481
1298 4294966441
1297 4294966481
1296 4294966521
1295 4294966484
1294 4294966524
1293 4294966484
1292 4294966444
1291 4294966405
1290 4294966445
1289 4294966405
1288 4294966445
1287 4294966483
1286 4294966444
1285 4294966404
1284 4294966364
1283 4294966325
1282 4294966365
1281 4294966325
1280 4294966365
1279 4294966398
1278 4294966438
1277 4294966399
1276 4294966439
1275 4294966400
1274 4294966361
1273 4294966322
1272 4294966282
1271 4294966320
1270 4294966280
1269 4294966320
1268 4294966282
1267 4294966321
1266 4294966281
1265 4294966321
1264 4294966361
1263 4294966398
1262 4294966358
1261 4294966318
1260 4294966278
1259 4294966239
1258 4294966279
1257 4294966319
1256 4294966279
1255 4294966241
1254 4294966201
1253 4294966161
1252 4294966121
1251 4294966160
1250 4294966199
1249 4294966236
1248 4294966276
1247 4294966312
1246 4294966272
1245 4294966312
1244 4294966352
1243 4294966391
1242 4294966351
1241 4294966389
1240 4294966349
1239 4294966387
1238 4294966427
1237 4294966387
1236 4294966427
1235 4294966388
1234 4294966428
1233 4294966388
1232 4294966427
1231 4294966390
1230 4294966430
1229 4294966390
1228 4294966430
1227 4294966469
1226 4294966429
1225 4294966389
1224 4294966350
1223 4294966312
1222 4294966352
1221 4294966392
1220 4294966432
1219 4294966393
1218 4294966353
1217 4294966313
1216 4294966353
1215 4294966388
1214 4294966352
1213 4294966312
1212 4294966352
1211 4294966313
1210 4294966273
1209 4294966234
1208 4294966274
1207 4294966236
1206 4294966196
1205 4294966157
1204 4294966117
1203 4294966078
1202 4294966038
1201 4294965998
1200 4294966038
1199 4294966075
1198 4294966035
1197 4294965995
1196 4294965956
1195 4294965917
1194 4294965877
1193 4294965917
1192 4294965957
1191 4294965919
1190 4294965879
1189 4294965839
1188 4294965799
1187 4294965761
1186 4294965801
1185 4294965761
1184 4294965801
1183 4294965765
1182 4294965804
1181 4294965844
1180 4294965884
1179 4294965845
1178 4294965884
1177 4294965924
1176 4294965884
1175 4294965846
1174 4294965885
1173 4294965845
1172 4294965885
1171 4294965924
1170 4294965964
1169 4294966003
1168 4294965963
1167 4294966000
1166 4294965960
1165 4294966000
1164 4294965960
1163 4294965921
1162 4294965961
1161 4294966001
1160 4294965963
1159 4294966001
1158 4294965961
1157 4294966001
1156 4294965961
1155 4294965922
1154 4294965882
1153 4294965842
1152 4294965882
1151 4294965916
1150 4294965956
1149 4294965917
1148 4294965877
1147 4294965838
1146 4294965798
1145 4294965838
1144 4294965798
1143 4294965836
1142 4294965875
1141 4294965835
1140 4294965795
1139 4294965834
1138 4294965794
1137 4294965754
1136 4294965714
1135 4294965751
1134 4294965711
1133 4294965674
1132 4294965634
1131 4294965673
1130 4294965713
1129 4294965753
1128 4294965793
1127 4294965831
1126 4294965870
1125 4294965830
1124 4294965868
1123 4294965907
1122 4294965947
1121 4294965907
1120 4294965867
1119 4294965903
1118 4294965863
1117 4294965903
1116 4294965943
1115 4294965982
1114 4294965942
1113 4294965902
1112 4294965942
1111 4294965904
1110 4294965864
1109 4294965824
1108 4294965864
1107 4294965903
1106 4294965865
1105 4294965905
1104 4294965945
1103 4294965908
1102 4294965948
1101 4294965988
1100 4294965948
1099 4294965987
1098 4294965947
1097 4294965908
1096 4294965948
1095 4294965910
1094 4294965950
1093 4294965910
1092 4294965950
1091 4294965989
1090 4294966029
1089 4294966069
1088 4294966030
1087 4294966065
1086 4294966105
1085 4294966145
1084 4294966185
1083 4294966224
1082 4294966263
1081 4294966223
1080 4294966183
1079 4294966221
1078 4294966181
1077 4294966142
1076 4294966102
1075 4294966141
1074 4294966180
1073 4294966220
1072 4294966180
1071 4294966217
1070 4294966178
1069 4294966218
1068 4294966258
1067 4294966219
1066 4294966179
1065 4294966219
1064 4294966259
1063 4294966297
1062 4294966337
1061 4294966298
1060 4294966338
1059 4294966299
1058 4294966259
1057 4294966298
1056 4294966258
1055 4294966294
1054 4294966254
1053 4294966294
1052 4294966331
1051 4294966370
1050 4294966410
1049 4294966449
1048 4294966489
1047 4294966451
1046 4294966411
1045 4294966371
1044 4294966411
1043 4294966450
1042 4294966410
1041 4294966370
1040 4294966330
1039 4294966293
1038 4294966333
1037 4294966373
1036 4294966333
1035 4294966294
1034 4294966255
1033 4294966295
1032 4294966335
1031 4294966373
1030 4294966413
1029 4294966453
1028 4294966415
1027 4294966454
1026 4294966414
1025 4294966452
1024 4294966491
1023 4294966460
1022 4294966500
1021 4294966540
1020 4294966580
1019 4294966619
1018 4294966659
1017 4294966619
1016 4294966658
1015 4294966620
1014 4294966660
1013 4294966621
1012 4294966661
1011 4294966622
1010 4294966582
1009 4294966622
1008 4294966662
1007 4294966699
1006 4294966659
1005 4294966619
1004 4294966659
1003 4294966698
1002 4294966658
1001 4294966698
1000 4294966738
999 4294966700
998 4294966662
997 4294966622
996 4294966662
995 4294966623
994 4294966583
993 4294966623
992 4294966583
991 4294966547
990 4294966587
989 4294966626
988 4294966586
987 4294966547
986 4294966587
985 4294966627
984 4294966587
983 4294966625
982 4294966665
981 4294966625
980 4294966664
979 4294966703
978 4294966663
977 4294966703
976 4294966743
975 4294966780
974 4294966741
973 4294966701
972 4294966661
971 4294966697
970 4294966737
969 4294966777
968 4294966817
967 4294966855
966 4294966895
965 4294966855
964 4294966815
963 4294966854
962 4294966893
961 4294966933
960 4294966894
959 4294966859
958 4294966819
957 4294966779
956 4294966819
955 4294966858
954 4294966818
953 4294966779
952 4294966819
951 4294966857
950 4294966817
949 4294966778
948 4294966738
947 4294966699
946 4294966739
945 4294966779
944 4294966817
943 4294966854
942 4294966814
941 4294966854
940 4294966894
939 4294966855
938 4294966815
937 4294966855
936 4294966895
935 4294966857
934 4294966897
933 4294966857
932 4294966817
931 4294966856
930 4294966895
929 4294966855
928 4294966895
927 4294966859
926 4294966898
925 4294966858
924 4294966897
923 4294966936
922 4294966896
921 4294966856
920 4294966816
919 4294966854
918 4294966894
917 4294966932
916 4294966892
915 4294966931
914 4294966971
913 4294966931
912 4294966891
911 4294966854
910 4294966894
909 4294966854
908 4294966893
907 4294966932
906 4294966972
905 4294967012
904 4294966972
903 4294966934
902 4294966974
901 4294967014
900 4294966974
899 4294966935
898 4294966895
897 4294966855
896 4294966895
895 4294966861
894 4294966821
893 4294966861
892 4294966821
891 4294966860
890 4294966897
889 4294966937
888 4294966897
887 4294966935
886 4294966975
885 4294966935
884 4294966975
883 4294966936
882 4294966976
881 4294967015
880 4294967055
879 4294967018
878 4294966978
877 4294966938
876 4294966978
875 4294966939
874 4294966901
873 4294966941
872 4294966980
871 4294966942
870 4294966902
869 4294966862
868 4294966822
867 4294966783
866 4294966822
865 4294966782
864 4294966742
863 4294966706
862 4294966746
861 4294966706
860 4294966746
859 4294966707
858 4294966747
857 4294966707
856 4294966747
855 4294966709
854 4294966670
853 4294966710
852 4294966750
851 4294966711
850 4294966671
849 4294966632
848 4294966592
847 4294966629
846 4294966668
845 4294966629
844 4294966668
843 4294966707
842 4294966667
841 4294966627
840 4294966588
839 4294966550
838 4294966590
837 4294966550
836 4294966512
835 4294966473
834 4294966433
833 4294966473
832 4294966512
831 4294966547
830 4294966507
829 4294966547
828 4294966587
827 4294966626
826 4294966666
825 4294966706
824 4294966667
823 4294966629
822 4294966669
821 4294966709
820 4294966749
819 4294966710
818 4294966671
817 4294966631
816 4294966591
815 4294966554
814 4294966514
813 4294966554
812 4294966514
811 4294966475
810 4294966515
809 4294966478
808 4294966518
807 4294966480
806 4294966440
805 4294966480
804 4294966520
803 4294966481
802 4294966441
801 4294966401
800 4294966440
799 4294966476
798 4294966436
797 4294966396
796 4294966436
795 4294966475
794 4294966515
793 4294966475
792 4294966435
791 4294966397
790 4294966357
789 4294966397
788 4294966357
787 4294966396
786 4294966436
785 4294966476
784 4294966436
783 4294966399
782 4294966361
781 4294966401
780 4294966361
779 4294966400
778 4294966360
777 4294966320
776 4294966360
775 4294966322
774 4294966361
773 4294966322
772 4294966362
771 4294966401
770 4294966361
769 4294966321
768 4294966361
767 4294966394
766 4294966354
765 4294966314
764 4294966275
763 4294966314
762 4294966274
761 4294966314
760 4294966354
759 4294966392
758 4294966432
757 4294966392
756 4294966432
755 4294966394
754 4294966354
753 4294966394
752 4294966354
751 4294966391
750 4294966431
749 4294966469
748 4294966429
747 4294966390
746 4294966429
745 4294966389
744 4294966349
743 4294966387
742 4294966427
741 4294966467
740 4294966507
739 4294966468
738 4294966508
737 4294966469
736 4294966429
735 4294966393
734 4294966354
733 4294966314
732 4294966354
731 4294966315
730 4294966275
729 4294966315
728 4294966280
727 4294966318
726 4294966358
725 4294966319
724 4294966358
723 4294966397
722 4294966357
721 4294966396
720 4294966356
719 4294966393
718 4294966433
717 4294966393
716 4294966353
715 4294966392
714 4294966432
713 4294966392
712 4294966352
711 4294966314
710 4294966353
709 4294966393
708 4294966433
707 4294966394
706 4294966354
705 4294966314
704 4294966354
703 4294966389
702 4294966349
701 4294966387
700 4294966427
699 4294966466
698 4294966426
697 4294966386
696 4294966346
695 4294966384
694 4294966344
693 4294966304
692 4294966265
691 4294966304
690 4294966344
689 4294966304
688 4294966264
687 4294966301
686 4294966261
685 4294966223
684 4294966183
683 4294966222
682 4294966262
681 4294966302
680 4294966262
679 4294966300
678 4294966260
677 4294966300
676 4294966340
675 4294966301
674 4294966339
673 4294966299
672 4294966339
671 4294966375
670 4294966335
669 4294966375
668 4294966335
667 4294966374
666 4294966334
665 4294966295
664 4294966335
663 4294966297
662 4294966337
661 4294966297
660 4294966337
659 4294966376
658 4294966416
657 4294966456
656 4294966495
655 4294966532
654 4294966492
653 4294966532
652 4294966572
651 4294966611
650 4294966651
649 4294966612
648 4294966572
647 4294966609
646 4294966649
645 4294966689
644 4294966729
643 4294966690
642 4294966730
641 4294966770
640 4294966810
639 4294966776
638 4294966815
637 4294966855
636 4294966894
635 4294966855
634 4294966815
633 4294966775
632 4294966735
631 4294966697
630 4294966737
629 4294966776
628 4294966736
627 4294966775
626 4294966815
625 4294966775
624 4294966738
623 4294966701
622 4294966661
621 4294966621
620 4294966583
619 4294966544
618 4294966584
617 4294966624
616 4294966664
615 4294966702
614 4294966742
613 4294966702
612 4294966742
611 4294966781
610 4294966741
609 4294966781
608 4294966821
607 4294966785
606 4294966825
605 4294966865
604 4294966904
603 4294966943
602 4294966982
601 4294967022
600 4294967062
599 4294967024
598 4294967064
597 4294967104
596 4294967064
595 4294967103
594 4294967143
593 4294967181
592 4294967221
591 4294967258
590 4294967218
589 4294967258
588 4294967218
587 4294967257
586 1
585 4294967257
584 4294967218
583 4294967180
582 4294967140
581 4294967180
580 4294967140
579 4294967101
578 4294967061
577 4294967100
576 4294967140
575 4294967105
574 4294967144
573 4294967184
572 4294967144
571 4294967105
570 4294967145
569 4294967105
568 4294967145
567 4294967107
566 4294967144
565 4294967104
564 4294967064
563 4294967025
562 4294967065
561 4294967025
560 4294967065
559 4294967028
558 4294966988
557 4294966949
556 4294966989
555 4294967028
554 4294967068
553 4294967028
552 4294966988
551 4294967026
550 4294966986
549 4294966947
548 4294966986
547 4294967025
546 4294967065
545 4294967025
544 4294966985
543 4294966949
542 4294966909
541 4294966869
540 4294966909
539 4294966871
538 4294966910
537 4294966870
536 4294966830
535 4294966792
534 4294966752
533 4294966792
532 4294966752
531 4294966713
530 4294966752
529 4294966792
528 4294966753
527 4294966716
526 4294966676
525 4294966636
524 4294966597
523 4294966636
522 4294966676
521 4294966637
520 4294966677
519 4294966715
518 4294966675
517 4294966715
516 4294966675
515 4294966636
514 4294966596
513 4294966556
512 4294966518
511 4294966550
510 4294966510
509 4294966470
508 4294966510
507 4294966549
506 4294966588
505 4294966628
504 4294966588
503 4294966550
502 4294966590
501 4294966550
500 4294966510
499 4294966548
498 4294966588
497 4294966628
496 4294966588
495 4294966625
494 4294966586
493 4294966626
492 4294966586
491 4294966547
490 4294966587
489 4294966548
488 4294966508
487 4294966470
486 4294966510
485 4294966474
484 4294966434
483 4294966395
482 4294966435
481 4294966395
480 4294966355
479 4294966391
478 4294966431
477 4294966391
476 4294966430
475 4294966391
474 4294966430
473 4294966470
472 4294966430
471 4294966392
470 4294966352
469 4294966392
468 4294966352
467 4294966391
466 4294966431
465 4294966391
464 4294966431
463 4294966468
462 4294966508
461 4294966468
460 4294966508
459 4294966469
458 4294966431
457 4294966391
456 4294966431
455 4294966469
454 4294966509
453 4294966469
452 4294966429
451 4294966468
450 4294966428
449 4294966467
448 4294966507
447 4294966542
446 4294966502
445 4294966462
444 4294966422
443 4294966383
442 4294966423
441 4294966463
440 4294966424
439 4294966462
438 4294966502
437 4294966542
436 4294966502
435 4294966541
434 4294966581
433 4294966621
432 4294966661
431 4294966698
430 4294966738
429 4294966778
428 4294966818
427 4294966857
426 4294966817
425 4294966857
424 4294966896
423 4294966858
422 4294966897
421 4294966857
420 4294966897
419 4294966936
418 4294966976
417 4294967016
416 4294966976
415 4294966940
414 4294966900
413 4294966861
412 4294966821
411 4294966860
410 4294966820
409 4294966860
408 4294966900
407 4294966938
406 4294966898
405 4294966938
404 4294966975
403 4294967014
402 4294966974
401 4294967014
400 4294967054
399 4294967017
398 4294967057
397 4294967017
396 4294967057
395 4294967096
394 4294967056
393 4294967016
392 4294966976
391 4294967014
390 4294966974
389 4294966934
388 4294966974
387 4294967013
386 4294967052
385 4294967012
384 4294967052
383 4294967018
382 4294967058
381 4294967018
380 4294966978
379 4294966939
378 4294966979
377 4294967017
376 4294966977
375 4294966939
374 4294966901
373 4294966941
372 4294966981
371 4294966942
370 4294966902
369 4294966942
368 4294966981
367 4294967018
366 4294967058
365 4294967098
364 4294967058
363 4294967019
362 4294967058
361 4294967018
360 4294966979
359 4294966941
358 4294966981
357 4294966941
356 4294966981
355 4294967020
354 4294966980
353 4294967020
352 4294967060
351 4294967024
350 4294966986
349 4294966947
348 4294966987
347 4294966948
346 4294966988
345 4294966948
344 4294966988
343 4294966950
342 4294966988
341 4294966949
340 4294966909
339 4294966870
338 4294966830
337 4294966869
336 4294966909
335 4294966872
334 4294966832
333 4294966792
332 4294966831
331 4294966870
330 4294966910
329 4294966870
328 4294966830
327 4294966792
326 4294966752
325 4294966712
324 4294966751
323 4294966714
322 4294966674
321 4294966714
320 4294966674
319 4294966709
318 4294966669
317 4294966709
316 4294966749
315 4294966788
314 4294966749
313 4294966709
312 4294966749
311 4294966787
310 4294966827
309 4294966867
308 4294966827
307 4294966788
306 4294966828
305 4294966789
304 4294966749
303 4294966786
302 4294966746
301 4294966706
300 4294966666
299 4294966705
298 4294966665
297 4294966625
296 4294966587
295 4294966549
294 4294966509
293 4294966470
292 4294966510
291 4294966549
290 4294966509
289 4294966549
288 4294966510
287 4294966546
286 4294966506
285 4294966546
284 4294966586
283 4294966625
282 4294966665
281 4294966705
280 4294966745
279 4294966783
278 4294966822
277 4294966782
276 4294966822
275 4294966783
274 4294966822
273 4294966782
272 4294966822
271 4294966859
270 4294966899
269 4294966937
268 4294966977
267 4294967016
266 4294966976
265 4294967016
264 4294966976
263 4294967014
262 4294967054
261 4294967014
260 4294967053
259 4294967014
258 4294966974
257 4294967014
256 4294967054
255 4294967021
254 4294967061
253 4294967021
252 4294966981
251 4294967020
250 4294967060
249 4294967022
248 4294966982
247 4294966944
246 4294966904
245 4294966944
244 4294966983
243 4294967022
242 4294967058
241 4294967097
240 4294967137
239 4294967100
238 4294967140
237 4294967180
236 4294967140
235 4294967179
234 4294967139
233 4294967100
232 4294967140
231 4294967102
230 4294967142
229 4294967182
228 4294967222
227 4294967183
226 4294967223
225 4294967183
224 4294967144
223 4294967108
222 4294967148
221 4294967188
220 4294967148
219 4294967109
218 4294967069
217 4294967029
216 4294966989
215 4294966951
214 4294966911
213 4294966871
212 4294966831
211 4294966870
210 4294966910
209 4294966870
208 4294966830
207 4294966867
206 4294966906
205 4294966866
204 4294966826
203 4294966787
202 4294966747
201 4294966707
200 4294966667
199 4294966705
198 4294966745
197 4294966706
196 4294966746
195 4294966707
194 4294966747
193 4294966707
192 4294966747
191 4294966782
190 4294966822
189 4294966862
188 4294966824
187 4294966863
186 4294966823
185 4294966863
184 4294966823
183 4294966785
182 4294966745
181 4294966785
180 4294966825
179 4294966864
178 4294966904
177 4294966864
176 4294966824
175 4294966861
174 4294966900
173 4294966940
172 4294966980
171 4294967019
170 4294967058
169 4294967098
168 4294967059
167 4294967097
166 4294967137
165 4294967097
164 4294967137
163 4294967176
162 4294967216
161 4294967253
160 4294967213
159 4294967177
158 4294967137
157 4294967097
156 4294967137
155 4294967098
154 4294967058
153 4294967098
152 4294967137
151 4294967099
150 4294967139
149 4294967100
148 4294967140
147 4294967179
146 4294967218
145 4294967178
144 4294967138
143 4294967101
142 4294967061
141 4294967021
140 4294966981
139 4294966942
138 4294966982
137 4294967022
136 4294967062
135 4294967024
134 4294966986
133 4294966946
132 4294966906
131 4294966867
130 4294966907
129 4294966947
128 4294966907
127 4294966941
126 4294966981
125 4294966942
124 4294966980
123 4294967019
122 4294966979
121 4294966939
120 4294966900
119 4294966938
118 4294966898
117 4294966858
116 4294966897
115 4294966936
114 4294966896
113 4294966936
112 4294966976
111 4294967013
110 4294966973
109 4294967013
108 4294967053
107 4294967091
106 4294967131
105 4294967091
104 4294967131
103 4294967093
102 4294967133
101 4294967173
100 4294967213
99 4294967174
98 4294967213
97 4294967252
96 4294967292
95 4294967256
94 4294967216
93 4294967176
92 4294967136
91 4294967175
90 4294967135
89 4294967096
88 4294967136
87 4294967098
86 4294967058
85 4294967018
84 4294966978
83 4294966939
82 4294966979
81 4294966939
80 4294966902
79 4294966939
78 4294966979
77 4294967019
76 4294966979
75 4294967018
74 4294967057
73 4294967017
72 4294967057
71 4294967095
70 4294967135
69 4294967175
68 4294967135
67 4294967174
66 4294967214
65 4294967254
64 4294967214
63 4294967179
62 4294967218
61 4294967178
60 4294967218
59 4294967179
58 4294967219
57 4294967179
56 4294967139
55 4294967101
54 4294967061
53 4294967023
52 4294967063
51 4294967102
50 4294967062
49 4294967101
48 4294967062
47 4294967099
46 4294967139
45 4294967099
44 4294967138
43 4294967177
42 4294967217
41 4294967257
40 1
39 4294967259
38 4294967219
37 4294967179
36 4294967219
35 4294967180
34 4294967140
33 4294967100
32 4294967060
31 4294967096
30 4294967136
29 4294967176
28 4294967216
27 4294967255
26 4294967293
25 4294967253
24 4294967214
23 4294967176
22 4294967216
21 4294967176
20 4294967136
19 4294967175
18 4294967215
17 4294967254
16 4294967294
15 4294967257
14 4294967217
13 4294967177
12 4294967217
11 4294967256
10 0
9 4294967256
8 4294967217
7 4294967255
6 4294967295
5 4294967255
4 4294967295
3 4294967256
2 0
1 40
143290032
