31163 23706
31163 23706
31163 23706
15315 26184
14552 2095
15315 26184
2626 30896
2626 30896
15315 26184
15315 26184
21176 20496
19976 13585
31163 23706
11839 18933
1503 18563
18817 27726
28869 27839
7760 21903
28869 27839
24104 591
14552 2095
16391 18655
1503 18563
14552 2095
7507 1360
18817 27726
1416 26422
19521 21822
25199 2467
1863 32386
19976 13585
7507 1360
19521 21822
1745 24453
26901 20694
11839 18933
1745 24453
1416 26422
14724 7022
19585 11103
18646 20316
13599 25175
1416 26422
18028 4795
2401 21763
25199 2467
1416 26422
9755 9390
7760 21903
1745 24453
22455 6102
1745 24453
1745 24453
26895 20469
19585 11103
19958 22301
31640 16493
16391 18655
31163 23706
1416 26422
21986 6249
1416 26422
26895 20469
7507 1360
21986 6249
19521 21822
21176 20496
21986 6249
11013 15708
21478 21647
6519 4380
10636 28376
6183 21943
21986 6249
14552 2095
8695 6925
18028 4795
14564 13991
10718 4696
17954 3535
18817 27726
19872 24696
26031 11245
9227 27061
17954 3535
27629 32363
29854 32525
5496 22347
6183 21943
26895 20469
23272 8030
23657 1368
12422 14806
21497 17577
21176 20496
9755 9390
11778 2928
13127 13175
11778 2928
5964 23821
13599 25175
21478 21647
32666 25242
21478 21647
1416 26422
19976 13585
14073 26815
11108 32397
17954 3535
7760 21903
10636 28376
2439 7718
25199 2467
17954 3535
23931 3614
4240 16629
6519 4380
29690 27758
32666 25242
19976 13585
3949 27692
15968 32370
21176 20496
30861 4544
20439 11669
10636 28376
14216 1715
2439 7718
7507 1360
16391 18655
21804 9030
24861 13700
5562 5894
11393 22449
1863 32386
20168 26457
9227 27061
27734 18475
20001 2705
26895 20469
1825 19327
6453 10978
11013 15708
11393 22449
18028 4795
17954 3535
10739 21896
7507 1360
20439 11669
19958 22301
26031 11245
23272 8030
15867 1237
11155 27812
23931 3614
29234 24898
11108 32397
16341 18045
20583 30186
2401 21763
25421 26620
14552 2095
29690 27758
24861 13700
12174 20684
3973 20402
4246 26006
32604 24070
18817 27726
31629 38
9709 19243
26993 23439
29854 32525
3406 24872
13787 16452
29854 32525
23000 9334
2674 16853
8695 6925
20001 2705
31629 38
1503 18563
24838 5726
22411 23521
1863 32386
15867 1237
122 2181
12422 14806
31163 23706
12204 9471
27734 18475
5964 23821
10636 28376
23219 19746
15968 32370
15867 1237
23516 14993
19958 22301
11155 27812
29690 27758
18935 30884
24104 591
5496 22347
24699 8704
20471 19784
9199 27586
7598 27764
11473 5362
20471 19784
23623 18428
28286 32129
5190 8865
24787 30813
10718 4696
18817 27726
2118 29698
21974 12898
11485 7029
17744 23604
10739 21896
12174 20684
31097 12815
6519 4380
26895 20469
22382 3732
1462 9339
16964 4637
20471 19784
23623 18428
3406 24872
1462 9339
26850 16371
14472 23863
3210 13201
122 2181
21804 9030
7314 18684
19585 11103
14808 8104
22455 6102
19107 29065
14564 13991
32604 24070
26850 16371
3949 27692
24104 591
12864 27102
6453 10978
27836 14245
26981 27396
21497 17577
20129 31248
4240 16629
2401 21763
21176 20496
26611 7952
30429 9031
28286 32129
23289 26101
9227 27061
32277 18007
10957 11531
5230 15484
31163 23706
2118 29698
18208 20311
5190 8865
10957 11531
23209 17001
15968 32370
22411 23521
12533 690
6453 10978
18217 19778
5190 8865
25199 2467
29970 32763
21804 9030
26475 989
28637 6029
29604 17762
7314 18684
966 10311
15315 26184
28790 20112
9225 28904
9227 27061
24321 25942
19196 1576
8828 14768
20439 11669
26475 989
10636 28376
6453 10978
15226 14988
28869 27839
21478 21647
23209 17001
14808 8104
28286 32129
27060 29536
23925 9336
10957 11531
538 27250
16639 23807
15027 28251
5230 15484
13127 13175
3353 1225
23219 19746
25340 7569
2618 16092
19633 21306
1745 24453
24787 30813
994 932
5964 23821
16964 4637
6453 10978
23931 3614
9388 12069
14196 7904
26032 22799
5858 14232
7314 18684
1216 22710
17744 23604
14808 8104
21806 25326
22775 18490
19633 21306
4671 1710
32277 18007
20452 27917
10739 21896
19521 21822
29534 5404
931 14523
28205 22215
32277 18007
23772 5553
1125 31687
16169 364
26850 16371
14724 7022
6856 15065
20471 19784
22411 23521
21806 25326
2829 8364
31343 6485
10393 19452
2759 530
6419 7294
5632 3330
28869 27839
15867 1237
23772 5553
10303 14221
6746 20793
10718 4696
28637 6029
26993 23439
11839 18933
3855 32116
18028 4795
19757 11573
2439 7718
19976 13585
1127 2117
21234 27466
18646 20316
31630 28919
6883 20566
27796 12643
3798 20637
15073 20698
25340 7569
3135 29458
20804 18660
9061 22113
994 932
15968 32370
26802 3724
9452 28520
2185 5057
4240 16629
25328 6658
25475 18090
2118 29698
5496 22347
13398 18188
8966 8521
26772 20647
1725 29627
26802 3724
28086 2589
32662 3229
3406 24872
15469 147
6419 7294
3798 20637
9465 31836
26745 11780
24961 7116
18035 16546
31630 28919
29429 13992
7598 27764
5857 4526
3798 20637
17744 23604
15315 26184
6883 20566
5230 15484
4671 1710
25858 13534
26789 15442
14351 10496
11384 13455
12030 19588
28821 29508
19677 2955
23516 14993
19521 21822
25239 29270
6419 7294
30122 6689
6805 22075
31630 28919
25638 17385
24962 25709
24321 25942
15783 19904
11155 27812
27796 12643
28424 22570
9388 12069
5474 24728
17744 23604
5632 3330
17954 3535
25308 11014
1127 2117
26928 17960
13599 25175
14316 23919
12864 27102
18217 19778
11778 2928
18817 27726
11013 15708
4433 2791
14874 10713
8966 8521
19585 11103
23272 8030
8695 6925
9861 11603
23931 3614
2517 26942
14808 8104
12518 7983
32017 22431
21974 12898
20452 27917
11473 5362
28637 6029
29970 32763
22775 18490
31163 23706
3949 27692
28821 29508
21255 23022
5585 16743
9649 19830
2267 13086
15027 28251
2415 1561
14874 10713
9755 9390
4671 1710
2118 29698
28086 2589
30863 6203
19872 24696
25478 15410
21018 11442
22411 23521
14113 11321
5240 24971
22455 6102
12371 27748
14564 13991
29220 2007
390 32427
11374 31325
12204 9471
12292 24520
29220 2007
21255 23022
32470 8724
16391 18655
16731 30550
21576 22670
11982 28065
26928 17960
23623 18428
25328 6658
5617 19631
11586 1302
12030 19588
27734 18475
26981 27396
11387 22828
3798 20637
18817 27726
22816 18149
26513 28429
756 13161
2829 8364
16964 4637
7652 24416
12379 9374
14874 10713
9231 26444
5562 5894
22816 18149
31343 6485
23516 14993
28821 29508
5562 5894
20688 15316
28205 22215
31833 9045
24321 25942
29234 24898
4032 31699
28286 32129
31315 17455
10935 24135
11316 19692
28621 594
3835 5759
15775 25418
5984 4935
21387 26215
31833 9045
23203 30273
22194 8756
11387 22828
27734 18475
26697 4563
9678 13677
270 5722
5562 5894
22441 31864
14564 13991
26274 18891
23772 5553
6746 20793
19585 11103
3210 13201
31351 13181
16908 25371
11586 1302
2517 26942
9678 13677
2105 12156
23587 9816
9240 23228
3670 23465
9452 28520
5984 4935
29176 958
28869 27839
3734 20631
26598 71
15226 14988
31629 38
26274 18891
24566 10719
28205 22215
5668 336
22775 18490
30789 30992
24364 23962
3798 20637
28821 29508
3218 5668
22587 8
12518 7983
16781 967
24012 11237
11654 10175
9164 19903
20161 23161
18379 6529
9452 28520
3510 24852
7680 24084
29176 958
9227 27061
17888 20547
23623 18428
8966 8521
24321 25942
10505 29168
11586 1302
23046 11041
13962 30351
25806 7423
32022 30666
2304 6840
22194 8756
2304 6840
2439 7718
122 2181
2626 30896
28637 6029
22382 3732
10665 28681
23000 9334
32662 3229
30861 4544
12677 10339
30649 2146
14874 10713
349 31960
1286 21841
5320 32395
444 9671
26463 31208
5964 23821
2609 31799
9662 13157
26110 20034
20452 27917
25478 15410
2322 25639
11982 28065
24838 5726
31630 28919
19107 29065
26441 2074
21821 15782
27175 21487
12961 7630
18646 20316
19958 22301
2829 8364
6883 20566
10839 10255
19285 6634
2361 1619
26789 15442
26745 11780
13127 13175
6746 20793
8439 11161
13955 9540
14124 13039
24787 30813
25478 15410
1693 22964
27836 14245
20775 10930
16964 4637
11316 19692
9240 23228
13398 18188
15469 147
19633 21306
21234 27466
5320 32395
18662 18677
4433 2791
18277 13027
28205 22215
1693 22964
4643 21404
8324 21735
212 8322
5984 4935
18825 30428
18203 18631
23209 17001
17157 20685
29176 958
2439 7718
3670 23465
5474 24728
25478 15410
1402 8417
24031 18508
3510 24852
26132 2229
14124 13039
29806 10696
24699 8704
26598 71
10505 29168
13418 2537
31282 28452
19285 6634
4643 21404
2553 28685
28885 17181
12422 14806
1125 31687
444 9671
8439 11161
23046 11041
22587 8
10770 10367
10770 10367
13599 25175
23817 10796
7598 27764
11473 5362
12278 23777
23791 18336
25421 26620
1503 18563
12379 9374
12864 27102
31897 30177
2626 30896
30883 13943
28898 29045
1910 15965
28869 27839
27287 2083
626 959
27216 26619
23587 9816
13962 30351
13127 13175
8324 21735
14196 7888
11953 20916
6453 10978
26068 6595
32604 24070
1216 22710
19972 22606
5857 4526
1251 32273
28565 6047
31897 30177
32017 22431
11938 25408
20227 8472
3297 29463
18203 18631
32017 22431
24838 5726
5643 15352
2756 3060
15226 14988
7860 13099
11630 16488
4246 26006
28971 19362
12662 6013
19811 4807
27175 21487
10109 18936
25903 1997
5723 23779
19976 13585
23289 26101
21387 26215
20688 15316
28790 20112
5135 18338
17358 24872
23289 26101
12078 32148
21234 27466
30272 5825
15267 16241
326 30165
12656 7079
15027 28251
8641 32660
13889 15141
11830 26429
2361 1619
14472 23863
7860 13099
32151 12221
30646 10811
15783 19904
17333 32325
18981 11253
25475 18090
28286 32129
27170 3643
444 9671
25530 26721
5562 5894
26697 4563
9861 11603
5335 21666
21714 1721
31248 13171
9507 2757
12292 24520
9465 31836
7860 13099
12656 7079
966 10311
29176 958
20129 31248
13422 23738
14610 11519
2618 16092
23892 16275
18028 4795
14124 13039
25422 5565
12961 7630
30429 9031
22587 8
31351 13181
22787 10966
23791 18336
21018 11442
11393 22449
12656 7079
18652 26917
6419 7294
3353 1225
16343 7889
21821 15782
3734 20631
24149 21165
22503 25698
19872 24696
29461 10943
30326 775
26913 8908
27629 32363
28286 32129
28869 27839
32740 30535
14564 13991
28825 8566
31640 16493
15641 22895
16366 14002
21714 1721
21804 9030
29806 10696
9164 19903
13127 13175
23772 5553
26031 11245
996 9264
29970 32763
18009 12463
898 16969
9465 31836
26802 3724
8406 23471
10636 28376
6519 4380
30863 6203
23203 30273
32373 24370
25328 6658
14124 13039
996 9264
11287 16486
31833 9045
21626 1606
13826 30326
28846 3263
29534 5404
5668 336
5528 30059
29220 2007
11013 15708
16993 17735
11118 23605
25769 21508
25117 23391
8744 18691
17358 30242
256 21127
24838 5726
27058 4461
15085 7753
30861 4544
26678 26481
28821 29508
29970 32763
18149 24906
24848 31977
14739 27444
5857 4526
16964 4637
12662 6013
25316 7562
12030 19588
10659 22410
20742 24374
21759 1994
326 30165
23209 17001
20583 30186
7314 18684
13257 8776
29970 32763
15469 23362
11374 31325
16266 4234
30899 2821
9995 19513
11630 16488
27083 4580
8599 4482
11411 8425
17333 32325
8696 2300
23209 17001
15073 20698
25316 7562
11674 25994
2712 3526
9231 26444
6272 23997
15073 20698
17337 20167
4552 6717
22382 3732
22450 14885
27297 27423
21255 23022
17497 17042
2697 2705
19521 21822
12379 9374
30585 21939
15963 10365
9834 16203
26498 1251
17655 25642
26928 17960
18935 30884
23892 16275
401 11653
29806 10696
26611 7952
6673 1765
24390 2736
22194 8756
28597 26599
13418 2537
25761 6320
9507 2757
2304 6840
21974 12898
1513 30207
24848 31977
11504 18618
9398 8352
26441 2074
1877 18859
10168 24414
29205 1347
9225 28904
26513 28429
25769 21508
1725 29627
24848 31977
9164 19903
5335 21666
10636 28376
30122 6689
30210 28907
18217 19778
31032 9678
270 5722
13422 23738
8104 3555
13334 9693
20227 8472
27083 4580
22138 31812
2623 10256
30326 775
1910 15965
20227 8472
29775 8622
18486 6693
28821 29508
22194 8756
15133 1747
5617 19631
26743 12037
5453 5181
25199 2467
19347 18990
25638 17385
3798 20637
29193 8542
26789 15442
12833 3934
30646 10811
22801 7228
17744 23604
23403 28679
19107 29065
5320 32395
15027 28251
2073 11984
4713 18127
31576 5425
30050 5834
5335 21666
29329 29590
909 24076
19633 21306
26587 23752
1564 1847
26745 11780
2505 24108
12961 7630
10485 24640
26678 26481
9465 31836
28178 3675
23659 14058
3983 5715
20251 30212
26441 2074
20227 8472
15940 21843
21236 11993
32052 5174
15783 19904
11630 16488
16169 364
15653 15198
26031 11245
14942 29700
4643 21404
27170 3643
25638 17385
17358 30242
5496 22347
5585 16743
27512 102
2553 28685
32092 29955
14808 8104
28869 27839
24012 11237
1251 32273
28801 9369
19521 21822
8406 23471
23925 9336
18652 26917
25127 12591
20129 31248
7067 15265
5528 30059
27969 15997
22779 4333
31310 24891
9225 28904
24332 14156
994 932
2105 12156
28424 22570
15027 28251
4552 6717
3983 5715
2517 26942
444 9671
13127 13175
15226 14988
14472 23863
18662 18677
18689 26455
24566 10719
9649 19830
3322 20927
21236 11993
23686 2500
31629 38
31977 12045
30272 5825
19347 18990
19609 9905
9331 271
32105 7273
3135 29458
9834 16203
22105 6923
12399 27391
29099 3930
12933 7425
5788 10892
10303 14221
23516 14993
22138 31812
21176 20496
2107 9715
23426 17300
5037 5245
9341 26025
1863 32386
122 2181
19285 6634
3510 24852
8527 8690
566 20612
25316 7562
12134 6542
23272 8030
8828 14768
10168 24414
12503 19300
32388 1488
11118 23605
9459 11020
17266 15461
6673 1765
13612 27466
3267 19678
14470 1351
28637 6029
13257 8776
12518 7983
24566 10719
25748 6600
9649 19830
11830 26429
4835 9194
14124 13039
20850 28013
26315 2870
13344 4011
2118 29698
26475 989
8633 28007
16141 9093
26102 3100
4915 16355
57 7718
19972 22606
21236 11993
12292 24520
9073 5211
10659 3023
4584 24197
25422 5565
5643 15352
11423 22064
17038 4069
29746 32716
31627 17076
3798 20637
32666 25242
5230 15484
11384 13455
22779 4333
18401 20676
3353 1225
28023 27431
10018 32128
10935 24135
8668 13832
22816 18149
9834 16203
28357 16851
14196 7904
22450 14885
14074 21648
23931 3614
26772 20647
27534 14474
12422 14806
18825 30428
17786 25932
6183 21943
16283 17396
21821 15782
9649 19830
15347 2745
30585 21939
12833 3934
3835 5759
30463 42
14472 23863
18144 27329
20869 9523
13233 27421
6183 21943
25199 2467
21947 23325
21255 23022
18142 32279
401 11653
2267 13086
12515 10896
27796 12643
19347 18990
7121 12002
25034 10703
4189 11177
3540 7727
11491 11527
13611 9329
15315 26184
29604 17762
10660 5456
4246 26006
32277 18007
6160 15777
18272 6958
27298 18202
8828 14768
26901 20694
28637 6029
6183 21943
10623 21235
27060 29536
15867 1237
5240 24971
2325 6466
16141 9093
26132 2229
9559 1491
21637 725
26598 71
22787 10966
756 13161
19496 5338
13094 1940
16391 18655
5643 15352
5858 14232
8653 243
16335 2963
26745 11780
29245 597
24236 31642
23623 18428
17947 1582
15867 1237
25117 23391
11499 18703
3949 27692
7598 27764
26928 17960
20452 27917
30899 2821
5426 5520
142 28084
23039 25714
3218 5668
19496 5338
17789 26380
27298 18202
16141 9093
5643 15352
2267 13086
29099 3930
8633 28007
19947 23511
12764 31223
19677 2955
9164 19903
10393 19452
30911 2529
27170 3643
30429 9031
9465 31836
14470 1351
30159 1324
21358 26410
10839 18005
20606 11724
10091 5416
9266 14037
5617 19631
24049 13632
11989 28395
3210 13201
4174 15665
9061 22113
12371 27748
17349 17947
4584 24197
22779 4333
29099 3930
30463 42
20423 32525
10042 21364
28479 9952
32082 22784
11118 23605
9381 9251
17038 4069
22450 14885
23111 29079
4305 7641
18825 30428
28597 26599
15230 5681
18935 30884
14383 27567
10386 23520
25100 32121
14124 13039
16808 15854
9586 25818
2446 18796
7121 12002
20850 28013
7067 15265
27297 27423
7915 9182
20605 27318
27629 32363
26913 13269
1988 22921
6118 21542
900 25637
10957 11531
26611 7952
11630 16488
20305 32035
12278 23777
13027 25709
3675 12284
3734 20631
9055 4772
31310 24891
4123 14800
5788 10892
20423 32525
11301 20815
18217 19778
15085 7753
457 4792
21868 22625
20070 8958
3948 27919
6885 16437
4840 21971
23511 30813
12647 15740
2623 10256
7016 16318
26801 9214
18203 18631
13967 8385
10343 19855
5135 18338
4588 5119
30904 23123
6519 4380
32388 1488
18621 31919
29795 9817
19587 32246
22671 19387
27060 29536
28193 27657
9744 21539
13787 16452
2603 15871
1558 536
6386 18028
28825 8566
23160 14886
20439 11669
19120 31435
28695 14455
16099 15213
26598 71
10839 18005
4623 4424
27274 27614
25748 6600
12216 15506
13418 2537
18144 27329
15968 32370
18379 6529
24326 18964
2553 28685
23272 8030
12134 6542
28023 27431
8966 8521
20129 31248
15315 26184
4143 30712
12332 5979
22100 27044
23203 30273
28086 2589
10791 17397
27058 4461
5426 5520
8633 28007
24106 14311
7183 8972
16341 18045
11485 7029
9331 271
9381 9251
31232 367
16169 364
9796 5308
25488 4978
4240 18966
25926 6
24149 21165
29719 26226
20439 11669
31807 31042
30904 23123
9199 27586
20471 19784
32615 14484
29854 32525
32022 30666
20017 9208
24450 23087
29887 27528
2304 6840
14285 8889
2207 6143
9282 30509
26315 2870
21353 7828
29534 5404
3709 1291
22013 8822
9282 30509
10839 5992
32092 29955
31928 20514
19186 22994
31315 17455
30122 6689
31097 12815
16155 14293
14261 17043
23039 25714
28174 28066
20606 11724
14216 1715
30680 175
25956 22671
11875 11249
27835 18600
1166 19077
18580 8187
26798 17888
19583 19824
21868 22625
15922 19651
18208 20311
9394 30922
7183 8972
18059 8365
19757 11573
24787 30813
2173 4872
7598 27764
19285 6634
8498 3176
6899 28088
2521 30267
2697 2705
31307 8585
18158 14205
31163 23706
16141 9093
5037 5245
8071 15445
6488 19440
27055 5857
30234 24949
11830 26429
17497 17042
10957 11531
29220 2007
16154 9380
23575 30049
12533 690
3406 24872
11875 11249
11938 25408
3218 5668
756 13161
27298 18202
13334 9693
6453 10978
8527 8690
22450 14885
12907 2044
6746 20793
13975 20561
31315 17455
12884 14505
5777 26557
5572 1786
26031 11245
19832 14828
14261 17043
31995 7381
5857 4526
11265 31401
2073 11984
8691 13015
27061 1405
31118 19455
25316 7562
25557 14417
11316 19692
24910 11619
23686 2500
12615 12210
20423 32525
19609 9905
22381 5970
1503 18563
7465 2379
29719 26226
5857 4526
32615 14484
18935 30884
21249 5106
8978 4900
7971 13172
31351 13181
1197 30918
4032 31699
28801 9369
13344 4011
28885 17181
11301 20815
12576 12384
29099 3930
15226 14988
26080 8659
12422 14806
21478 21647
2401 21763
6488 7632
14216 1715
1088 22617
31097 12815
30326 775
31248 13171
17737 23380
11118 23605
29772 22656
18035 16546
18377 29468
14313 30242
11013 15708
1988 22921
8762 19452
15230 5681
4216 18743
1910 15965
12884 14505
14313 30242
22213 20391
2072 10944
9944 24033
22657 23393
2267 13086
18990 17725
14924 25339
8599 4482
3933 15454
16731 30550
16908 25371
8924 21300
11989 28395
31097 12815
2322 25639
4623 4424
2132 4673
24106 14311
8924 21300
23791 18336
29245 597
75 30827
1819 10699
14383 27567
19757 11573
2343 32331
28897 9090
30830 3697
7656 4674
29970 32763
29795 9817
30074 23047
23203 30273
13967 8385
6317 20944
8756 17576
26863 1821
13742 16478
11778 2928
17947 1582
26315 2870
21816 19223
17260 3071
1088 22617
12216 10205
26498 1251
10957 11531
14942 29700
17949 16197
16366 14002
10627 2429
6902 3768
29820 3728
16064 14491
28776 16590
14074 21648
11519 4190
28677 30050
14853 19048
5964 23821
5120 8942
2415 1561
29308 20413
7214 1180
26174 2362
10020 21649
12615 12210
6305 3820
16308 4736
5173 29408
32151 12221
31661 10092
2322 25639
25740 9616
27061 1405
25769 21508
8633 28007
22194 8756
31807 31042
11504 18618
11491 11527
7760 21903
28023 27431
12849 21202
20804 18660
10935 24135
19186 22994
29329 29590
8833 3527
3518 3997
26801 9214
6441 28626
9458 9650
24339 3865
11494 11384
29243 7991
29227 28665
28052 22658
20301 27112
12015 20349
7559 15557
10627 2429
14196 7904
21707 353
5796 21552
29772 22656
20581 7761
7584 4789
22441 31864
22888 24161
29176 958
25411 15826
21706 7878
13127 13175
14074 21648
17266 15461
10485 24640
3752 20827
16308 4736
15653 15198
7829 13420
2267 13086
27709 27098
26385 13470
32588 14139
13962 30351
6365 13781
30535 9525
29721 9458
16927 4032
31744 25741
1877 18859
17949 16197
19186 22994
4540 10013
17762 3518
14924 25339
15113 25721
24790 8246
3267 19678
1503 18563
12106 1634
21391 511
8833 3527
2446 18796
16283 17396
28694 2900
12367 320
15653 15198
8802 22724
4770 12388
24014 21492
11982 28065
19766 26302
18356 31681
21249 5106
22959 22048
14158 11255
29880 15173
29795 9817
26174 2362
4106 19692
20804 18660
11359 28419
12371 27748
15963 10365
30823 5979
7794 24319
6365 13781
20606 11724
898 16969
3855 27185
22190 31232
1693 22964
16169 364
23814 16529
32089 26017
16908 25371
31928 20514
21686 681
9559 1491
23000 9334
6160 15777
24962 25709
11938 25408
16630 12598
24861 13700
31355 11302
21868 22625
6966 20706
21806 25326
22100 27044
919 13689
5668 336
26274 18891
21821 15782
14074 21648
11528 1497
12094 8285
30904 23123
10402 12316
4623 4424
5080 4022
22411 23521
4932 11143
6432 13923
5249 9561
27709 27098
2901 27317
31928 20514
1462 9339
7978 32119
23584 21086
29986 21381
2110 16204
30138 5901
18714 4129
2580 17044
401 11653
29060 17534
17337 20167
3573 24706
14853 19048
5107 32456
805 23303
8924 21300
8099 4491
15520 1358
32660 12885
23403 28679
30649 2146
2504 27662
31307 8585
2517 26942
4603 12443
30122 6689
11118 23605
3789 21416
1363 3872
13321 27189
30074 32287
18730 13412
11316 19692
16266 4234
20775 10930
18652 26917
32217 9540
11499 18703
9225 28904
1462 9339
21236 11993
15979 19705
17577 32709
19677 2955
5897 19859
11504 18618
8182 17593
17233 10567
13025 16271
31282 28452
24326 18964
6386 18028
19307 3954
2444 14479
6948 30866
25543 15435
15765 4725
15641 22895
27121 15820
12904 19506
4648 30830
20850 28013
10070 3346
29719 26226
20710 7484
31351 13181
1127 2117
4653 5583
27685 28487
26993 23439
29434 5347
626 959
15560 20131
13227 30458
7893 4342
11979 6735
21902 1741
5914 14622
22671 19387
12665 17870
7314 18684
27464 24711
4276 3516
8653 243
8406 23471
10204 9085
2861 27865
11473 5362
28009 13919
13599 32108
29986 21381
20541 9502
23273 18301
31232 367
13616 21998
5080 4022
8702 17319
28339 6936
11155 27812
8071 15445
6794 8780
1074 28497
10303 14221
21497 17577
18142 32279
28357 16851
11287 16486
8564 600
14564 13991
31977 12045
30074 32287
30210 28907
16926 11037
626 959
25748 6600
6674 13414
6885 16437
19557 21120
12937 21767
5643 15352
13946 20985
28570 24484
9944 24033
26088 3492
18730 13412
11411 8425
5723 23779
19372 12048
31883 16797
27967 17105
28597 26599
17714 12267
3670 23465
11499 18703
24106 14311
25942 28790
3991 5250
13025 16271
20991 3873
15085 7753
2415 1561
27287 2083
15031 23863
4449 20636
4859 15075
25795 16699
15062 27803
9995 19513
19269 22050
16993 17735
392 22915
12933 7425
31629 38
13139 23957
21018 11442
26913 8908
10970 9873
919 13689
11959 17473
10020 21649
14873 30843
9874 32621
9061 22113
13947 26061
24526 27812
31418 573
18981 11253
14124 13039
14470 1351
32359 5470
7729 20599
9878 14108
18035 16546
31351 13181
900 25637
31640 16493
28946 10113
24838 5726
4449 20636
7435 16654
4955 11449
20471 19784
20661 28839
25419 13297
3319 31760
8190 32257
22959 22048
2185 5057
2072 10944
14158 11255
12367 320
19943 11038
23686 2500
27217 17791
29820 3728
15769 4012
25740 9616
5496 22347
23925 9336
31150 3313
30074 32287
29721 9458
24326 24860
7183 8972
26863 1821
15113 25721
25199 2467
31576 5425
25127 12591
8696 2300
5320 32395
2187 29544
9299 3189
26913 8908
20471 19784
23511 30813
32660 12885
27298 18202
13955 9540
31739 28686
26088 3492
1483 31225
256 21127
27274 27614
22561 11618
13995 29678
13599 32108
5107 32456
9350 25691
8324 21735
21686 681
11423 22064
27061 1405
28744 8939
16343 7889
10168 24414
18401 20676
27819 15081
13902 21531
1659 2275
23000 9334
3908 29388
10603 21079
8788 11334
26469 18203
7860 13099
4787 7414
32151 12221
25761 6320
6673 1765
22959 22048
22066 23103
26463 31208
31248 13171
3135 29458
18203 18631
17358 24872
17099 7886
15930 23509
15163 25558
10970 9873
6586 5854
29023 15670
13094 1940
29060 17534
25246 24001
21582 15289
8924 21300
30210 28907
12864 27102
23584 21086
10755 17922
21176 20496
14495 2920
6432 13923
5487 7821
32470 8724
22163 22183
25488 4978
8756 17576
11359 28419
32215 5469
27095 19329
31163 23706
13554 22633
1402 8417
9052 28399
19609 9905
15170 3192
19282 10902
9970 8052
6386 18028
7834 8972
536 28462
28438 7784
28010 19471
16926 11037
2173 4872
21827 28563
15458 15775
10379 18902
12311 29361
32105 7273
3798 20637
11787 7991
15837 23053
25903 1997
6850 3382
9649 19830
24031 18508
32310 11676
22203 8722
15710 15692
25316 7562
6488 7632
15539 27952
7465 2379
20583 30186
22729 6209
28052 22658
13422 23738
25557 14417
28898 29045
4859 15075
24600 24194
31266 22277
19285 6634
1745 24453
4104 25232
31273 5076
30676 30245
29719 26226
5572 1786
23326 18962
13889 15141
15940 21843
15682 3555
12204 9471
31355 11302
6534 23675
32151 12221
17876 17211
2745 5239
20198 24629
9970 8052
27967 17105
15483 11551
2941 7376
23041 21595
23490 17146
13475 28570
7460 16605
4257 12033
18650 6044
29227 28665
3333 27836
12091 24262
12399 27391
25350 18196
20661 28839
13967 8385
26463 31208
123 9834
2118 29698
17358 30242
14520 8132
16522 21357
20168 26457
20423 32525
17789 26380
9299 3189
15199 9826
18272 6958
23791 18336
4693 27078
16081 5941
12503 19300
12486 24718
22806 23451
6856 15065
22344 5902
31118 19455
2285 8857
29643 5133
13902 21531
2525 19432
16964 4637
12764 31223
23500 31401
22016 19090
24559 15547
17789 26380
24326 18964
26611 7952
32343 30412
32583 8921
3319 31760
25761 6320
1309 21166
1819 10699
5632 3330
12353 4853
9559 1491
28971 19362
11374 31325
28753 32123
30407 29734
10935 24135
10642 19259
21576 22670
11875 11249
11006 27737
16750 22152
11882 18518
24620 6472
25201 31234
23046 11041
9030 4327
18990 17725
6789 28819
8463 7807
25117 23391
21816 19223
3889 27371
32190 26992
17655 25642
18203 18631
8828 14768
28178 3675
6794 8780
15324 26256
28086 2589
29308 20413
11528 1497
8031 17313
27121 15820
21947 23325
26385 13470
19609 22548
19645 27137
27320 7587
15451 12526
6902 3768
13561 14408
15027 28251
21637 725
23183 17181
14196 7888
18953 17607
12334 11856
13057 22246
17908 27014
11359 28419
6519 4380
15494 22117
2288 15421
21582 15289
25592 861
17624 1239
28637 6029
7370 10053
23602 5739
9052 28399
22455 6102
24832 24490
30318 17691
10042 11431
32310 11676
14049 23940
14495 2920
31273 5076
16653 25493
31433 29041
17437 5909
17677 8060
13485 22828
27940 4736
2745 5239
8610 7455
6497 28100
18459 4057
10839 18005
3257 20310
7563 28855
7710 23324
2626 30896
6025 18655
9388 12069
21868 22625
30899 2821
21478 21647
4434 23680
5474 24728
24390 2736
13975 20561
30883 13943
13335 20061
20569 3716
14874 10713
12829 27505
1627 1205
17255 19685
31315 17455
4257 12033
24601 32417
21827 28563
7446 30743
13335 20061
9452 28520
10204 9085
8247 11152
30677 21271
12292 24520
2343 32331
5743 24229
22000 21882
12591 12095
11301 20815
24861 13700
15837 23053
4106 19692
12302 33
31627 17076
18379 6529
10360 29092
3510 24852
13836 21131
20850 28013
7681 26133
26315 2870
25769 21508
26820 25775
5876 15499
4482 9101
16639 23807
2207 6143
7182 14243
21533 9127
13997 4239
15920 21997
19755 23206
12647 15740
15731 21678
5839 5947
7507 668
11387 22828
19227 10923
15009 17575
15253 18773
19635 15739
28628 27898
12204 1695
21626 1606
8449 14256
15783 19904
12093 5617
3573 24706
30481 21348
81 26194
27629 32363
16731 30550
4123 14800
302 24253
21201 21587
26352 26078
29850 17652
20579 25114
13836 21131
10042 21364
18335 9898
17437 5909
15009 17575
19307 3954
11108 5671
23601 23575
10636 28376
26863 1821
17993 30888
28677 30050
8702 17319
32081 29474
22190 31232
28825 8566
11886 12508
30452 7016
8155 32285
4847 17110
20991 3873
24014 21492
14049 23940
22455 6102
2756 3060
10659 22410
333 18639
6739 2322
5335 21666
23601 23575
24340 2615
16283 17396
26873 927
6674 13414
11702 3676
2714 13025
11108 5671
25926 6
12288 9315
10020 21649
16750 22152
7676 19067
7893 4342
14893 6320
19866 23657
8182 17593
14893 6320
24339 3865
123 9834
14909 18921
8744 18691
28695 14455
20326 23108
15775 25418
12904 19506
26441 2074
12233 7191
12779 31144
30649 2146
8056 29584
5222 944
12402 6689
20035 6024
25411 15826
2618 16092
3835 5759
22787 10966
26110 20034
1353 32387
9026 25073
27889 27769
1513 30207
8452 27472
24104 591
93 9856
31315 17455
10659 3023
13298 23631
15170 3192
4128 20374
8860 13306
32082 22784
13967 8385
30050 5834
7147 17448
28445 30180
27929 29856
5755 15278
4046 26796
28195 27415
11630 16488
26441 2074
2712 3526
30289 9254
3386 9796
12665 17870
1308 10578
21478 21647
4299 9001
16269 7646
31678 6409
3432 2785
26745 11780
6733 18188
22841 20702
27372 29201
24049 13632
11108 5671
17949 16197
32081 29474
32604 24070
24699 8704
22381 5970
8190 32257
20168 26457
5487 7821
16639 23807
9878 14108
3983 5715
31930 19390
30598 1569
28591 9358
8471 4179
24737 26139
13899 11619
32277 18007
9944 24033
30027 31795
12972 25369
1363 3872
15651 4992
14495 2920
4123 14800
10588 11246
16908 25371
21018 11442
5897 19859
1910 15965
25100 32121
22787 10966
19269 22050
23745 5298
5755 15278
26458 27945
19413 9879
13872 27302
12026 9257
18662 18677
20161 23161
2368 28624
4113 24720
11384 13455
11519 4190
805 23303
18206 15993
6831 18317
10659 22410
26825 32644
29942 14166
24106 14311
5136 23425
5222 944
14874 10713
13335 20061
26088 3492
6453 10978
23385 15891
25956 22671
13803 30619
23931 3614
9995 19513
14723 15265
29023 15670
19795 29949
31607 30922
17063 11866
30447 29004
19681 917
27083 27944
13836 21131
31899 27666
12961 7630
17430 5071
15226 14988
18260 30705
9502 25528
31662 17493
22307 22119
21582 15289
22190 14417
14073 26815
9382 26758
30293 20228
16269 7646
7656 21328
30942 22306
15451 12526
14297 17999
24456 1860
17139 1676
20605 27318
23403 28679
7214 1180
16926 11037
12093 5617
24390 2736
11385 30755
15765 4725
17757 10601
3489 18572
22668 14240
1402 8417
28966 15739
18105 30361
28846 3263
32171 2409
21008 3061
19557 21120
17442 2775
9755 9390
24296 13359
5496 22347
6031 14644
22190 31232
27060 29536
9655 29066
12719 16805
11494 11384
10703 24857
30407 29734
14351 10496
21905 6308
7666 24978
15648 1508
23033 15816
19832 14828
2626 30896
2285 8857
7410 15296
10282 25400
11873 23293
6896 31653
10141 31726
2697 2705
8420 6697
958 28987
32510 14461
15483 11551
31640 16493
19186 22994
27217 17791
32511 25071
7893 4342
4046 26796
7978 32119
13900 30024
25874 12680
30677 21271
30138 5901
12302 33
7905 15202
31307 8585
23159 17386
18504 18863
10167 17749
22000 21882
7298 20395
18374 467
27014 19529
18619 596
1354 15350
26454 25766
23993 2701
1460 16783
31315 17455
1354 15350
32017 22431
9389 3309
22360 1640
8633 28007
17793 5151
13611 9329
27109 12672
31930 19390
32196 16161
8858 4433
14261 17043
23741 16416
28621 594
25328 6658
21565 9738
17876 17211
6794 8780
27856 22532
3301 528
31061 13450
10204 9085
21806 25326
28526 2476
26162 9373
16266 4234
20482 19639
8343 15697
31422 22295
9503 12990
8610 7455
19120 31435
12518 7983
5562 5894
24355 11334
19705 20236
24931 18687
24705 12878
23880 22008
27058 4461
12959 15259
2649 25230
11473 5362
23160 14886
8696 2300
32217 9540
2105 12156
29875 2016
8879 15953
1513 30207
5778 577
5474 24728
9208 15492
9117 10946
24450 23087
21061 9716
22163 22183
1165 29967
5562 5894
9388 12069
3322 20927
11287 16486
5562 5894
21061 9716
8071 15445
18144 27329
7214 1180
6434 20814
2603 15871
22587 8
2192 31450
26476 14547
28591 9358
31805 12451
14814 27912
32061 5103
10070 3346
23818 30269
3267 19678
9605 6773
26162 9373
18016 790
10776 11182
31883 16797
16308 4736
32756 11305
25411 15826
32186 30871
8744 18691
31858 11325
29308 20413
2304 6840
20017 9208
13872 27302
15128 4773
5281 17751
27248 18137
17333 32325
17338 3111
32662 3229
19285 6634
6746 20793
25849 380
21255 23022
3333 27836
28038 15684
22561 11618
21567 18733
5080 4022
4053 11526
20686 14504
4120 891
23954 13722
24031 18508
15769 4012
13889 15141
31849 12887
2267 13086
17993 30888
6488 7632
13296 8445
27274 27614
14472 23863
805 23303
13139 23957
18953 17607
16999 5235
28038 15684
10739 21896
21827 28563
5249 9561
30447 29004
17139 1676
29970 32763
6896 31653
24961 7116
4106 19692
27909 19123
15940 21843
5190 8865
10489 11944
25997 1353
23618 23633
841 17728
23219 19746
21501 26923
14874 10713
6386 18028
30586 6170
18401 20676
11662 31578
14798 25012
16471 8009
14336 18155
16861 26324
4030 23300
8828 14768
10061 2086
32017 22431
5495 1477
5122 24321
32188 29193
7183 8972
4106 19692
24204 28017
3510 24852
25419 13297
7508 22880
25055 17456
21334 17411
21323 2502
28114 19468
12078 32148
23130 29986
22411 23521
13742 16478
8155 32285
14564 13991
18209 2690
28981 23455
12719 16805
12662 6013
4750 2094
13554 22633
7710 23324
14049 23940
32714 27035
15273 10950
31969 14169
18059 8365
7656 4674
11654 10175
25786 2072
7440 25960
1462 9339
23659 14058
9061 22113
24849 12746
14724 7022
13114 20102
16740 16470
28389 14869
30205 4121
30350 4048
9382 26758
7361 30277
11982 28065
31807 31042
24615 28274
12288 9315
26820 25775
23975 3713
18240 2883
11384 13455
15366 8084
19757 11573
8117 31736
26697 4563
18621 31919
26198 12910
22452 1880
15831 2276
18450 8856
31032 9678
30649 2146
32151 12221
11491 11527
4104 25232
21404 30456
4294 30942
5230 15484
19695 4146
9061 22113
24010 17413
1462 9339
10852 7885
20093 18300
23910 8288
15968 32370
20756 12050
11158 7007
3301 528
31627 17076
1088 22617
30156 13708
21236 11993
2745 5239
15936 18724
30883 13943
17350 23438
8498 3176
4816 20132
3855 32116
17951 12510
17757 10601
18450 8856
9211 4345
8449 14256
26299 32216
26880 15118
8525 6893
18377 29468
1460 16783
26068 6595
9119 13244
24559 15547
21882 26769
32370 30796
32022 30666
9026 25073
20080 19057
24146 15807
31833 9045
31684 12394
16908 25371
28052 22658
32714 27035
11473 5362
27836 14245
31715 22781
4256 13415
23991 20457
31629 38
13989 13549
1483 31225
26181 3336
6386 18028
25748 6600
26142 6606
1910 15965
31344 8026
19681 917
15017 11256
2896 14961
6284 4205
7495 22194
17063 11866
23602 5739
7035 26960
9592 24643
5122 24321
12288 9315
26458 27945
1286 21841
12091 24262
18149 24906
31240 24913
9649 24405
20902 14204
2314 29790
16194 5262
4299 9001
24000 17204
21816 19223
25474 16887
1745 24453
18005 29841
28388 3048
10627 2429
14712 3288
15267 16241
23054 22795
20471 19784
21500 5785
24559 15547
27836 14245
32756 11305
29797 27717
3267 19678
15319 20177
14136 10808
24106 14311
30563 10610
14088 5711
1065 3750
12288 9315
24327 22541
17273 17980
21391 511
18500 32668
21905 6308
9130 9308
19657 29216
14478 19979
17951 12510
5281 17751
23272 8030
18432 12283
7978 32119
26194 31322
15131 26826
26296 10551
15322 27976
6284 4205
11491 11527
27887 22782
4132 26155
3644 16391
10839 18005
31343 6485
22194 8756
25422 5565
2829 8364
6883 20566
14285 8889
21565 9738
5778 577
27782 9855
18341 5281
24790 8246
30138 2078
1439 10644
23931 3614
2626 30896
26223 14214
28023 27431
29176 958
2896 14961
27719 6038
26643 14719
15963 10365
2325 6466
22182 29345
9331 271
30088 32048
684 2448
17273 17980
30371 17712
18149 24906
1423 3737
25350 18196
14808 8104
20623 15924
16693 16288
30407 29734
17255 19685
5914 14622
23054 22795
15783 19904
6710 21999
5562 5894
5474 24728
28177 1112
5952 463
9853 3196
25422 5565
6618 22054
4424 23574
29906 25484
29617 20884
11141 400
15922 19651
24533 16779
5572 1786
14261 455
3511 32488
8505 15295
21947 23325
18817 27726
9549 14300
6850 3382
25638 17385
2072 10944
4867 4867
15131 26826
7210 27447
24321 25942
30315 8833
19510 3850
1201 9041
27512 102
6966 20706
5453 5181
13707 24449
21706 7878
15458 15775
6626 24594
24031 18508
24801 10320
31216 11352
8452 27472
12422 14806
17089 5686
10608 18717
31032 9678
15649 13919
31118 19455
15920 21997
4169 14618
5778 577
10670 23749
1865 23536
3747 11046
11158 7007
15826 26521
12656 7079
12533 690
29099 3930
17316 29399
9208 15492
8668 13832
10393 19452
20382 1963
23587 9816
1416 26422
31835 27114
31236 11944
9068 23363
20973 13431
9221 17930
21565 9738
15711 22944
5916 12965
14285 8889
25903 1997
8630 16067
11639 197
21670 15121
16343 7889
20093 18300
25997 1353
30027 31795
5018 3984
18379 6529
13446 2896
22758 5979
18714 4129
12444 7114
7127 21926
22013 8822
28981 23455
26223 14214
29661 13442
24113 20163
16999 5235
8958 31719
15160 4484
13025 16271
24753 12862
26110 20034
14316 23919
31118 19455
16875 10933
7860 13099
23227 19301
30156 13708
8505 15295
6896 31653
20579 25114
3889 27371
3311 32352
12401 16115
10231 12408
24242 32578
29970 32763
1586 2821
22738 30363
13139 23957
13787 7647
32217 9540
18260 30705
15031 23863
27929 29856
31140 31952
11550 10167
16409 21908
17333 32325
25653 5985
3518 3997
5765 1066
29850 17652
26789 15442
12402 6689
30832 16723
14313 30242
15494 22117
10703 21177
13669 27080
3991 5250
24880 119
17924 31134
6555 21277
21201 21587
18862 3210
4143 30712
21176 20496
20775 10930
58 11899
12292 24520
32107 23186
25956 22671
30830 3697
10141 31726
14798 25012
17830 18235
24326 24860
6441 28626
23219 19746
23771 4719
8155 32285
20826 19832
26450 11627
28619 59
12020 9593
16875 10933
444 9671
15348 528
28898 29045
7775 9241
31744 25741
5729 9833
4654 7001
19356 16516
3616 27471
31307 8585
20160 28433
27143 1922
994 932
28437 8833
14942 29700
2370 9157
14853 19048
9385 6899
10791 17397
17099 7886
27290 4859
2651 31695
9356 24545
2185 5057
21882 26769
1308 10578
6453 10978
24679 30684
27248 18137
29563 2371
15510 8498
8810 4709
4028 24872
31118 19455
13422 23738
11938 25408
30138 5901
11704 14936
2553 28685
22012 3206
30452 7016
11419 29084
29746 32716
12486 24718
12777 872
2245 24908
28753 32123
15199 9826
20251 30212
13678 28612
24236 31642
25604 6780
1343 32051
24790 8246
31118 19455
28981 23455
31232 367
7259 21717
841 17728
23111 29079
6651 30732
25868 31947
4540 10013
22182 29345
27922 20913
19268 30855
26034 12683
9073 5211
4596 22836
11989 28395
20623 15924
27767 30448
11971 14754
6587 32374
1193 11059
24798 4295
11769 24362
21077 13221
9273 25446
15940 21843
15020 21895
30899 2821
18257 15441
989 26238
1871 29972
401 2271
1863 32386
32307 5207
6831 18317
21879 22283
10020 21649
19976 13585
12849 21202
19811 4807
12864 27102
29920 26413
30027 31795
22308 24264
10277 1612
19499 18179
12677 2489
172 13055
20342 24459
18217 19778
9221 17930
10718 4696
19972 22606
23141 12432
12029 29512
22052 29716
9225 28904
23587 9816
25003 32225
16927 4032
7680 24084
21851 14286
20129 31248
32132 23537
17150 13042
14516 5770
25997 1353
31727 2659
28227 32105
122 2181
7121 12002
4420 17695
18837 3992
25874 12680
10091 5416
18535 16406
14724 7022
16837 3060
18005 25706
2054 25280
31142 2949
25960 23078
5894 27384
25239 29270
25500 12542
1291 8987
21707 353
4867 4867
5827 8608
26993 11946
30899 2821
27916 1771
12142 8350
142 28084
1374 30843
20868 10806
17830 18235
21387 26215
25604 6780
27952 9061
30050 5834
16354 28471
24798 4295
11586 1302
3406 24872
11473 5362
1967 24132
26663 25345
13623 4643
29979 11393
15062 27803
16063 6327
22052 29716
26267 26080
15737 21545
22568 22767
1341 23491
5952 463
11778 2928
909 24076
5632 3330
14699 8375
29234 24898
8564 600
17951 12510
3353 1225
8443 10788
9423 32329
5858 19717
23814 16529
19772 15821
28153 16257
22052 29716
24475 27483
23659 14058
24601 32417
24475 27483
402 1184
27922 20913
2521 30267
32089 26017
13995 29678
9873 5605
8802 22724
29604 17762
18490 24521
30336 21939
3616 27471
31270 10334
18771 30721
14699 8375
25340 7569
13140 2183
13839 29484
7214 1180
15837 23053
28111 31601
18260 30705
9073 5211
22379 16056
17454 30358
12961 7630
24364 23962
26385 13470
16593 4364
9995 19513
14893 6320
19055 14008
17331 19288
19240 18738
21807 11104
16762 30819
4859 15075
29784 28057
21565 9738
26165 3298
16366 14002
22105 6923
14699 8375
11873 23293
31403 1994
3949 27692
18158 14205
26299 32216
24961 7116
8245 32485
21882 26769
19143 29764
7666 24978
1825 19327
9117 17888
7666 24978
19541 5196
32170 28406
32081 29474
13707 24449
22163 22245
16744 24308
18831 11491
2446 18796
32518 31028
23111 29079
16324 21793
21111 17653
26142 6606
5326 24874
10791 17397
11881 20442
8447 8933
27927 852
29849 7462
32583 8921
18292 2394
18689 26455
3573 4918
4433 2791
11085 14365
10620 3438
8463 7807
17089 5686
14724 7022
14216 1715
26568 19795
7559 15557
18619 596
5190 8865
25411 15826
13813 26222
22758 5979
25201 31234
3301 528
1416 26422
11875 11249
24692 13626
14136 10808
19437 26656
15202 28983
6025 9873
20045 26839
14459 32276
10489 11944
30481 21348
26137 17111
6902 3768
1819 10699
15230 5681
20826 19832
30789 30992
10913 27561
9739 21327
17338 3111
12162 12372
10386 23520
24332 14156
28195 27415
20423 32525
19496 5338
6674 13414
27219 9372
15910 12107
22363 25705
2829 8364
18893 8286
12555 7111
20198 24629
21611 18649
12580 17566
20001 2705
30051 14512
3257 20310
22075 12410
19583 19824
5107 32456
27174 3749
17357 32186
21008 3061
13008 18256
32313 5661
10085 28177
1294 3666
16781 967
30283 24241
25308 11014
25073 16657
5326 15621
23285 931
23261 6755
24450 23087
12998 15912
4302 5544
31739 28686
23315 16530
27233 9790
21670 7474
10105 11464
12972 25369
7214 1180
9211 4345
30994 1415
12730 6210
12864 27102
15910 12107
2651 31695
12907 7064
29738 24787
32720 17024
28358 29636
18035 16546
26072 17617
31977 12045
26772 20647
12907 2044
32089 26017
25360 15462
11316 26363
17778 19297
29775 8622
24624 8152
10514 646
26788 24407
29368 17715
23892 16275
12515 11962
5426 5520
20973 13431
13889 15141
14285 8889
10414 17372
18216 28788
27936 27858
22986 9473
19259 9513
15979 19705
4246 26006
25090 15921
1460 16783
3301 528
30074 23047
30805 28173
10770 10367
29604 4132
27170 3643
3747 11046
16156 10633
15009 17575
4145 13730
2173 4872
7361 30277
20342 24459
2254 7779
22738 30363
9755 9390
30929 9584
15808 15428
28621 594
24753 12862
13076 11993
21582 15289
13266 25314
22003 11173
2838 22979
19958 22301
32720 17024
5436 5205
32286 27168
30832 16723
26543 21184
17651 25837
3933 15454
6534 23675
19188 10179
2714 13025
2257 30254
23860 21179
30662 10709
18883 32321
5690 11988
27927 852
17454 30358
3359 24489
18859 19574
29829 20453
26032 22799
6453 10978
7215 27661
27894 3379
21236 11993
11873 23293
8447 8933
25903 1997
5645 32162
17577 32709
20482 19639
20458 3321
23601 23575
618 27941
22801 7228
2054 25280
22690 22458
25848 18379
16449 29778
256 21127
22194 8756
26316 27402
32082 22784
25478 15410
31551 2369
31236 11944
4014 5681
30481 21348
31223 21133
20457 20729
27216 26619
13126 2402
18837 3992
28846 3263
28371 24703
32510 14461
3835 5759
11875 11249
20623 15924
18341 5281
19165 31162
18216 28788
9117 10946
27287 2083
26745 11780
27184 32679
27597 9367
27219 9372
24014 21492
24475 27483
5416 1313
18577 2954
13658 21438
17993 30888
12355 30525
1945 13493
16908 25371
9546 29351
1412 23007
22443 7344
17071 20235
14073 26815
3284 2904
22241 16518
18755 3238
14665 22691
9861 11603
20538 22183
24339 3865
22729 6209
24791 7998
12513 2584
8915 17928
10999 5255
12569 27973
1251 15869
29609 26200
14610 21315
938 16958
26422 6327
12435 9964
13946 20985
19127 27046
17949 16197
2626 30896
23397 22198
15206 14268
18013 16001
27247 3830
9394 30922
9001 15891
29663 11497
32397 16965
21349 7553
24248 15733
12833 3934
2901 27317
1416 26422
12093 5617
16283 17396
23741 16416
10642 19259
17801 276
8099 4491
7460 16605
1288 1207
9562 13831
1725 29627
2321 32578
8695 6925
4346 5146
26352 26078
9693 19325
9299 3189
26599 7162
29942 14166
18500 32668
9649 19830
29707 456
26863 1821
7121 12002
24164 18646
7026 24885
9662 13157
11552 380
14336 18155
24787 30813
15737 21545
28227 32105
16487 15905
7508 22880
13219 3527
11542 28356
5018 3984
24910 11619
14738 10750
16693 16288
1863 32386
10964 14692
10964 19498
16599 10822
30074 23047
30823 5979
5515 17574
25044 31716
11936 32642
8604 12005
19657 29216
20452 27917
16783 19459
13803 29454
11704 14936
13962 30351
12204 1695
30051 14512
1642 30258
2164 18286
9388 12069
10265 24815
18862 3210
12179 12834
22308 24264
1165 29967
30468 21547
28559 26055
31310 24891
8782 7111
30001 20336
32668 2634
10295 6307
27175 21487
31329 1622
17233 10567
25419 13297
32158 13149
26034 12683
22097 18299
12851 17662
24297 17471
22668 14240
24113 20163
14683 7864
19196 1576
28248 17874
24248 15733
28277 8071
24615 28274
12281 13314
22378 23658
13827 18678
23098 31825
23226 18213
25849 380
31232 367
25838 11374
26458 27945
22282 12997
2185 5057
21468 26525
30061 4502
13094 1940
24164 18646
9861 11603
4032 31699
27718 689
21180 29906
4305 7641
27298 18202
24273 13362
32286 27168
26801 9214
27060 29536
20066 31443
14715 1497
19642 25499
20542 16165
9586 25818
942 31203
24537 22255
10168 24414
27718 689
8865 2843
13002 17212
20259 27825
31307 8585
30789 27881
3545 31421
24963 1843
22350 9457
23067 23673
31807 31042
24961 7116
10623 21235
26760 27500
11679 25642
18597 30028
26266 17641
5755 15278
767 8082
22180 32319
28946 10113
10514 13207
8788 11334
32511 25071
30863 6203
27287 2083
12401 16115
12247 32421
11085 14365
5122 24321
10099 11173
16493 16400
9012 13356
24838 5726
11311 16265
24849 12746
19055 14008
24943 17631
31061 13450
17717 21262
23745 5298
14646 32379
26820 25775
5616 29094
28846 3263
2171 20888
19677 2955
23039 25714
15226 14988
24537 22255
25874 12680
14196 7888
17778 19297
21851 14286
186 6327
29368 17715
21551 29724
20335 26547
12371 27748
11359 28419
22892 8915
9119 13244
7893 4342
15742 10283
18650 6044
10880 25830
12555 7111
15737 21545
5813 3831
32735 3683
25769 21508
23575 30049
19347 18990
8045 24296
15653 15198
23922 30523
12613 21809
1589 22982
23818 30269
29220 11914
3948 27919
31429 12677
2651 31695
10964 19498
18213 30027
13669 27080
30585 21939
30255 24324
21294 5771
28759 7444
10012 2520
4770 12388
13997 4239
29663 11497
29205 1347
20663 1290
24336 5757
10963 23821
23892 16275
805 23303
13975 20561
2580 17044
16111 18700
19227 10923
32405 9978
11654 10175
14552 2095
11108 5671
333 18639
22452 1880
4035 1694
31523 21286
19055 14008
14489 4245
24705 12878
18350 21607
5453 5181
1437 1975
26296 10551
28371 24703
7893 4342
22806 23451
26102 3100
18341 5281
23141 12432
10752 29036
26825 32644
22729 6209
5436 5205
7016 16318
11239 12254
4006 13359
15710 15692
32691 18449
23591 12142
14893 6320
32510 14461
5420 32581
5320 32395
5495 1477
14196 7904
4867 4867
9693 19325
3991 5250
4536 17373
2185 5057
3523 8432
4654 7001
30 3622
31461 2203
31305 9283
12246 19675
27369 13607
20606 11724
15683 8480
17444 32483
5753 31768
16865 7339
7298 20395
23591 12142
4921 4434
25849 380
6637 18447
1294 3666
30911 2529
19029 31073
18016 790
25715 26474
15651 4992
16237 20018
3930 26686
21236 11993
19511 1270
16138 17591
10659 3023
8463 7807
1462 9339
18866 9859
17899 15434
17015 25010
20326 23108
12576 12384
12213 12202
24963 1843
5222 944
3354 14322
21660 29918
30122 6689
24601 32417
1402 8417
10246 15106
1659 2275
9363 29388
20569 3716
31223 21133
12288 9315
26299 32216
14978 14935
26871 28313
3432 2785
13803 30619
11675 11636
13013 6171
32359 5470
19583 19824
1251 32273
16141 18771
9985 16104
6910 3597
11141 400
5343 13903
12399 27391
19370 24458
13296 8445
15068 1139
11118 23605
17871 29811
16536 22763
24475 27483
27794 16706
3135 29458
27208 9139
27525 13742
31469 2530
11293 10442
24910 11619
24849 12746
4240 16629
15385 2475
19188 10179
7446 30743
30520 19111
12533 690
3927 16065
32017 32264
22632 30532
21206 24022
10514 13207
22623 1514
17254 20822
26913 13269
11953 20916
2505 24108
756 13161
32740 30535
15939 27906
11702 3676
5312 7353
5665 16792
16215 19659
27108 12086
3406 24872
30289 9254
7673 26531
7436 17322
971 7929
8766 26775
5341 21831
26132 2229
8810 4709
27108 12086
11989 28395
24822 18408
19521 21822
2683 8188
12566 4917
15865 2110
24624 8152
7417 4360
11319 16692
14661 30392
2314 29790
29208 30951
4290 30295
16491 26671
12189 24534
2107 9715
6739 2322
11630 16488
3510 24852
7016 16318
21255 23022
3734 20631
18621 16328
23631 6554
8865 2843
14233 6980
15017 11256
12786 25539
24010 17413
25100 32121
13816 32682
24526 27812
6441 28626
30027 31795
22016 19090
13126 2402
15113 25721
11064 19796
25744 8376
6708 5228
18035 16546
13599 32108
9853 7513
26880 15118
31833 7579
16354 28471
6419 7294
11370 27704
15348 528
12278 23777
27223 23752
26788 24407
13533 30794
21565 9738
8251 2861
1193 11059
26102 3100
9931 29706
2222 1293
26774 10438
4654 7001
6988 19813
27861 32473
13344 4011
31163 23706
10588 11246
27674 17309
14665 22691
16750 22152
30293 20228
16154 9380
523 27406
12892 31816
13707 24449
5753 31768
7446 30743
17764 23317
13270 11651
17655 25642
11639 197
28092 11069
31216 11352
1943 22470
28759 7444
31232 367
25975 18968
17302 23802
745 15216
11141 7321
18504 18863
15545 28232
24200 12112
4685 23248
23067 23673
29165 19892
21576 22670
6593 13357
5122 24321
9662 13157
13554 22633
11695 26189
25125 30209
21209 31326
11702 3676
2322 25639
13296 8445
23386 25465
30598 1569
18917 4581
26598 71
17954 3535
21362 12437
10414 17372
5335 21666
29237 6061
17089 5686
5129 10304
30289 9254
24355 11334
4302 5544
16155 14293
19269 22050
20775 10930
22307 22119
23500 31401
16263 623
1197 30918
3998 17656
5665 16792
7597 15268
5753 31768
26817 4529
30209 3516
19052 31109
7183 8972
11202 8613
14321 32237
16969 26395
20326 23108
14246 2993
21294 5771
14552 2095
26863 1821
14938 18185
11975 10180
12851 17662
18012 9624
30832 16723
18105 12868
15073 20698
25906 16556
3555 15485
24321 25942
6136 736
12786 25539
19609 9905
19029 31073
6831 18317
26489 18740
5183 12508
10913 27561
13025 28768
31476 10156
23386 25465
9411 1348
16949 26620
21915 4423
5343 13903
26181 3336
8828 14768
21323 2502
24289 23268
30789 30992
6708 5228
7829 13420
11028 10156
32470 8724
22892 8915
11905 4340
31063 17450
15865 2110
23741 16416
7847 26730
5876 27065
16999 5235
1745 24453
21706 28547
1590 13389
13621 6680
13008 18256
29606 10581
19811 4807
28937 5963
12972 25369
186 6327
30247 5717
18209 2690
63 22919
23018 22165
6796 16905
483 32556
17349 17947
971 7929
30782 3126
16263 623
15003 11013
28234 2587
30244 7831
4934 12871
5010 28419
26459 27859
17830 18235
26301 27669
30870 8893
30001 20336
20070 8958
26846 6151
28603 12609
24072 31428
29772 22656
24755 965
6637 18447
26441 2074
12204 9471
10913 27561
5416 1313
12034 23897
58 11899
17314 8444
23393 23381
11586 1302
24384 15256
10898 31428
858 25439
14773 12273
12292 24520
20342 22048
30312 21640
11139 7242
1197 30918
8562 25604
16420 31894
805 23303
12445 18083
9829 28273
12566 4917
27464 12072
23584 21086
30001 20336
26643 14719
18730 13412
14603 8380
2626 30896
28362 25317
474 29200
28549 1366
8420 6697
16964 4637
28438 7784
19055 14008
17314 8444
439 10610
17714 24031
8845 27141
15436 7503
31226 12369
10224 25706
6600 9002
23438 8875
28271 7902
9853 7513
1877 18859
5632 3796
12425 22147
14600 12906
621 23128
12029 29512
12292 24520
14699 8375
12662 28208
1308 10578
15385 18902
30904 15092
7214 1180
18260 30705
25411 15826
13843 20014
15651 4992
16559 20457
31178 12853
17381 31218
15930 23509
22241 16518
16739 14614
31476 10156
7630 20118
24564 2156
28638 6649
23203 30273
30298 31228
22005 19984
6561 9026
1825 19327
15456 304
9986 9075
4584 24197
2279 30276
30210 28907
5274 31890
24161 19304
32399 15531
16263 623
22293 18850
6902 3768
10343 19855
9101 20875
9117 17435
19550 10337
12988 32691
22363 25705
9507 2757
29829 24549
17157 20685
26089 28354
32518 31028
32711 12148
17150 13042
23403 28679
5908 19766
14600 12906
1004 32091
3559 20065
13599 25175
27320 7587
28796 22430
32740 30535
7508 22880
26993 23439
12075 7770
931 14523
16333 6879
293 31814
17444 32483
24297 17471
7214 1180
1686 2235
6858 28451
20457 20729
4996 29648
27597 9367
15347 2745
3805 29409
20890 13228
30739 18481
6136 736
28424 22570
28586 626
4671 1710
31785 2642
17950 28168
16861 26324
19363 8818
27275 26086
6850 3382
21 14044
25031 24848
23573 17811
24847 11774
24679 30684
29776 20618
1558 536
4615 5998
22528 3198
2555 31292
25239 29270
26079 15918
16169 364
332 21945
27819 15081
18028 4795
16593 4364
12865 32550
20066 31443
13995 29678
13335 20061
14223 4299
29627 11045
4169 14618
28757 25504
23067 23673
12288 9315
5789 15818
8978 4900
23353 14649
14472 23863
7658 6382
29992 8421
18953 17607
2279 30276
15520 1358
15160 4484
2505 24108
4305 7641
6971 23880
20422 4834
11839 18933
22379 16056
15131 26826
16781 967
4256 13415
28566 31694
23057 3394
29023 15670
6160 15777
24061 24996
24831 14556
11131 5504
23130 29986
333 23845
18760 1986
20070 8958
29795 9817
13025 28768
16981 3154
21171 1606
27446 4656
6171 20860
28834 28158
27275 26086
29329 29590
24801 10320
16949 26620
9902 4610
27109 12672
23584 32605
12677 10339
23426 17300
32536 4289
24113 20163
22002 19309
13080 22685
15651 4992
18748 18538
31169 14878
16450 32075
9683 22313
4693 856
1448 26676
8088 16532
24708 6267
2424 31496
618 27941
32092 29955
29308 20413
27083 4580
26971 450
27248 18137
31795 16751
17275 9034
1642 30258
13135 2240
18245 2278
6317 20944
12849 21202
10974 30075
2536 5182
8828 14768
32470 8724
29746 32716
4924 10047
10379 18902
22527 651
30099 28974
32122 19457
25622 30253
22890 16504
19029 31073
14450 16744
31376 24140
19681 917
3269 13769
20710 7484
5515 17574
5548 4619
7436 17322
21201 5464
23801 18102
29643 5133
270 5722
30469 1749
8071 15445
7392 30515
3342 25385
24421 18369
2993 6798
7440 25960
8544 19029
2192 31450
24332 14156
15436 7503
14313 30242
32506 17419
26031 11245
26031 11245
31894 7391
18636 22183
31343 21236
22566 3995
12204 9471
19005 20440
19892 14486
25543 15435
8286 13517
17748 3690
25340 7569
29604 4132
58 11899
15573 1843
22527 651
129 26592
390 32427
4352 27151
26871 7119
20012 200
11585 26884
8779 28957
27456 30741
3033 7501
17590 28745
5572 1786
2454 15501
9382 26758
7681 449
5426 5520
8756 17576
4290 30295
19553 22529
2164 18286
19947 23511
7899 30146
4921 4434
10456 32066
25414 32079
742 30265
17536 2370
13140 2183
19695 4146
32277 18007
7548 2165
22657 23393
12216 10205
13623 4643
3835 5759
32510 4302
14853 19048
4105 25454
8454 23779
17219 32672
31217 17456
3301 528
20816 18114
23931 3614
15324 26256
29992 8421
9465 31836
4145 13730
28821 29508
20688 15316
28717 13373
5856 8558
19046 18971
26266 17641
2618 16092
22833 6947
10061 2086
11528 1497
18953 17607
18383 18802
31715 22781
401 2271
12881 16293
7428 30880
26084 5298
26316 27402
22450 14885
28399 9712
1513 30207
28424 22570
21094 29311
30542 15245
5373 13824
9928 25497
8525 6893
21816 19223
22793 16084
23880 22008
4653 5583
1221 29232
32373 27814
31466 9709
5335 21666
14883 2402
14930 26508
10544 5299
21091 23895
5797 259
28252 18069
30763 29906
3576 223
14256 4708
22568 22767
5615 8472
31793 23848
20538 22183
6434 20814
21675 2833
10074 9558
19645 27137
20355 25432
18597 30028
5222 944
8723 8563
11959 17473
20433 2557
18828 8273
8919 83
2609 31799
30317 29750
9201 13560
28612 25869
9040 6141
15604 10891
22632 30532
12246 19675
12958 2479
15371 27480
875 15431
29276 3904
3760 13676
15546 8650
20059 31261
3903 26046
26685 10136
26662 19784
9768 19506
29368 17715
11158 7007
5240 24971
4428 3582
13963 24
28607 32159
1943 22470
2929 12514
571 7493
20463 25104
20973 13431
7676 19067
30407 29734
3250 25361
1564 1847
13226 580
12777 872
28638 6649
4750 2094
13997 4239
3135 29458
5984 4935
2242 1496
7630 20118
25284 9255
24507 17780
11975 8091
32693 7870
23198 12785
22806 23451
13161 9434
12656 7079
25960 23078
12030 19588
7373 2075
1439 10644
13857 28299
20873 2240
18825 30428
27480 16714
906 12025
15267 16241
22679 22888
32217 9540
21061 9716
17260 3071
25758 31287
32122 19457
30585 29162
9385 6899
4123 14800
15682 3555
15079 13856
21982 31408
22012 3206
10012 2520
29283 32526
16929 12882
31795 16751
11089 5262
32221 9757
31684 12394
10265 24815
14285 11544
1223 24442
12576 12384
23494 24608
333 18639
29548 1045
4109 23820
9592 24643
25733 29445
6761 1614
19706 24018
1291 8987
13298 23631
17219 28139
2054 25280
15027 22986
17504 21074
15003 11013
19165 31162
14158 11255
17431 20932
28614 4982
27290 4859
28631 29539
3576 223
18009 12463
198 18403
28825 8566
24838 5726
17252 28720
27219 23865
23057 3394
26165 3298
30025 11992
6056 17821
7028 7618
18634 873
13997 4239
9987 21194
5140 27678
14603 8380
3510 24852
21425 24778
8695 6925
17426 5652
27718 8487
15901 10162
26697 4563
14723 15265
27061 1405
27940 4736
2525 14897
25031 24848
20129 31248
11419 27725
18293 8180
31763 7201
29690 27758
21868 22625
19268 30855
973 19296
7093 2685
25030 23783
3940 26511
9873 32159
2792 21130
24161 19304
9987 21194
457 4792
3450 19660
31456 17168
21806 25326
1007 5534
2185 5057
32650 23896
21576 22670
29237 6061
2692 26689
23657 1368
21567 18733
17381 31218
24094 5247
13390 21272
22688 19472
4174 15665
10379 18902
22964 19024
553 12565
2598 17231
5857 4526
27223 23752
17624 1239
2606 6524
25199 2467
22636 26802
19520 23685
23857 503
2819 20565
16194 5262
24769 3503
19433 3644
1542 14612
10703 21177
31318 12805
6626 24594
12781 86
22382 3732
25760 15756
27217 30525
27852 28272
7729 20599
18689 26455
30009 5657
18685 6704
23012 5716
1072 1093
12881 16293
29116 11220
16028 31495
21421 8815
28717 13373
12281 13314
29236 20623
19557 21120
13747 23959
29719 26226
2216 30139
10660 5456
5602 7667
22816 18149
7314 18684
20001 2705
27597 9367
1565 12965
29897 4244
23221 4463
29228 31733
23033 15816
12735 7240
12422 14806
16781 967
28967 18060
30407 29734
29243 7991
1819 10699
25003 32225
23079 3469
27146 6643
25913 18072
15648 1508
198 18403
32221 9757
8641 32660
29165 19892
16929 12882
11273 1639
6555 21277
5796 21552
12235 5115
9970 8052
6118 21542
17504 21074
9075 661
27386 27264
26039 2524
28675 20111
19339 13344
