52
99
151
208
247
291
332
373
408
445
489
525
565
606
653
692
653
682
720
751
778
797
821
846
875
847
882
859
893
920
900
926
949
914
937
955
966
989
1012
1032
1021
1043
1066
1086
1098
1122
1134
1152
1143
1152
1164
1175
1192
1178
1188
1176
1193
1198
1202
1214
1219
1221
1215
1205
1199
1196
1201
1198
1190
1183
1176
1186
1177
1188
1198
1206
1221
1233
1238
1233
1238
1241
1242
1234
1240
1238
1243
1245
1251
1257
1261
1263
1257
1261
1268
1275
1272
1264
1272
1270
1272
1272
1269
1268
1267
1268
1271
1269
1264
1269
1270
1260
1258
1259
1256
1254
1251
1247
1246
1243
1242
1242
1238
1226
1228
1227
1225
1216
1214
1224
1224
1228
1245
1242
1245
1238
1240
1235
1238
1239
1236
1237
1239
1234
1235
1243
1238
1234
1235
1235
1233
1226
1228
1226
1215
1217
1225
1225
1231
1237
1233
1230
1233
1241
1251
1246
1246
1241
1246
1247
1241
1240
1241
1239
1227
1235
1225
1234
1237
1232
1235
1232
1232
1229
1238
1232
1229
1218
1232
1238
1240
1239
1246
1235
1232
1237
1249
1247
1246
1248
1241
1235
1237
1243
1239
1233
1240
1244
1248
1254
1261
1264
1270
1267
1271
1273
1268
1269
1260
1260
1246
1250
1242
1250
1247
1238
1236
1246
1239
1237
1247
1239
1233
1231
1242
1241
1238
1241
1239
1231
1215
1232
1237
1232
1237
1246
1241
1239
1236
1223
1217
1201
1198
1207
1219
1216
1204
1205
1207
1221
1213
1215
1229
1218
1218
1218
1231
1238
1251
1249
1252
1248
1244
1231
1242
1248
1244
1248
1256
1255
1250
1247
1243
1242
1248
1248
1234
1240
1246
1242
1246
1246
1248
1257
1259
1258
1257
1251
1259
1259
1256
1256
1254
1256
1254
1254
1250
1250
1252
1259
1261
1261
1259
1255
1265
1269
1278
1278
1275
1283
1284
1275
1274
1266
1248
1239
1243
1242
1231
1221
1219
1211
1216
1220
1228
1228
1228
1232
1240
1237
1245
1253
1256
1251
1254
1250
1246
1251
1256
1260
1254
1253
1261
1262
1257
1248
1241
1243
1243
1249
1252
1249
1246
1247
1241
1241
1241
1237
1245
1248
1256
1244
1252
1245
1251
1253
1250
1248
1250
1249
1240
1237
1239
1241
1242
1236
1234
1234
1240
1244
1240
1251
1259
1253
1257
1256
1259
1253
1254
1260
1252
1240
1249
1248
1243
1246
1243
1252
1253
1266
1263
1264
1275
1271
1264
1262
1268
1269
1269
1265
1258
1245
1258
1266
1269
1263
1248
1253
1249
1240
1241
1246
1254
1265
1263
1266
1277
1272
1271
1276
1273
1269
1271
1270
1265
1268
1267
1270
1270
1263
1269
1261
1255
1254
1253
1252
1252
1246
1257
1248
1253
1252
1257
1245
1241
1234
1239
1247
1254
1257
1257
1243
1242
1235
1223
1216
1228
1225
1220
1207
1197
1193
1183
1198
1202
1218
1233
1240
1226
1215
1207
1216
1226
1215
1207
1205
1215
1195
1184
1199
1189
1165
1150
1168
1147
1130
1145
1126
1139
1164
1184
1190
1201
1189
1171
1187
1199
1212
1221
1238
1253
1241
1231
1228
1215
1218
1225
1225
1213
1213
1212
1205
1189
1174
1185
1202
1192
1184
1173
1185
1187
1175
1190
1195
1180
1192
1207
1198
1186
1202
1211
1204
1190
1202
1202
1206
1188
1183
1179
1170
1175
1185
1192
1185
1162
1174
1178
1175
1175
1189
1199
1193
1210
1211
1222
1228
1245
1251
1236
1243
1235
1233
1243
1243
1236
1235
1240
1226
1216
1221
1226
1232
1242
1255
1258
1256
1248
1258
1259
1266
1261
1261
1265
1253
1254
1259
1254
1254
1262
1260
1269
1260
1269
1261
1261
1271
1271
1265
1271
1262
1259
1255
1260
1266
1256
1258
1248
1241
1232
1242
1236
1241
1245
1235
1249
1257
1253
1258
1245
1254
1250
1243
1240
1245
1254
1245
1259
1251
1251
1254
1258
1252
1260
1257
1254
1242
1234
1222
1229
1230
1228
1225
1218
1218
1220
1224
1219
1227
1229
1228
1230
1229
1229
1231
1228
1222
1229
1224
1220
1210
1216
1219
1214
1212
1218
1213
1210
1205
1205
1206
1212
1213
1208
1213
1217
1210
1213
1211
1224
1231
1238
1236
1254
1255
1258
1254
1256
1259
1260
1259
1254
1254
1255
1260
1259
1263
1269
1267
1266
1264
1265
1251
1249
1241
1238
1225
1223
1213
1218
1229
1219
1210
1220
1210
1216
1232
1244
1234
1245
1231
1220
1208
1221
1232
1233
1232
1222
1222
1232
1228
1213
1199
1204
1194
1204
1216
1230
1237
1236
1236
1240
1237
1228
1236
1247
1244
1242
1232
1231
1232
1247
1244
1245
1242
1252
1248
1255
1247
1240
1241
1254
1270
1277
1287
1292
1288
1292
1294
1288
1293
1294
1295
1296
1291
1285
1287
1290
1282
1281
1290
1288
1289
1280
1289
1292
1294
1291
1287
1276
1277
1276
1270
1263
1261
1262
1265
1263
1252
1241
1249
1254
1255
1249
1251
1254
1251
1244
1248
1257
1252
1241
1243
1252
1260
1258
1252
1250
1251
1250
1253
1257
1260
1260
1256
1260
1254
1254
1252
1250
1244
1245
1248
1247
1245
1244
1244
1252
1248
1243
1249
1254
1249
1244
1241
1242
1237
1242
1238
1241
1233
1233
1237
1233
1224
1225
1229
1221
1222
1223
1219
1227
1221
1216
1209
1215
1227
1224
1235
1224
1210
1227
1240
1247
1257
1264
1271
1265
1266
1267
1268
1270
1270
1276
1274
1281
1273
1259
1258
1252
1249
1237
1243
1238
1234
1233
1237
1238
1243
1238
1234
1236
1237
1234
1226
1223
1231
1228
1226
1234
1243
1249
1250
1245
1243
1250
1258
1257
1257
1252
1258
1255
1257
1258
1252
1258
1259
1253
1252
1259
1261
1258
1263
1260
1263
1259
1260
1259
1257
1262
1258
1262
1264
1261
1264
1264
1262
1256
1260
1256
1258
1252
1250
1250
1260
1250
1254
1241
1234
1246
1247
1237
1248
1246
1248
1256
1245
1242
1239
1226
1228
1226
1239
1233
1223
1216
1221
1222
1214
1219
1213
1226
1231
1247
1246
1258
1260
1249
1257
1256
1252
1241
1246
1228
1236
1254
1255
1252
1248
1264
1268
1272
1267
1267
1265
1269
1262
1270
1268
1274
1271
1277
1278
1273
1269
1270
1256
1250
1246
1243
1232
1234
1245
1247
1241
1247
1257
1257
1263
1255
1251
1252
1258
1266
1269
1268
1267
1260
1261
1261
1252
1249
1252
1253
1255
1248
1242
1243
1244
1238
1231
1216
1223
1224
1214
1210
1219
1226
1224
1221
1228
1233
1239
1228
1232
1231
1223
1211
1206
1207
1205
1216
1211
1214
1214
1203
1214
1216
1216
1213
1211
1214
1216
1220
1221
1232
1230
1233
1224
1221
1217
1223
1224
1217
1211
1206
1210
1207
1198
1203
1210
1208
1214
1213
1223
1209
1217
1204
1210
1208
1200
1202
1197
1195
1188
1177
1168
1177
1167
1179
1191
1185
1191
1179
1191
1198
1184
1190
1174
1153
1146
1152
1139
1131
1145
1157
1148
1158
1172
1175
1183
1191
1189
1182
1195
1204
1193
1184
1197
1183
1193
1193
1212
1213
1197
1213
1218
1226
1231
1231
1216
1216
1212
1211
1218
1218
1232
1236
1222
1214
1215
1215
1226
1225
1214
1224
1214
1215
1217
1209
1217
1211
1207
1212
1215
1212
1204
1207
1200
1211
1213
1222
1231
1238
1243
1236
1238
1222
1226
1224
1220
1208
1217
1219
1217
1213
1204
1219
1232
1238
1250
1252
1261
1268
1265
1254
1260
1253
1239
1239
1236
1234
1241
1245
1238
1234
1223
1229
1226
1224
1230
1224
1217
1208
1193
1184
1172
1184
1196
1193
1204
1206
1216
1222
1224
1228
1220
1217
1215
1224
1217
1221
1225
1229
1226
1232
1235
1220
1221
1214
1219
1216
1213
1214
1222
1229
1234
1228
1222
1221
1211
1196
1187
1181
1193
1186
1200
1187
1174
1168
1186
1191
1202
1183
1172
1185
1198
1209
1213
1210
1201
1220
1230
1218
1223
1226
1232
1239
1245
1250
1252
1251
1253
1257
1248
1250
1247
1255
1264
1269
1274
1268
1269
1271
1272
1267
1268
1267
1262
1269
1267
1270
1273
1270
1268
1277
1269
1268
1274
1272
1270
1273
1274
1270
1270
1272
1275
1276
1277
1273
1274
1276
1266
1257
1259
1258
1260
1255
1260
1255
1256
1263
1260
1267
1269
1264
1264
1254
1256
1259
1257
1263
1260
1260
1264
1252
1254
1248
1245
1253
1259
1258
1258
1269
1272
1266
1266
1267
1268
1272
1259
1258
1254
1251
1252
1253
1265
1271
1257
1272
1265
1264
1265
1270
1267
1277
1283
1280
1270
1280
1271
1261
1268
1271
1270
1257
1245
1230
1218
1212
1201
1219
1221
1203
1204
1211
1221
1210
1199
1211
1211
1201
1208
1193
1194
1196
1207
1210
1201
1215
1213
1216
1232
1236
1222
1219
1226
1226
1238
1227
1238
1242
1241
1241
1228
1222
1215
1217
1211
1219
1218
1211
1202
1208
1196
1182
1198
1195
1194
1182
1188
1203
1207
1210
1219
1220
1210
1214
1214
1219
1236
1231
1229
1231
1234
1229
1234
1231
1237
1230
1230
1234
1248
1245
1244
1236
1238
1243
1243
1251
1260
1257
1259
1259
1264
1257
1254
1256
1258
1257
1259
1275
1265
1270
1259
1261
1255
1257
1254
1269
1266
1263
1272
1272
1277
1279
1279
1267
1267
1268
1270
1267
1268
1265
1275
1271
1266
1267
1268
1271
1272
1267
1270
1267
1271
1276
1272
1265
1264
1269
1260
1258
1257
1256
1245
1246
1240
1229
1218
1226
1239
1238
1244
1242
1242
1251
1253
1259
1258
1252
1250
1252
1250
1246
1242
1236
1242
1251
1245
1244
1235
1242
1244
1248
1247
1250
1246
1249
1246
1244
1243
1242
1240
1243
1243
1241
1239
1243
1245
1246
1244
1236
1239
1247
1241
1246
1245
1251
1257
1263
1266
1261
1267
1263
1257
1270
1271
1265
1251
1252
1243
1249
1256
1260
1258
1269
1269
1261
1272
1276
1273
1264
1265
1270
1266
1270
1272
1275
1271
1263
1260
1258
1258
1248
1249
1239
1239
1238
1237
1239
1245
1246
1250
1256
1256
1258
1248
1244
1243
1244
1247
1243
1256
1260
1260
1261
1259
1250
1247
1247
1246
1241
1247
1251
1251
1253
1249
1253
1249
1241
1231
1232
1234
1229
1232
1235
1238
1242
1251
1259
1263
1266
1259
1262
1257
1256
1259
1266
1254
1253
1254
1244
1249
1243
1240
1232
1231
1228
1232
1232
1235
1235
1235
1235
1230
1228
1223
1218
1231
1231
1232
1231
1231
1226
1231
1234
1225
1232
1236
1245
1242
1233
1239
1237
1249
1253
1254
1263
1268
1271
1271
1259
1271
1281
1285
1283
1281
1280
1287
1291
1292
1291
1294
1297
1287
1281
1281
1271
1260
1252
1237
1247
1251
1236
1227
1219
1228
1219
1209
1214
1218
1211
1198
1190
1197
1202
1216
1218
1205
1198
1203
1196
1190
1178
1179
1189
1179
1166
1179
1198
1219
1224
1210
1204
1217
1226
1224
1228
1231
1232
1237
1233
1238
1234
1229
1226
1236
1239
1237
1236
1227
1222
1228
1237
1238
1239
1243
1247
1250
1245
1249
1243
1242
1243
1242
1238
1236
1243
1248
1250
1252
1258
1257
1254
1251
1255
1265
1255
1246
1238
1232
1228
1227
1218
1215
1225
1227
1225
1220
1218
1223
1220
1219
1220
1224
1223
1233
1230
1224
1233
1232
1245
1239
1245
1253
1250
1254
1254
1247
1245
1242
1245
1241
1234
1237
1243
1245
1249
1250
1244
1248
1242
1238
1238
1228
1225
1234
1235
1238
1237
1227
1218
1208
1211
1216
1210
1219
1219
1208
1221
1212
1220
1226
1245
1242
1243
1248
1243
1250
1257
1250
1247
1236
1226
1206
1190
1209
1190
1203
1223
1234
1218
1214
1199
1208
1202
1204
1224
1234
1246
1244
1255
1262
1266
1261
1269
1260
1265
1255
1264
1264
1262
1260
1255
1261
1257
1264
1268
1263
1261
1258
1273
1298
1290
1289
1292
1289
1292
1266
1263
1256
1242
1226
1242
1226
1228
1220
1210
1228
1224
1211
1190
1202
1213
1208
1197
1177
1193
1212
1202
1197
1187
1200
1209
1215
1204
1216
1233
1219
1212
1223
1209
1220
1227
1234
1242
1252
1253
1254
1259
1254
1258
1252
1256
1262
1261
1256
1261
1262
1259
1262
1267
1267
1261
1255
1249
1249
1246
1247
1245
1241
1237
1234
1234
1227
1236
1243
1246
1249
1249
1247
1256
1247
1246
1239
1231
1237
1223
1204
1213
1220
1229
1230
1232
1225
1218
1229
1241
1247
1240
1238
1244
1246
1253
1255
1251
1253
1248
1248
1244
1242
1234
1243
1244
1247
1246
1254
1256
1248
1244
1245
1255
1251
1242
1240
1236
1245
1243
1233
1240
1246
1242
1243
1237
1242
1238
1237
1227
1234
1227
1225
1219
1225
1225
1221
1224
1219
1213
1223
1224
1224
1230
1228
1231
1235
1233
1226
1223
1230
1234
1235
1227
1230
1227
1229
1227
1230
1241
1251
1253
1252
1253
1247
1258
1263
1264
1259
1263
1257
1258
1258
1260
1261
1265
1263
1259
1267
1270
1265
1267
1266
1267
1258
1252
1247
1250
1249
1248
1250
1258
1259
1263
1259
1258
1255
1247
1253
1246
1246
1242
1234
1226
1233
1239
1237
1239
1245
1250
1249
1253
1242
1251
1247
1246
1245
1247
1244
1244
1248
1247
1254
1255
1255
1242
1232
1239
1237
1241
1237
1238
1233
1232
1242
1241
1247
1247
1242
1239
1232
1231
1236
1234
1238
1237
1240
1234
1238
1243
1244
1244
1240
1237
1241
1251
1242
1240
1241
1225
1233
1243
1246
1240
1239
1236
1230
1246
1246
1249
1252
1233
1234
1241
1244
1238
1243
1242
1246
1244
1262
1260
1255
1266
1273
1273
1272
1276
1279
1277
1271
1271
1271
1271
1277
1276
1272
1265
1260
1259
1259
1266
1267
1262
1255
1262
1262
1264
1257
1256
1260
1265
1258
1258
1251
1250
1254
1260
1260
1254
1255
1258
1249
1254
1259
1251
1249
1241
1249
1242
1238
1237
1241
1235
1237
1228
1226
1231
1237
1244
1239
1227
1240
1249
1244
1237
1242
1240
1236
1232
1243
1238
1230
1240
1225
1208
1230
1233
1229
1222
1211
1217
1198
1203
1215
1221
1218
1212
1221
1213
1213
1203
1194
1209
1219
1209
1206
1218
1223
1217
1224
1216
1222
1211
1208
1210
1206
1207
1215
1211
1208
1205
1213
1223
1235
1238
1233
1231
1241
1237
1223
1227
1231
1232
1240
1248
1244
1245
1251
1252
1252
1240
1253
1254
1255
1257
1252
1250
1256
1257
1258
1261
1263
1256
1259
1251
1256
1260
1246
1243
1243
1252
1245
1252
1257
1251
1244
1240
1242
1239
1239
1241
1246
1244
1252
1255
1257
1255
1250
1253
1251
1241
1243
1245
1241
1237
1237
1235
1240
1234
1229
1231
1240
1243
1241
1236
1233
1237
1250
1241
1235
1245
1249
1244
1244
1246
1241
1247
1248
1256
1245
1247
1241
1239
1237
1246
1242
1238
1240
1247
1238
1224
1206
1194
1204
1211
1199
1187
1174
1183
1197
1186
1194
1201
1194
1205
1226
1216
1228
1222
1227
1230
1240
1248
1249
1256
1259
1262
1257
1266
1269
1262
1252
1245
1247
1243
1238
1237
1225
1226
1233
1240
1229
1216
1224
1211
1218
1219
1230
1221
1230
1221
1207
1193
1203
1214
1196
1188
1205
1202
1208
1217
1213
1229
1230
1221
1226
1214
1208
1192
1207
1215
1221
1214
1230
1228
1240
1223
1240
1244
1232
1244
1238
1250
1245
1236
1224
1210
1190
1191
1205
1214
1200
1185
1174
1177
1191
1205
1188
1174
1157
1176
1185
1194
1201
1214
1206
1219
1222
1225
1223
1216
1223
1219
1209
1214
1207
1193
1174
1184
1191
1182
1171
1185
1197
1207
1199
1191
1186
1201
1192
1184
1168
1153
1142
1158
1169
1147
1156
1167
1182
1192
1202
1215
1211
1216
1203
1210
1225
1229
1233
1225
1232
1222
1232
1242
1252
1248
1237
1235
1231
1234
1243
1255
1259
1240
1236
1225
1229
1221
1217
1208
1197
1185
1205
1192
1209
1218
1204
1215
1220
1225
1221
1206
1214
1221
1229
1224
1209
1196
1186
1177
1174
1172
1179
1192
1207
1199
1214
1236
1238
1228
1238
1231
1232
1211
1209
1202
1216
1225
1216
1227
1231
1246
1244
1244
1239
1252
1255
1253
1252
1237
1241
1246
1240
1241
1255
1244
1240
1236
1245
1248
1250
1252
1261
1252
1256
1259
1263
1267
1270
1266
1266
1268
1259
1242
1243
1236
1243
1242
1253
1242
1240
1251
1236
1238
1233
1220
1211
1225
1224
1221
1211
1225
1228
1230
1237
1244
1239
1257
1239
1227
1216
1213
1220
1203
1215
1225
1215
1223
1232
1240
1248
1247
1245
1238
1235
1240
1235
1245
1249
1241
1255
1259
1251
1250
1250
1259
1252
1245
1239
1239
1253
1257
1258
1266
1263
1259
1250
1250
1249
1244
1253
1248
1249
1241
1244
1255
1248
1240
1241
1241
1245
1246
1248
1253
1251
1254
1259
1269
1278
1281
1283
1281
1280
1281
1278
1270
1272
1275
1275
1270
1262
1262
1248
1243
1244
1248
1248
1244
1245
1249
1235
1242
1249
1236
1247
1241
1241
1234
1241
1243
1244
1235
1244
1246
1243
1241
1250
1249
1250
1251
1255
1254
1252
1251
1255
1268
1276
1274
1274
1275
1269
1259
1260
1257
1263
1263
1274
1261
1265
1260
1264
1267
1276
1273
1272
1270
1279
1278
1274
1272
1272
1267
1257
1245
1239
1233
1233
1234
1225
1202
1210
1205
1197
1187
1162
1179
1181
1192
1178
1188
1184
1196
1188
1191
1217
1223
1214
1226
1239
1235
1235
1238
1237
1227
1236
1230
1231
1239
1245
1257
1249
1251
1246
1247
1249
1244
1251
1259
1251
1253
1254
1254
1259
1247
1245
1242
1244
1245
1242
1238
1233
1231
1226
1226
1230
1230
1235
1230
1227
1224
1229
1229
1223
1230
1228
1228
1227
1225
1227
1223
1223
1220
1230
1233
1229
1240
1241
1239
1235
1228
1229
1228
1222
1221
1227
1227
1222
1227
1228
1232
1229
1227
1228
1218
1208
1207
1217
1231
1230
1228
1226
1226
1231
1235
1229
1233
1236
1239
1238
1244
1242
1250
1251
1254
1247
1244
1246
1257
1247
1250
1255
1255
1251
1246
1251
1250
1248
1245
1250
1254
1248
1246
1251
1260
1256
1254
1254
1251
1251
1254
1251
1255
1257
1264
1265
1270
1272
1266
1257
1253
1254
1247
1241
1234
1238
1235
1245
1247
1235
1217
1216
1221
1223
1220
1225
1229
1230
1228
1230
1222
1225
1220
1227
1236
1227
1232
1227
1223
1227
1221
1214
1217
1219
1219
1226
1219
1221
1226
1224
1225
1223
1226
1227
1224
1220
1228
1224
1210
1214
1219
1223
1225
1226
1229
1232
1231
1239
1249
1251
1262
1268
1259
1256
1265
1267
1256
1257
1258
1264
1268
1273
1276
1278
1276
1271
1264
1270
1265
1264
1262
1269
1266
1260
1269
1271
1275
1278
1276
1280
1284
1285
1284
1282
1274
1279
1270
1265
1269
1269
1266
1263
1257
1248
1249
1253
1242
1235
1241
1242
1245
1237
1240
1241
1251
1248
1242
1254
1261
1260
1258
1258
1245
1227
1215
1229
1231
1231
1228
1239
1231
1240
1244
1249
1254
1258
1255
1255
1260
1256
1260
1262
1264
1261
1266
1265
1272
1278
1279
1263
1262
1262
1261
1261
1266
1256
1250
1245
1247
1253
1245
1247
1250
1244
1234
1241
1247
1256
1265
1268
1273
1271
1259
1263
1250
1241
1245
1251
1245
1261
1261
1262
1260
1254
1248
1261
1265
1254
1258
1260
1251
1247
1250
1250
1247
1253
1261
1259
1250
1249
1251
1252
1250
1242
1245
1235
1236
1238
1243
1246
1240
1239
1235
1234
1237
1238
1236
1233
1216
1202
1203
1208
1213
1205
1209
1217
1230
1228
1234
1245
1248
1247
1238
1229
1240
1245
1250
1236
1231
1221
1217
1217
1212
1208
1212
1214
1214
1226
1235
1238
1240
1235
1235
1236
1234
1237
1235
1234
1232
1233
1237
1236
1231
1232
1236
1239
1235
1226
1235
1239
1239
1230
1227
1228
1229
1225
1217
1225
1213
1208
1217
1216
1231
1244
1244
1240
1247
1239
1243
1239
1247
1253
1265
1275
1273
1279
1278
1280
1275
1277
1272
1265
1260
1265
1258
1259
1256
1254
1252
1247
1256
1243
1241
1252
1246
1247
1253
1259
1248
1248
1251
1243
1252
1246
1248
1246
1239
1241
1240
1236
1228
1214
1210
1207
1209
1217
1210
1204
1198
1211
1196
1205
1219
1212
1226
1239
1223
1229
1226
1218
1222
1229
1217
1228
1241
1241
1233
1227
1231
1239
1245
1248
1242
1238
1233
1239
1244
1253
1260
1252
1257
1254
1254
1250
1251
1255
1254
1253
1251
1245
1247
1252
1250
1248
1252
1257
1260
1259
1251
1252
1257
1257
1262
1259
1252
1249
1247
1251
1244
1237
1224
1223
1216
1229
1229
1227
1240
1234
1233
1226
1228
1227
1220
1208
1202
1198
1206
1224
1220
1211
1221
1229
1237
1245
1246
1241
1246
1247
1238
1231
1244
1252
1254
1244
1231
1222
1215
1210
1193
1211
1218
1235
1226
1222
1205
1215
1229
1240
1248
1253
1242
1241
1235
1235
1247
1252
1256
1265
1254
1255
1263
1268
1271
1262
1262
1270
1270
1269
1274
1268
1263
1257
1253
1253
1245
1241
1248
1252
1258
1261
1255
1255
1249
1249
1247
1238
1239
1249
1248
1257
1273
1273
1277
1273
1276
1269
1270
1262
1260
1265
1260
1258
1260
1260
1266
1270
1271
1266
1258
1264
1264
1267
1269
1270
1273
1274
1275
1277
1273
1273
1278
1272
1272
1263
1263
1258
1251
1253
1263
1258
1261
1257
1256
1264
1260
1254
1260
1262
1266
1254
1259
1254
1260
1264
1267
1258
1264
1265
1258
1249
1248
1249
1251
1253
1260
1267
1272
1257
1252
1252
1257
1260
1267
1269
1262
1267
1264
1278
1270
1264
1263
1256
1257
1252
1248
1249
1261
1256
1250
1249
1252
1245
1245
1241
1237
1242
1236
1237
1235
1230
1237
1238
1244
1254
1254
1256
1250
1251
1252
1258
1264
1260
1265
1266
1262
1255
1257
1250
1251
1254
1251
1253
1245
1244
1252
1252
1256
1251
1255
1253
1252
1261
1253
1249
1244
1233
1232
1235
1234
1221
1224
1223
1211
1218
1228
1234
1238
1242
1249
1254
1252
1260
1264
1270
1268
1265
1272
1272
1276
1279
1285
1276
1273
1278
1273
1277
1278
1271
1268
1260
1256
1254
1261
1258
1268
1266
1271
1272
1283
1295
1293
1290
1286
1286
1280
1279
1279
1277
1276
1271
1279
1282
1275
1276
1272
1265
1260
1263
1257
1257
1253
1255
1246
1250
1248
1251
1252
1257
1269
1264
1261
1262
1255
1256
1258
1263
1276
1273
1271
1271
1265
1259
1255
1253
1248
1242
1239
1242
1233
1240
1243
1239
1242
1247
1244
1239
1235
1238
1237
1245
1247
1246
1250
1240
1241
1239
1246
1239
1236
1237
1245
1244
1244
1228
1221
1235
1228
1235
1234
1224
1228
1228
1228
1216
1209
1218
1231
1237
1241
1241
1238
1230
1223
1232
1244
1232
1230
1227
1233
1221
1213
1200
1218
1223
1226
1224
1211
1224
1216
1219
1217
1219
1222
1219
1226
1220
1213
1220
1224
1225
1231
1240
1240
1233
1232
1224
1219
1225
1237
1248
1242
1233
1232
1240
1261
1269
1262
1268
1255
1250
1261
1265
1261
1258
1264
1266
1274
1277
1279
1272
1269
1272
1271
1280
1278
1289
1296
1285
1278
1270
1269
1268
1266
1269
1272
1273
1280
1281
1281
1279
1281
1288
1289
1284
1275
1276
1262
1258
1258
1261
1253
1246
1253
1254
1246
1254
1245
1241
1248
1250
1251
1256
1261
1254
1241
1246
1247
1241
1237
1236
1237
1239
1243
1250
1247
1246
1238
1233
1240
1241
1239
1251
1241
1246
1242
1227
1218
1212
1218
1234
1246
1250
1243
1250
1246
1245
1236
1224
1210
1225
1213
1226
1230
1240
1238
1243
1253
1243
1235
1235
1232
1233
1231
1233
1237
1224
1224
1224
1238
1248
1247
1243
1235
1239
1246
1246
1249
1240
1248
1246
1249
1249
1257
1258
1254
1255
1254
1262
1263
1269
1268
1270
1269
1268
1277
1281
1283
1281
1280
1278
1283
1278
1264
1267
1265
1262
1269
1266
1268
1257
1248
1244
1236
1244
1252
1251
1242
1233
1226
1216
1206
1220
1219
1216
1210
1220
1207
1199
1206
1217
1209
1204
1214
1214
1201
1202
1211
1223
1214
1205
1201
1219
1204
1193
1184
1194
1218
1200
1217
1227
1213
1224
1213
1230
1221
1212
1220
1226
1235
1238
1225
1208
1219
1222
1221
1228
1224
1220
1202
1220
1214
1208
1217
1227
1232
1233
1226
1235
1235
1239
1233
1221
1216
1225
1220
1229
1227
1234
1232
1235
1235
1235
1229
1225
1242
1245
1244
1247
1250
1251
1252
1258
1258
1260
1257
1255
1251
1252
1257
1259
1261
1259
1254
1241
1233
1239
1236
1247
1242
1242
1244
1243
1244
1248
1253
1252
1258
1255
1250
1249
1249
1251
1249
1240
1240
1243
1241
1248
1251
1253
1250
1254
1266
1268
1264
1261
1261
1261
1260
1256
1257
1258
1256
1256
1248
1249
1255
1253
1256
1256
1252
1255
1259
1257
1253
1255
1260
1262
1259
1259
1266
1275
1267
1273
1274
1268
1274
1270
1274
1265
1271
1269
1260
1264
1265
1260
1258
1260
1250
1245
1245
1241
1243
1235
1233
1227
1234
1229
1225
1226
1231
1231
1234
1231
1236
1231
1238
1246
1245
1241
1243
1242
1241
1248
1243
1247
1249
1253
1259
1253
1250
1248
1244
1250
1249
1245
1249
1248
1247
1247
1255
1263
1261
1265
1268
1275
1274
1281
1288
1281
1281
1276
1267
1276
1264
1265
1247
1237
1249
1260
1250
1241
1253
1262
1253
1242
1230
1221
1210
1189
1195
1208
1217
1207
1192
1170
1149
1162
1169
1185
1190
1180
1167
1171
1183
1188
1209
1209
1206
1215
1217
1219
1222
1208
1199
1209
1219
1221
1216
1223
1223
1226
1224
1230
1219
1230
1227
1226
1225
1213
1216
1223
1225
1223
1218
1216
1222
1220
1223
1220
1221
1228
1238
1249
1254
1251
1238
1245
1233
1227
1238
1246
1240
1237
1242
1257
1256
1258
1248
1245
1243
1243
1231
1241
1251
1245
1248
1252
1242
1243
1244
1241
1244
1240
1242
1244
1228
1236
1239
1241
1239
1246
1241
1238
1246
1247
1236
1230
1235
1243
1227
1230
1233
1235
1234
1223
1232
1236
1230
1218
1238
1233
1213
1210
1221
1233
1236
1231
1225
1219
1205
1212
1203
1213
1219
1224
1232
1231
1230
1231
1234
1234
1235
1232
1234
1239
1233
1238
1246
1254
1253
1248
1248
1245
1248
1243
1241
1245
1255
1252
1248
1249
1250
1248
1253
1252
1246
1237
1241
1238
1236
1248
1262
1271
1266
1277
1265
1268
1275
1282
1287
1285
1280
1274
1268
1269
1270
1265
1260
1253
1251
1251
1258
1267
1262
1251
1244
1244
1232
1229
1240
1252
1249
1239
1252
1255
1261
1260
1254
1253
1246
1244
1250
1265
1279
1275
1280
1280
1277
1280
1280
1281
1269
1269
1254
1262
1254
1254
1261
1259
1255
1258
1264
1270
1267
1261
1253
1257
1266
1265
1256
1254
1254
1260
1257
1249
1239
1239
1245
1239
1250
1236
1241
1247
1252
1263
1263
1259
1253
1256
1245
1236
1233
1221
1208
1203
1211
1219
1220
1219
1207
1196
1193
1185
1178
1164
1181
1190
1196
1213
1213
1197
1194
1197
1204
1194
1205
1194
1205
1221
1231
1235
1235
1238
1245
1246
1244
1241
1252
1242
1240
1236
1228
1216
1223
1219
1207
1204
1189
1199
1214
1227
1231
1238
1221
1208
1203
1216
1234
1222
1210
1193
1206
1211
1218
1212
1201
1194
1203
1220
1223
1228
1215
1225
1212
1220
1209
1223
1231
1234
1237
1227
1237
1239
1240
1245
1240
1242
1240
1232
1242
1243
1242
1244
1237
1232
1239
1232
1222
1213
1220
1212
1200
1211
1204
1197
1203
1213
1223
1216
1223
1230
1234
1238
1240
1234
1229
1226
1226
1226
1233
1242
1248
1249
1249
1247
1242
1243
1244
1245
1248
1260
1265
1268
1262
1264
1265
1263
1256
1258
1259
1256
1249
1247
1248
1248
1237
1238
1241
1252
1247
1252
1255
1256
1253
1241
1236
1228
1227
1230
1219
1225
1214
1226
1233
1224
1219
1213
1220
1205
1208
1202
1202
1223
1211
1225
1212
1190
1185
1193
1169
1181
1203
1192
1208
1201
1176
1189
1209
1218
1201
1213
1198
1184
1200
1191
1174
1194
1177
1191
1177
1158
1146
1167
1155
1167
1188
1201
1209
1193
1198
1203
1213
1228
1233
1242
1251
1244
1239
1236
1236
1236
1244
1259
1253
1259
1263
1251
1243
1238
1242
1252
1261
1253
1250
1232
1243
1228
1228
1236
1228
1228
1213
1206
1217
1224
1232
1236
1233
1228
1214
1229
1221
1227
1233
1238
1242
1231
1234
1229
1231
1226
1222
1223
1235
1244
1244
1246
1247
1245
1236
1235
1239
1241
1237
1232
1223
1224
1226
1222
1226
1217
1217
1223
1220
1205
1214
1223
1224
1230
1226
1231
1235
1231
1239
1238
1240
1239
1236
1239
1240
1245
1248
1247
1254
1258
1252
1250
1257
1259
1261
1263
1262
1252
1245
1239
1233
1223
1230
1245
1230
1240
1243
1248
1243
1231
1225
1215
1209
1217
1208
1217
1208
1216
1225
1229
1236
1227
1217
1217
1227
1222
1212
1216
1207
1211
1193
1201
1206
1197
1204
1200
1211
1198
1203
1198
1190
1197
1195
1189
1195
1205
1215
1215
1209
1194
1201
1212
1206
1191
1196
1207
1222
1212
1233
1240
1230
1233
1238
1241
1238
1231
1235
1242
1235
1236
1240
1238
1251
1253
1249
1250
1256
1259
1258
1248
1242
1246
1241
1227
1237
1245
1248
1251
1252
1250
1255
1260
1260
1260
1259
1257
1263
1263
1255
1254
1247
1256
1253
1243
1255
1264
1260
1247
1234
1237
1245
1241
1249
1251
1250
1241
1239
1231
1235
1237
1229
1226
1227
1237
1235
1237
1232
1230
1229
1229
1232
1227
1240
1249
1246
1237
1238
1235
1237
1227
1233
1235
1232
1232
1233
1225
1225
1221
1217
1212
1218
1216
1218
1212
1210
1214
1220
1230
1224
1228
1227
1223
1215
1220
1219
1225
1225
1227
1239
1236
1236
1246
1250
1249
1254
1258
1258
1258
1247
1242
1240
1243
1243
1250
1242
1235
1227
1222
1220
1215
1215
1214
1216
1216
1219
1224
1221
1228
1237
1235
1233
1229
1230
1227
1225
1229
