23658841
13
2626230
82
10150
2353539
23606
937
214
15
423
331
9
61383
90067855
57316497
1529
870257
2211
52
103564
526
142178
383559
170933
454
29
326077
10391
3376
305
1732558
356448
196
120
11
45
4874
7321627
159
12
34158
18
66523176
70266
297
1212201
17
11
7769114
11124
235
4275
505
124893
4861152
2269
1185949
9713
186
11387412
45100688
282
1531
77224
1210978
2150356
96356
12
13
70
240
448356
31
104971350
4468
282477269
27943
15515
57228547
5735
2070029
18025
22
57
121057272
41
89
629632
11
206
12
481129
874336
1686010
5696
1661
176397011
18
291394
12
312770
122
297
1594317
10
528
2902
1726
54882871
5323
52371
98
2147
5191174
186427
86141885
52
10
2936
50404
350682
27
58
82
20
9690
4841
46541
70971879
26014
32
4134
3189
7530
666
99
284543
59199070
113008046
2179
442
58522
10359
34634948
424461
3681382
126274
33039
29
4036
600499
5
6
113354
6
888
1452
628
166
6
857660
103853
3637
5432
180
11
9
11
42
1198
149
15540
443
13102
956597
703
7149336
126
6
31977033
432
4519
11991298
9
101
101350
226580
7600
939543
15
187812
549
936530
20
4562350
26
12713046
11
45
11
336137
1966
6072410
2173171
44820642
9522625
1317
4789777
6
43670
60
250
182306
17822740
27
10
75
1188654
335
94704
5961191
5162
3996
50
8
322815
10028639
33410
2336983
1950
110867
412579
542
4380836
27667
13912012
209
12
520
5908
2727405
7
7
5614
2556
836
28
4852647
46
104039
26927
2740456
803
8
111463
23307
32
9465257
9
1647255
1557364
15
8
8
18
61
61029
13
66736
28477071
28288
81967
8968361
312
722176
14747724
3068
28301
1498805
8537679
117688
10
51
639
864930
8
117
11
1199418
11
205
6
273
208
3565659
8216
41
74718044
2979606
27483
61
1337837
8154
223
12132
6
2158
286
1162
4
734
7
44
1287005
542920
4
4
8184
2943902
815636
1481740
46
798516
6
39
2230486
6
6410
21398
227
2024
218397
1504138
813441
4
1229716
74431
7
5
598220
9762079
14905
5202
5626
11706
1055361
4
829484
280579
2781851
3255
147
6
8581
370
864
992570
210
43390
74
1231216
562
968356
4171479
4902
2423
188
526175
695848
1119234
1163
1206980
17
4
18
5
5
2992
776766
5
51140
1318420
730221
282
3339
6128
931
2057115
773885
16664
885
583692
227084
1322500
5
28
882049
5854
522
1104
1656344
8989214
3916
1092
852781
132
4
2378250
987759
2002352
522
1788
4
652531
423928
1780547
792501
2418
4
4
371
385
1409945
3080243
627651
4
2318
1225129
126312
4
4
505003
591
202559
667
4
4
5
340
410644
74
9
160
6
31
88067
480281
929
8
140
83671
6424
268978
15
8
291
17
11
215502
41428
92
47999
69740
148715
82815
64
73033
76
29
99595
31147
42581
270592
27770
7
4
308594
198074
146303
265388
175584
8
1748
258349
5758
39
19
6
76066
66798
14
17
5
107
43647
56473
7
1872
202160
497932
36041
97
2243
11
603663
46
129394
88380
4
77860
12
229169
137587
223435
112
44199
9
213992
90207
98712
6
354340
5
90
22055
21
3
475
102966
8
10
12
7
84373
46587
114704
4
3
4
24
33045
4
3
5
5
79630
1656429
161545
3
15
25
18
15
5
337278
2629
42
96699
85642
290
60824
3505
22
68669
178728
7
322
55947
189381
14812
14
236497
176997
59113
74445
67906
34
766
24
25301
11
71936
9933
133862
11
34533
194
3
22
118
81
78
80978
103697
29117
193847
1057
14
70
117
12880
10467
4656
10517
9441
371
137760
12641
4630
6895
3
28292
28462
4
78
13997
3
2779
62928
2530
26896
6
4405
2415
12
2244
9151
5912
15387
4
3
20191
24428
7799
16756
9322
16942
27525
292798
35407
3
13262
5
2182
8489
9796
9239
65
10827
7642
9980
2336
6135
67022
12625
16856
15140
57758
9476
9801
17383
2073
4
13646
535
29458
2842
3
83472
10655
11542
6
4259
12013
27489
5952
5929
74
4
15513
3734
14741
520
1418
7473
3075
7146
46613
4823
7537
3
895
3343
10375
11411
4
8071
6089
17513
18930
2228
9735
4
12090
4
10903
15986
11774
8983
18636
23177
5091
5512
3
11
6386
5801
37157
3
3
7207
11928
87766
6708
8020
17205
11815
9708
63756
3
3
11751
12
6878
12208
13035
25891
893
30299
38812
9719
5011
366
21935
10497
14875
32181
5091
8250
15
7
3
14
4
2
3
3
2
2
2
16
2
2
3
10
2
28
3
3
31
5
23
8
5
3
2
4
2
3
2
5
2
2
5
11
2
11
20
2
72
18
2
12
3
20
4
4
12
3
3
9
4
83
8
4
2
2
7
2
2
6
7
13
3
2
6
2
3
50
3
5
3
3
2
31
3
6
2
24
5
2
3
13
4
9
9
2
5
2
2
3
4
2
2
2
2
3
2
9
4
58
2
3
3
3
2
2
4
3
36
15
3
3
4
15
3
2
2
3
5
66
2
4
10
4
3
2
3
5
34
11
11
2
3
3
66
7
8
6
40
5
2
2
3
2
3
3
3
3
2
8
3
3
2
4
9
3
2
3
2
3
2
2
7
2
4
10
294
2
3
8
2
5
7
2
5
10
2
34
5
7
4
2
2
2
8
2
3
2
2
3
2
2
3
3
3
92
2
13
2
3
14
4
2
3
5
2
3
12
5
3
3
2
5
2
3
6
5
2
2
5
2
349
6
131
3
10
7
6
21
5
14
2
19
6
5
6
5
8
33
7
2
2
2
2
6
2
2
18
