184
524
53
38
13
6
85
484
418557
12005001
43533
59
160085
15
13488489
21562
640397
175
98
28
5021864
584
1803
2408
31
733
44
2407
105
88
13739
303
44
890773
709
741139
69
260109
65908
58871
34799
1165
4567589
1869942
1588
448003
192
8261
2760616
48127
13921
212521
20565
1289
457733
4544751
86233
5109
78182
20943932
53
12
4060
5628
741127
7205
35
187
20386
499
10002
3294
27
285378
37499
52883
61833
5133387
254205875
1270
7216
68
6304
484
498
69632
14621043
154152
4008014
156
2091
388
13170
2555
1038723
24204
29
620730000
18127
127743
7
551
2289
11631
30
11
20486
8
9
37
15627
1103
350
850
46713
59909
5936
176
10
1559
79
251
19685
55280
153143
54
127
2411
8
38761
2439
6
166
124512
31384376
32
2816
1120144
3667
22
2429
5021891
10638
200
290543
139
5108
200526
166
2003
1643787
20
2943
7479
689091
7854283
3526
285781
97177
7891500
1259
45929
3772
146048
1860965
58
185458
3780
1037576
3682
1379
107
360452
8
1553
5702387
49807
10695
9
2446877
663
16809
30280
7
175
282855
637647
56
8
1232
13896026
109377
499
45
444
2338
343
2580
394877
31347
31
10
14300002
841
3204
7278
27454
728879
18015
52
48441
5948258
13
9
1674
45622
9
1043505
34229
63377
19539
3593
54
257
10629367
84
11955
1072608
1052
525
12
2416
4621926
374
70
19
8555627
72774
6733
143
43303
1964626
30211
1165
163
456539
293
1919
9018862
10680
9419
15
2189
64
1041
308091
21063
3131
769
2817
3099
92
46
14
253445
7
4861
259
2468
25
553
52
12804
53
550002
270
46272
2556138
727601
63
55
30505
58001
33
174
17184
1309
4677
3434
9268
142816
33
1630
2829
29
4
50700
5
54
106
2300
47
35899
55473
15217
14
43
390
28
2282706
128
18354
77
1599
15
4151154
46686
1265474
192425
133
422
556
5775
56450
10
45
194
93
228089
11386377
237327
345
36126
693
103
65
131
49
686
236
53482277
78
82
13018
2747
11779
77480173
147008
112
15635
193
39
28754
210
80
9102
9
2189
21611
7545
100
784
1733
65329
6497256
62804
15636
32
7
603
249
14555
43140
828350
60029
1402
5
6
15
17167151
8537
64
50114
7
627
54002
472
15619
40
7426
121502
873
27
8398
42888
289836
36979174
25
3385
4920
123
225
2095
9
135
135
79
539
303878
43918876
14203
47813
2403
62095
127
19
275556
11664
10592
528764
787
10109
42881
411
536033
347
36
157
64461
5290
335
44
31248
18577
64829
44384
144
2411
548482
800
98
494
364
4449
4799
32
5917
29105
11677
644
1038834
46942
9918
928127
138415
765656
589
147
5311
11197
4
614
41513
77
226802
676079
18241
117654
13483
2723
436
76900
31218
70740
1078
88
162927
1179
641
753605
6
75631
193529
11413335
55
1380
420199
45
17
2408
586972
11467
2206
5
261972
4344
2200
635
2227
1852
61
86
150448376
304
3047214
12546
46474
1799345
828
9
21
59
2454
8129
12
2840408
108981
20290
9326333
591
3301380
251561
1567975
7
39602
1161885
1044
366039
154
7056
58
4184288
94860
236055
19170522
2637
5852
11
16588801
83708
228
85776
820162
4100
338
24176
168
3161126
1203126
124
50202
355
735
67799
1452788
56
8
2550002
153
2190
6295
63
1926110
17
15691
1239
17868
8283
17949
52
142
464768
539544
39
37
184053
634
289837
47131876
1233
4859
371
111477
241
1296
911
668229
77177
45377
812
1822
150
17060
301
498
1070
45701
7710
20214
66
413
167
21807
4707
133
509
4
147348
134
4
11
34
46
153
175
126
15
61
12
5117
14
8
49519
56
147
9
33
6525
128
313
300
2338
84
627
14
7
8326
74
223
6301
57
15
107
85
1422
2379
823
174
26
180
14
192
759
3943
6868
19
6
4
186
128283
1110
12939
365
115
4750
39
231
2568
61
749
13
760
220
21
160
893
45
3183
5337
1060888
8284
88307
8219
47
570
183
18
1741
41
29
182
541
92
5884
212
135
2181
624
643
227
1594325
1157
213
34
48
35
23
1695
9
17108
1588
133691
10435
9063
56
2323
2443
141
62
764
42
4377
231
5261
297
690
10
591
7165
6
772
413
2029
35230
5169
8
112
26
2379
87
10399
59430
76
1027
8
10
104
18292
6
98968
17
705
8757
3234
1948619
83743
46181
29
36048
15
8
3113
661
14074
105
19348
44
153283
3285
499
37
1441
15
115
907
42
8661
3129
17
11193
1148
53
806
5171
1835046
13003
130
16
203328
1185
9
38
12
765
357
5
21
1518
300
249
872277419
436263311
610668061
245004649
81318322
383588898
816955604
1246713
218632301
190396227
570839879
12094247
571361980
414547309
974295671
524752142
143105461
953809439
309634001
350448294
7866947
232160006
309213072
793777259
102260888
15512363
619108003
46438052
178057574
546340751
269038413
12118329
73260973
19746620
712457263
71479316
56324004
81500512
449354649
130532170
41808133
450705051
584557622
483441019
782984899
825356728
361760476
995287841
220486136
158283274
15600662
740572201
275720811
345150293
94429706
311015334
536088329
260989752
20569033
241465129
16730666
147487959
184514113
154307022
344681025
84105340
272150691
41043488
2191491
321761736
51734288
620970269
17829674
114164965
382627179
239681918
550882977
310206182
762426511
234324620
35422634
64557201
728996177
22277584
510010354
365235678
771215624
307822581
173450829
6107898
86965579
492816866
243534247
47630871
28381590
511755235
128417860
148090949
785578413
116011848
59525504
128854607
231626337
33634962
27230827
180396388
30539865
312776258
586017450
537754423
999319503
755634179
48235404
89209865
64855142
122568997
24492362
29962163
404174484
409496728
385693028
231753532
11246494
678665207
457602394
236345561
29187059
536533905
58876313
309673765
840700910
432300430
160860087
883757202
877204568
927701783
607564969
69878630
791647267
80490595
414403785
753298479
131991330
13145985
78176405
229116752
210052723
253905092
30523448
473406662
126332110
24089468
328333082
672715873
54124187
460493782
9119019
38612376
148642236
257604845
336062249
579695207
738978475
404323763
261439581
822466135
608555513
385614615
41385857
264795858
373224283
201022598
3344616
298230894
686987707
24933780
403211581
462194157
99073187
72143394
716299033
133758526
151158420
120006164
116715756
253874752
62488340
351309594
7574279
148346033
263561670
143803427
761776235
421042707
705533294
287094548
937239844
338801096
22096029
778310851
