9
15944
604177
5776
402338
24191168
378127
27301
203
61131
6397665
148864717
22494
7
8914707
4048903
129287
3473
640188
46
12
2198818
315526
231
1565
39
46626
142813
2095
30
396
94314
12
29665
558
38082
81078
3996
121123
413345
5934
74030113
15
214377
38300
107165
134
501
2323294
8621993
1366877
15
147
107657
179
97
535
20451
4613701
346
12
9448
78865
9
6
2790
1464
1369618
834
68
20303
1272
3257904
738
26437437
58
107
9
94770001
17
899
47455200
139970
6788
40
1727230
1092
2199
1796876
122491
5025294
18333
8741
188
17310
25
2707
236
278
94
344250
695
17
9634636
12810803
644
11
226204
51599
521755
2453
1397972
454
3865
50404
6
166384
338
3131
168082
169
74554
2544
30
885362
5
774
5
40133
178735
57027
20622
9
67378
388
10533
39
254
120
455628
62
3155
71
6596
248899
8
16
11386460
42878
38195381
51
20588576
12079
630
103
7867
4601026
136
53254
17
18
628
17937
16
808
10
4
3532157
11453
11
26
8577
53
61
98868
637877
254347
7146
366028
49
1226226
71878
39
29284
19
6870
1585
141
1034
42158
1113
125546576
224941
6225
84
7889
643
14386
532391
36
4084121
12753
142
41331
67110357
3256
87285
3808
86
4
8083
86
30
2338076
29
94677
529389
40820
7
171199875
48203
40
6645630
384488
8281
5420
223589
6834377
5935068
2590
16
1328127
44107
460
424
363
19963039
2640701
231
209575
54692
462
247
22760
1140488
741154
4100
57376
8739
6595
337
505
1542
9145
21508
14773
135308
64829
655
8152480
4
23368
11378
240
121124
60027
16006
4227
859640
4217
171
343
513
62
1938
56
26744
125462
137
17311
91
9
64
79
151309
3832
46
4739
313
3711
709
580
767
102414
1072074
17878
177
41
12
1395330
33
1755
20
35022
2025014
41
641
1707
116426
140
2470631
129873
2297
2824
8088
443626
724
35
63
1001
53
539540
399
118308
6
27
14
875877
132068476
28
40569
21177
13477
3176
279
76
92
451
47
454
242183
1569
384
307342
439402
57066626
27
7090
10
314
346
741132
30
44
2205234
2191
4851503
1124699
4422
27879
19300
150
21612
109961
1861240
1003878
63359
4
432581
50304
132057
45
220
133
1134378
15128
2733
3828126
120
111
577204
629
40795
15382
23
15131
457
49
399960
49
6
322
1822
343345
48173129
23900
3130
38536
60
1283
1035137
51
31286
203262
199276
8703
2553
705
3133
45390626
5
7
469
2406
13
286
130
904484
3590
5823139
2302595
13
1530
636
143145
24
1685
6
279
2958
78379
633
727
3727
14387
4087357
125
182
2202
105
5
57608
10543
605067
245427
81877
570
6087
49228
4707
43943
524
9747
3589
2406
4934
7
190
12
456539
1576
453791
3335052
417
21
3616331
975
17
674823
84
290526
1455
19022
1680
42759
511256
15418547
46365
353728
385880
210441
91090
5998
83130
250195
318
41554
160
320003
406519
38027
23109628
2095880
1449460
6859
6878
747
51984
10
192
184048
770
56
43
734432
10839906
180
570
362
338802
251
399
36
137216
59
1884
12616
17
3183
7491122
17311
17881
44002
93
43833
281
20155
4235004
26
194
240
39783
40785
59164
20486
69
114
13015
52490
15029
10
19465876
88441
7705
2675
6
34300001
32
450601
8
72173
10
13333
7210
214458
207642
185308
14402
13
56496
1064
77
81811
3005
85
1687946
3930
10733
54
929478
33988
215
232
4
138413
38
22282
24215
19686
534248
21127
187
29791
2358138
49
8
65222
41
2929
21505
18745
916
4219
1003
78127
188
47
185
631
22
26
8667
181
1110
567
282
6429
16844
34
7253
206
1950
444
201
5123
201
508
116
36399
955
6575
16
2149
434
7
237
5
18864
1083
8265
534
12
1036
7
19761
1127
62
2181
652315
2197
687
89
32
1461
47
39
53403
39
4
21714
137
14084
423
263
55
6399
41
386
33
1129
922
130
1287
3273
140
2722
12
5
357
48
3455
218566
2231
72174
1233
377
10151
54780
22497
1129
345
256
28
84
87375
249
58
797
1652
14
192
1990
6331
549
1044
15
5949
57553
127
35
406
348
3149
51
137
67
20
36
3308
10
319
94
663
11
2460
11019
2395
462
27739
8213
4611
1411
8319
6
159
113
59
805
13387
313
33
1973
203
112
456
7
217
48
40
96
7172
137
2289
164221
149
5134
740
14
8691
9
84
23
139
1205
139
6
835
439
59
5636
16
31
10609
422
69
19277
275
631
261
5497
98599
41
39
13337
4
48
6273
62
585
25151
187
1114
3665
2167
52
540
5
8008
89
84
1294
8566
164
2315
4638
63
5
37385
55
18
199304333
18203350
137256720
34867747
488864765
426942701
834574730
119890528
113109388
15552576
514669905
37414824
452602281
447286432
780393760
679365670
807636451
772306965
18510366
202547454
868884756
221722042
115915547
959072235
124727502
115557598
84589994
412222270
305957283
269973549
15325451
30459666
201324024
438670777
385401330
1449837
965238107
224349227
112661644
35933720
937242393
213703532
97369813
255351755
947092835
13128844
608587343
28881260
357597313
554746709
224515613
273212604
28642647
254659622
752152140
853224101
140006643
7504397
76529738
157812719
975607665
461239535
796740797
544173115
29174301
372892191
227699069
199518078
7112940
20476390
362591094
806444163
227754831
271320929
817132032
275182673
220035530
126375126
660795651
652877869
977346235
165405098
30988723
35408946
876142886
3125334
102670397
46950117
644532641
425827586
552706321
149875827
54920564
529164314
105288312
163921180
91245361
16486598
41595760
801646251
18536428
557586692
790444595
758412781
645736376
251953009
21137154
662011411
890077007
165274449
241672354
70044054
336977959
559161131
202165004
145781711
451112407
735253491
578458117
177050306
284808344
49011438
25618193
496494164
950584208
507974311
242005669
811881015
638047983
328170071
363177406
881396862
6485854
70698818
510631566
178482986
329153540
66057504
570766189
427548658
357226194
295241411
279855371
644433452
847848920
301800644
290760905
54523469
27323778
599026548
131844966
27815495
863164535
30799211
936208288
859317995
25191744
714192681
366858983
1111230
108803112
56879964
570734821
321199171
968778628
678133099
829691971
561393754
388411084
979387721
23072220
350664182
229337702
231213728
7576579
841079257
138281360
529547915
204808003
185693861
252752953
316811721
64930531
116938000
163681836
298002860
456248403
105598157
171384715
40237039
647314027
489148588
482142626
460497410
278037153
457819647
59663319
154265707
87264456
50725120
