1 2
1 3
1 5
1 32
3 4
3 4
3 9
4 2
4 5
4 33
5 7
6 2
6 3
6 35
8 6
10 4
10 9
10 9
11 12
11 13
11 15
13 19
13 34
14 12
14 15
15 17
16 12
16 13
18 16
19 40
20 14
20 39
21 22
21 23
21 25
23 29
24 22
24 25
25 27
26 22
26 23
28 26
30 24
31 2
31 32
31 33
31 35
33 14
33 39
33 44
34 3
34 32
34 35
35 37
36 5
36 32
36 33
38 36
39 20
40 19
40 34
40 49
41 42
41 43
41 45
43 34
43 49
44 42
44 45
45 47
46 42
46 43
48 46
50 39
50 44
18 14 17 15 3 21 2 22 16 23 28 10 27 11 9 29 8 30 26 12 36 35 34 37 32 38 31 39 33 40 41 1 13 24 20 42 19 43 12 26 45 6 44 7 5 46 4 47 25 48
2 5 1 1 2
