1000 1000
801 56717857
786 514190251
566 561211645
208 941270739
577 496907236
78 57677026
951 92754401
486 7285185
994 177974281
688 260853503
106 234404229
704 19956651
335 108171631
408 35442604
919 285065385
355 517313251
209 297399439
808 937826110
813 67495501
24 105432256
982 45590264
127 343301131
979 454437895
237 124789743
827 490174161
9 471287551
148 269885125
915 556690369
629 268941531
770 367414753
864 1708705
656 1933703
821 373060871
443 616521307
496 237112030
734 271653691
661 120057938
388 514826387
65 170367811
877 864630531
661 120249001
19 62504371
724 991203501
853 16322587
322 577363793
820 103402923
28 428856851
654 376120955
56 506927180
729 606549313
705 254524341
667 142618645
30 132325480
772 383533941
284 459860626
229 311137139
659 46060161
3 57020811
371 156817521
196 510251050
920 15574065
819 320972433
375 473168032
340 246000247
469 63516411
65 42283726
731 11027581
214 301463565
183 635605629
677 29757089
639 24725431
500 742083076
185 147182191
712 27609176
974 283410772
873 268021183
665 411200103
856 336564241
171 428939581
272 117907066
574 288587251
721 210885621
586 98990225
197 748250113
472 4180730
895 69023067
422 203098565
273 229651045
16 56245141
266 5785009
278 1130605
194 733583787
522 92084164
977 236401089
117 780653974
874 72505399
295 47072797
138 87528533
57 232896196
543 779634241
38 42323853
817 72862362
891 389744983
91 647679748
637 551952856
359 30248321
416 31901731
293 765542331
300 471081801
166 263148159
558 6402241
481 32786524
627 582459032
130 82113361
227 333800299
883 214414641
92 186534165
266 465846326
401 5409609
754 289566645
362 803163556
863 664894821
726 315239926
963 49739066
875 398084545
940 37819489
11 532853011
99 667013121
12 27979237
792 408759903
761 81388891
529 218622011
436 5527201
472 145451265
388 208280368
987 13580841
251 458988551
496 261353409
506 690642254
857 56290465
243 263506555
724 14860993
749 128462761
152 194618633
6 247352869
402 760904672
433 116450776
144 888502465
753 883044206
675 177251155
886 167156122
887 221637396
697 559620607
498 185929635
841 66912257
167 28913776
269 546646843
892 144626241
560 131491738
150 498141037
492 904208761
329 343140993
636 350220913
269 7873453
895 203403817
330 175553900
587 377020017
820 255597707
185 276505566
532 38191769
45 956584877
756 33078561
53 511810966
996 21007603
726 143251801
757 647797636
968 577075441
395 597141721
982 27449311
146 46720556
401 65351248
708 614835411
356 100544596
257 683483893
341 15090353
52 31635439
257 291293569
295 925156354
70 393569516
577 388378103
620 350426791
532 183368514
838 88163881
391 18603291
209 71135051
3 167254263
16 72684217
335 100431416
295 425686013
822 348614902
760 794303379
281 90009601
496 15757600
167 457635937
604 147807155
236 761395773
755 11357149
66 4341241
929 47060711
372 159934721
385 48000481
505 132025701
986 539104083
435 437017509
948 30460288
280 1911529
381 61133112
275 176612088
342 139289671
443 17855407
656 294300469
532 848115753
471 101323879
349 492564161
548 811190057
97 314529282
744 473936278
954 236700532
639 7321360
991 15100489
440 251182631
55 53079509
992 465472451
201 197455849
828 303632119
945 5120494
310 68562843
190 244952433
59 213719689
444 273778221
465 43732621
469 19765117
658 109749655
822 208180621
309 470053811
490 183283131
149 39976552
899 465745411
299 600287533
97 137336277
430 27914701
226 43427128
481 357034761
243 109209870
210 364870725
232 687281673
44 34383161
671 699642017
241 513206128
563 828324393
220 787058296
291 531617679
70 370666446
954 69297696
593 498152292
154 8719403
816 21318191
931 619132549
668 721053217
161 372884842
143 896511168
630 81155083
616 61694826
765 583257481
554 733268481
377 120149065
945 255160561
528 78516865
799 66480261
731 364609935
501 32631067
548 142170481
899 501424153
709 5306754
546 303449644
527 96862017
52 5468175
949 563461597
679 6395071
976 238026205
973 726857973
717 316243157
991 30689576
17 149997631
354 203662394
13 8106351
202 365744864
646 6648835
132 211165187
645 432807377
950 25057733
709 361057095
702 846753335
885 31734681
581 253274860
446 638837266
327 293916561
897 398042969
552 15347109
693 167606947
394 999975535
687 69750686
556 385611545
606 678462900
557 279867324
171 829158374
162 713353705
224 102291976
870 23782837
333 49385817
37 712615969
286 380326273
411 406237492
289 46645381
263 205381
210 116298281
579 420990871
24 272197817
852 700183345
588 506912459
256 171987361
126 52028114
739 422359424
186 406644577
248 39226817
380 217676416
721 523673781
103 279940664
972 62123071
630 146476516
792 322035967
921 213503562
15 310151026
976 66490501
263 140661066
118 395299765
250 689289328
573 346075693
955 155146225
431 816107216
351 468321351
816 81172657
790 186338077
280 599708961
300 529044451
831 622391284
589 697720897
471 2396611
617 148518614
917 79159411
40 470940989
532 32144442
405 233242709
327 258393441
165 299175515
200 273015537
413 30988501
41 181004626
629 169866873
504 321165499
214 219864017
738 487221477
178 59628568
708 32570799
861 126102773
477 395102705
584 242002021
108 126762145
796 469720497
394 360704791
323 18642253
266 260610021
839 159793716
661 603935
377 674100001
46 98053651
118 67155801
878 285891371
905 85813921
118 30620271
533 93869257
217 9229057
419 788162490
437 684576746
994 333331795
647 13820101
202 128004406
383 800578179
254 240431201
701 6088629
286 190311225
289 520566551
287 262361451
595 177963769
766 187792827
502 104441377
20 24245101
831 161904476
869 313123291
704 174336093
514 463117591
259 404490906
747 246231745
643 306899740
798 242198246
197 131964065
631 168431361
777 259166575
851 6396503
415 293909196
155 448216059
801 380779951
902 136343197
982 187789841
344 125055449
905 20666215
711 278843951
7 110481881
835 623603501
391 157037127
874 257843305
719 124990336
607 30871601
507 73639576
390 13462741
793 23760481
924 16763197
79 147761961
933 262687451
46 139586287
935 217775819
209 7963983
229 316595158
312 31883958
19 300777601
961 124833031
509 413850746
888 502841628
545 117103129
375 167246598
683 325934801
409 10253629
363 753203599
887 748204746
28 245640241
404 367039681
862 269785198
175 163053682
517 150066069
6 22949221
128 28795285
672 40224601
34 67168384
359 693859713
199 31619740
76 7607321
228 143593377
909 749509607
795 449691
703 9276927
391 94299426
961 18231751
526 701044681
569 22682869
964 146210643
608 106279897
707 722431865
411 554984700
675 584358775
725 89316410
804 350688986
81 305128435
68 281209501
276 335070331
328 3569707
71 53554541
728 171457471
739 79350265
644 27246622
663 359472576
571 116026626
157 82120827
920 307035337
930 915515161
76 4201825
415 101644305
597 84055413
629 303223269
776 345227479
198 534591481
605 43297174
966 298098373
842 60652963
17 21143089
82 275235527
904 40047809
783 273930421
188 191508001
459 147539557
747 72952457
584 512846254
68 14438881
795 17000161
311 45527111
736 852634537
114 69814141
164 13567676
539 375841261
545 161594317
306 379270018
827 818574865
889 285444496
769 18226949
27 42033961
901 511172905
125 289435609
2 316216251
276 39436426
498 241024384
134 497182877
210 312432199
902 425242997
888 623985229
181 506942969
319 103494216
949 343179345
435 22131961
204 101865507
950 77748342
75 76067956
466 8920401
672 474545293
413 8878653
878 576388567
829 385156640
658 9038695
847 282219953
1 504667397
829 845578011
498 316231569
767 10668603
561 114008965
11 250390882
85 603851047
280 76586392
329 175845163
533 123691015
778 42453217
164 577216201
937 256425553
62 3844795
968 113470885
978 46672326
938 37191273
957 37412866
682 179626063
973 28326353
398 965597
344 106739206
102 324812236
2 296338705
206 221889427
465 207985681
218 444501853
689 46668091
643 645752053
609 202781573
48 135716945
599 623255311
769 82019697
756 57953125
180 391322825
179 275600971
25 403285261
652 395403949
52 151211201
239 154712353
759 33851847
825 149641633
895 690880884
32 566148745
452 196809823
841 737188411
681 602272459
729 415938769
980 248954784
204 296685649
366 231739552
612 26314784
763 16043053
802 685064305
638 223658257
210 71017178
500 584457995
504 758853497
673 501297495
828 310071511
754 201727828
72 465528403
123 147188161
394 97382461
395 89782573
528 737933671
377 139743841
308 328641067
282 472521405
438 18918373
68 731202773
54 24100668
460 458385861
633 424160139
814 3963103
664 486610273
245 350286593
618 570283693
467 273761821
918 86683123
612 179873530
796 189917371
618 125650523
93 342802111
813 35664721
194 662230897
28 867052501
350 274976083
862 22906521
711 8336581
349 300868377
831 16339769
900 657289921
546 1610929
625 228187312
671 9005811
607 28569865
203 52554091
369 43162321
642 581063460
283 819639199
984 925852936
518 781047181
102 150855808
793 43164946
589 47154463
821 36338275
308 80923863
805 91604701
35 141638785
156 32999425
433 498646553
938 65454311
751 119520213
380 111478156
462 22996687
683 70735761
61 2589011
593 47592001
631 308525955
875 194452999
990 88135681
582 200250311
585 174776403
368 75096001
55 994479205
476 16756201
839 22148652
580 265508167
683 611927173
692 777094991
253 25164217
45 129846747
300 63533897
427 272035905
262 834789745
101 257334574
101 125034785
534 564636497
490 119438334
684 115642255
962 360538345
990 245504001
435 489139977
204 241306794
859 291436545
86 542651409
586 435225489
38 204613592
182 229383908
59 94438576
604 252620239
340 144409601
788 228641143
732 141345601
98 413876633
511 137179261
783 79022895
467 304750780
273 765236303
706 5079229
649 456702303
442 290497425
798 601489549
415 185088577
856 141841727
993 216310348
382 9338115
409 742338209
192 62632991
823 3371837
164 12372793
337 17384527
200 43755201
312 156445906
587 26933481
181 505987849
457 233313537
727 27886151
214 84946821
910 334658932
956 256581308
100 345050126
717 342365369
273 657613721
403 163616401
183 382357983
499 133632357
817 8811365
609 577818415
333 222077845
389 54326977
827 373362265
397 988189561
739 73202406
124 425433841
378 62256899
821 674944161
58 267427553
350 112848049
956 188198281
895 146826691
818 17353801
865 85946385
981 350638957
941 91645177
946 212959069
753 9605601
315 17673231
193 286811524
14 153281437
684 303529501
930 379643383
782 284110117
722 141191152
227 441320601
905 708284053
905 302315827
575 136991763
499 346832591
301 15009109
878 152479237
380 357391747
803 223650550
996 362490961
695 253458415
191 117172433
128 743182774
677 180513337
986 11806845
332 82496486
487 6311498
199 428853828
554 341240901
206 494990497
554 401182398
199 5929457
377 116494609
52 56875231
302 49468483
38 198661415
563 31935001
221 6516265
523 158706211
795 309685762
149 42335161
111 9594001
821 12263304
917 271078279
143 264302871
341 212185769
466 109980919
347 13566309
791 27909249
159 427998621
404 9678111
256 782565871
159 64589161
967 90800101
361 100016797
961 235567245
609 690773587
473 92488687
920 63544240
810 342717173
361 581988935
163 39338785
238 660549927
176 476386651
555 146178937
197 553134082
409 151852261
696 268508261
302 3757513
643 289532321
539 32914351
32 617563281
313 472431720
625 5998507
995 573613023
204 14671279
348 126844684
703 372441301
888 183913833
941 408675462
9 432053893
790 245879050
815 862741441
93 711297569
484 321052051
489 749350384
959 674255395
406 3554161
872 267173117
8 33165315
442 195437269
676 880829151
748 358445129
889 483903658
813 650562417
928 186834222
220 161997621
359 508993066
378 340243849
150 33151
996 9598513
368 58188821
733 3183101
2 514539325
386 384251362
962 534953953
214 641006353
647 31803325
226 199513041
374 24875726
70 2963929
592 547474753
431 2462097
569 419848980
629 88648438
907 201007249
375 192367792
207 3244840
714 179236757
323 46296829
656 534198953
104 35573338
419 101916930
365 332291128
994 398465142
911 97835561
831 159404059
766 252856891
348 92750365
689 38566147
858 39506720
179 693395281
3 555744263
436 755036745
152 103167257
432 522898801
479 364585809
761 704596634
141 258835681
37 23709856
327 896106241
91 238729921
739 94737931
719 535063621
272 475444981
968 387564521
708 7674283
155 597253834
80 432849961
359 41706133
771 166243081
321 161475901
465 233116681
107 766662651
653 321024161
198 28224741
156 502774840
712 417589225
661 84149253
138 630198992
539 488937296
676 226484287
928 399583109
76 65147409
996 28302041
751 499353091
269 107773195
347 360859602
561 171515959
70 9974065
480 68704539
919 221867388
516 494367571
148 644238307
976 316439505
32 57088449
283 297882685
331 405215380
654 91737444
669 278572673
231 659882669
907 439149075
393 140197618
375 14997001
803 797128641
232 671291197
448 232744673
175 211385791
370 229430851
329 345931561
326 637850015
325 749853651
89 5335066
750 300120460
940 215927990
516 92953587
494 581607305
169 22852361
138 76642512
907 10646920
601 417866989
41 596973665
671 506221
285 438533825
665 130613537
331 97699484
443 180452393
75 437407399
841 187135243
874 318493527
803 104111173
264 168671921
932 824459925
905 510734287
428 280161361
526 554622816
566 544199265
871 235555169
378 242244185
47 742964535
84 373203649
827 59433065
434 350623873
135 72906131
454 70280887
216 332514565
214 141895881
225 286557090
491 271038691
874 229177705
937 537340423
799 34267801
957 219164889
2 135279640
891 224774257
342 73893945
30 136144180
215 424232929
230 2753785
761 531094785
250 45980821
758 193376296
225 205142968
277 76530591
134 499873317
899 87115769
381 57195475
413 170866379
