267
772
232
479
311
529
307
430
472
678
400
715
718
711
411
483
885
70
363
425
18
300
774
690
512
697
236
645
857
69
425
103
665
44
896
628
55
996
226
981
826
15
480
142
203
96
529
224
113
805
595
540
743
390
641
65
359
487
981
1004
152
764
42
370
410
80
360
861
257
846
346
492
877
474
892
360
304
561
423
1023
861
999
360
742
846
103
676
712
786
534
1012
746
519
755
292
402
94
844
1020
563
187
852
833
543
159
965
456
361
904
17
52
354
487
188
456
967
111
928
964
979
270
363
158
199
738
469
103
23
412
727
678
363
285
1012
762
685
514
955
129
737
327
124
799
169
677
875
475
180
995
343
524
179
166
753
64
673
730
537
1003
273
282
112
399
67
777
743
771
126
662
628
450
396
580
674
520
163
982
109
933
595
106
949
393
407
694
872
957
313
781
13
33
693
126
622
247
945
788
833
457
112
66
870
906
437
847
648
678
18
434
641
382
966
641
515
939
534
851
460
412
216
437
530
578
402
742
700
979
598
381
266
705
641
871
721
625
728
383
615
166
700
744
364
839
653
269
746
59
573
313
617
858
632
94
423
394
978
798
148
260
593
585
848
602
750
443
530
897
425
995
397
442
499
150
1016
376
24
716
440
995
385
829
973
83
521
914
890
454
505
89
594
733
733
118
43
697
165
588
761
393
823
106
972
383
367
247
854
987
644
195
139
733
184
740
728
929
424
726
269
595
720
299
199
678
158
90
644
903
1014
404
535
856
626
854
999
479
504
49
107
258
332
714
749
674
599
538
523
37
572
333
422
228
898
580
819
718
525
655
84
9
807
297
902
405
110
590
764
649
349
876
401
954
463
440
205
86
26
605
76
900
662
578
470
338
185
235
951
516
258
523
506
175
853
480
116
727
239
742
658
423
368
57
117
369
729
893
239
611
1008
410
1014
588
218
53
65
335
658
650
805
19
586
119
397
311
96
232
645
910
323
145
24
215
5
560
968
573
462
465
724
519
415
444
564
460
317
886
136
528
176
816
436
686
513
650
869
783
331
152
845
789
307
142
296
59
409
801
549
908
919
425
464
83
1011
304
378
693
971
111
199
166
433
800
724
924
600
181
777
357
594
792
235
500
12
42
870
587
807
150
1003
1005
808
231
42
897
558
682
116
817
882
741
629
217
750
462
2
472
450
677
797
966
264
21
482
872
12
167
159
906
907
861
290
654
980
4
845
717
546
640
715
82
148
265
32
573
213
1012
946
1013
431
161
275
177
679
843
894
417
863
519
34
1022
234
37
745
175
1001
447
135
619
434
552
322
589
758
666
26
159
459
836
423
183
263
435
4
918
398
556
108
889
541
961
492
976
28
550
619
439
219
31
689
714
138
545
482
858
588
718
693
648
10
748
612
571
828
978
66
812
430
875
537
784
16
78
12
401
55
236
24
522
673
302
141
695
208
123
292
727
817
26
376
910
427
903
58
129
264
731
211
607
187
935
931
849
928
996
313
643
436
89
904
781
758
579
91
827
901
44
340
285
510
652
621
128
502
566
240
216
948
82
444
948
118
735
798
738
554
425
567
841
384
999
994
187
30
640
551
230
127
138
642
453
782
538
164
455
727
259
873
575
552
471
194
943
114
282
605
711
442
825
638
126
105
137
228
737
513
412
451
243
337
1019
276
76
359
224
19
238
441
809
606
466
595
400
269
861
130
305
483
799
994
315
132
515
368
525
850
48
594
118
774
137
621
132
876
674
154
447
138
23
353
840
246
438
216
673
907
798
755
285
936
945
1013
841
104
497
128
905
1008
614
105
206
540
190
950
336
626
243
55
747
405
881
890
775
32
620
574
934
276
54
276
176
759
643
846
332
59
953
788
11
663
41
706
426
878
829
15
9
884
582
74
153
201
317
223
339
604
1009
48
699
344
927
670
14
755
139
974
199
299
29
133
304
626
991
928
698
134
354
192
367
310
909
355
675
11
323
447
359
550
729
877
637
801
412
852
861
836
501
200
799
358
696
164
232
980
734
566
587
577
192
541
625
370
82
578
415
333
8
839
371
539
659
792
161
146
916
1006
908
504
241
352
685
564
340
862
387
416
129
39
727
91
773
157
768
293
829
346
519
830
289
814
527
171
336
183
981
605
211
434
909
325
648
848
201
135
650
553
646
411
989
482
34
152
1006
590
914
163
607
1010
97
775
847
940
100
317
628
942
421
474
33
35
21
866
996
11
276
621
424
373
678
689
776
844
691
463
367
308
37
680
277
496
508
943
67
399
49
487
12
385
583
351
348
786
418
86
112
473
471
652
406
166
168
819
902
1023
231
831
352
340
605
701
731
796
222
907
1
640
540
