4228434050651050
2114217025325525
6342651075976576
3171325537988288
1585662768994144
792831384497072
396415692248536
198207846124268
99103923062134
49551961531067
148655884593202
74327942296601
222983826889804
111491913444902
55745956722451
167237870167354
83618935083677
250856805251032
125428402625516
62714201312758
31357100656379
94071301969138
47035650984569
141106952953708
70553476476854
35276738238427
105830214715282
52915107357641
158745322072924
79372661036462
39686330518231
119058991554694
59529495777347
178588487332042
89294243666021
267882730998064
133941365499032
66970682749516
33485341374758
16742670687379
50228012062138
25114006031069
75342018093208
37671009046604
18835504523302
9417752261651
28253256784954
14126628392477
42379885177432
21189942588716
10594971294358
5297485647179
15892456941538
7946228470769
23838685412308
11919342706154
5959671353077
17879014059232
8939507029616
4469753514808
2234876757404
1117438378702
558719189351
1676157568054
838078784027
2514236352082
1257118176041
3771354528124
1885677264062
942838632031
2828515896094
1414257948047
4242773844142
2121386922071
6364160766214
3182080383107
9546241149322
4773120574661
14319361723984
7159680861992
3579840430996
1789920215498
894960107749
2684880323248
1342440161624
671220080812
335610040406
167805020203
503415060610
251707530305
755122590916
377561295458
188780647729
566341943188
283170971594
141585485797
424756457392
212378228696
106189114348
53094557174
26547278587
79641835762
39820917881
119462753644
59731376822
29865688411
89597065234
44798532617
134395597852
67197798926
33598899463
100796698390
50398349195
151195047586
75597523793
226792571380
113396285690
56698142845
170094428536
85047214268
42523607134
21261803567
63785410702
31892705351
95678116054
47839058027
143517174082
71758587041
215275761124
107637880562
53818940281
161456820844
80728410422
40364205211
121092615634
60546307817
181638923452
90819461726
45409730863
136229192590
68114596295
204343788886
102171894443
306515683330
153257841665
459773524996
229886762498
114943381249
344830143748
172415071874
86207535937
258622607812
129311303906
64655651953
193966955860
96983477930
48491738965
145475216896
72737608448
36368804224
18184402112
9092201056
4546100528
2273050264
1136525132
568262566
284131283
852393850
426196925
1278590776
639295388
319647694
159823847
479471542
239735771
719207314
359603657
1078810972
539405486
269702743
809108230
404554115
1213662346
606831173
1820493520
910246760
455123380
227561690
113780845
341342536
170671268
85335634
42667817
128003452
64001726
32000863
96002590
48001295
144003886
72001943
216005830
108002915
324008746
162004373
486013120
243006560
121503280
60751640
30375820
15187910
7593955
22781866
11390933
34172800
17086400
8543200
4271600
2135800
1067900
533950
266975
800926
400463
1201390
600695
1802086
901043
2703130
1351565
4054696
2027348
1013674
506837
1520512
760256
380128
190064
95032
47516
23758
11879
35638
17819
53458
26729
80188
40094
20047
60142
30071
90214
45107
135322
67661
202984
101492
50746
25373
76120
38060
19030
9515
28546
14273
42820
21410
10705
32116
16058
8029
24088
12044
6022
3011
9034
4517
13552
6776
3388
1694
847
2542
1271
3814
1907
5722
2861
8584
4292
2146
1073
3220
1610
805
2416
1208
604
302
151
454
227
682
341
1024
512
256
128
64
32
16
8
4
2
313
